<?xml version="1.0" encoding="UTF-8"?>
<robot generator="Robot 7.4.1 (Python 3.11.0 on win32)" generated="2025-12-28T19:30:37.108950" rpa="false" schemaversion="5">
<suite id="s1" name="Tests" source="D:\JAMK\Software Testing\project\test\api-tests\tests">
<suite id="s1-s1" name="Todo Items Api" source="D:\JAMK\Software Testing\project\test\api-tests\tests\todo_items_api.robot">
<kw name="Create API Session" owner="common" type="SETUP">
<kw name="Create Session" owner="RequestsLibrary">
<msg time="2025-12-28T19:30:37.315715" level="INFO">Creating Session using : alias=api, url=http://localhost:4322, headers={},                     cookies={}, auth=None, timeout=None, proxies=None, verify=False,                     debug=0 </msg>
<arg>api</arg>
<arg>${BASE_URL}</arg>
<doc>Create Session: create a HTTP session to a server</doc>
<status status="PASS" start="2025-12-28T19:30:37.315715" elapsed="0.000000"/>
</kw>
<status status="PASS" start="2025-12-28T19:30:37.314717" elapsed="0.000998"/>
</kw>
<test id="s1-s1-t1" name="Create Update Delete Todo Item Happy Path" line="9">
<kw name="Ensure Logged In User" owner="users">
<kw name="New Random Username" owner="common">
<kw name="Generate Random String" owner="String">
<msg time="2025-12-28T19:30:37.316715" level="INFO">${rand} = tyNjBxqd8z</msg>
<var>${rand}</var>
<arg>10</arg>
<arg>[LETTERS][NUMBERS]</arg>
<doc>Generates a string with a desired ``length`` from the given ``chars``.</doc>
<status status="PASS" start="2025-12-28T19:30:37.316715" elapsed="0.000000"/>
</kw>
<return>
<value>user_${rand}</value>
<status status="PASS" start="2025-12-28T19:30:37.317715" elapsed="0.000000"/>
</return>
<msg time="2025-12-28T19:30:37.317715" level="INFO">${username} = user_tyNjBxqd8z</msg>
<var>${username}</var>
<status status="PASS" start="2025-12-28T19:30:37.316715" elapsed="0.001000"/>
</kw>
<kw name="Register" owner="users">
<kw name="Json Headers" owner="common">
<kw name="Create Dictionary" owner="BuiltIn">
<msg time="2025-12-28T19:30:37.318716" level="INFO">${h} = {'Content-Type': 'application/json'}</msg>
<var>${h}</var>
<arg>Content-Type=application/json</arg>
<doc>Creates and returns a dictionary based on the given ``items``.</doc>
<status status="PASS" start="2025-12-28T19:30:37.317715" elapsed="0.001001"/>
</kw>
<return>
<value>${h}</value>
<status status="PASS" start="2025-12-28T19:30:37.318716" elapsed="0.000000"/>
</return>
<msg time="2025-12-28T19:30:37.318716" level="INFO">${headers} = {'Content-Type': 'application/json'}</msg>
<var>${headers}</var>
<status status="PASS" start="2025-12-28T19:30:37.317715" elapsed="0.001001"/>
</kw>
<kw name="Create Dictionary" owner="BuiltIn">
<msg time="2025-12-28T19:30:37.319715" level="INFO">${payload} = {'username': 'user_tyNjBxqd8z', 'password': 'Secret123!'}</msg>
<var>${payload}</var>
<arg>username=${username}</arg>
<arg>password=${password}</arg>
<doc>Creates and returns a dictionary based on the given ``items``.</doc>
<status status="PASS" start="2025-12-28T19:30:37.318716" elapsed="0.000999"/>
</kw>
<kw name="POST On Session" owner="RequestsLibrary">
<msg time="2025-12-28T19:30:37.645098" level="INFO">POST Request : url=http://localhost:4322/api/users/ 
 path_url=/api/users/ 
 headers={'User-Agent': 'python-requests/2.32.5', 'Accept-Encoding': 'gzip, deflate', 'Accept': '*/*', 'Connection': 'keep-alive', 'Content-Type': 'application/json', 'Content-Length': '57'} 
 body=b'{"username": "user_tyNjBxqd8z", "password": "Secret123!"}' 
 </msg>
<msg time="2025-12-28T19:30:37.645098" level="INFO">POST Response : url=http://localhost:4322/api/users/ 
 status=200, reason=OK 
 headers={'date': 'Sun, 28 Dec 2025 17:30:37 GMT', 'server': 'uvicorn', 'content-length': '376', 'content-type': 'application/json'} 
 body={"userId":189,"username":"user_tyNjBxqd8z","accessToken":"eyJhbGciOiJIUzI1NiIsInR5cCI6IkpXVCJ9.eyJ1c2VyX2lkIjoxODksInVzZXJuYW1lIjoidXNlcl90eU5qQnhxZDh6IiwiZXhwIjoxNzY3MDI5NDM3fQ.yTx64Nn2N4gaJNhwy1cShP_XyMX2DNa2zl0MB5XyURY","refreshToken":"eyJhbGciOiJIUzI1NiIsInR5cCI6IkpXVCJ9.eyJzdWIiOiJyZWZyZXNoX3Rva2VuIiwiZXhwIjoxNzY5NTM1MDM3fQ.f0ntE8xRYOn1joXdm-zN-zwRyEs1SIgVaFk7wN6pwtc"} 
 </msg>
<msg time="2025-12-28T19:30:37.645650" level="INFO">${resp} = &lt;Response [200]&gt;</msg>
<var>${resp}</var>
<arg>api</arg>
<arg>${API_PREFIX}/users/</arg>
<arg>json=${payload}</arg>
<arg>headers=${headers}</arg>
<doc>Sends a POST request on a previously created HTTP Session.</doc>
<status status="PASS" start="2025-12-28T19:30:37.319715" elapsed="0.325935"/>
</kw>
<return>
<value>${resp}</value>
<status status="PASS" start="2025-12-28T19:30:37.645650" elapsed="0.000000"/>
</return>
<msg time="2025-12-28T19:30:37.645650" level="INFO">${reg} = &lt;Response [200]&gt;</msg>
<var>${reg}</var>
<arg>${username}</arg>
<arg>${password}</arg>
<status status="PASS" start="2025-12-28T19:30:37.317715" elapsed="0.327935"/>
</kw>
<kw name="Should Be Equal As Integers" owner="BuiltIn">
<msg time="2025-12-28T19:30:37.646701" level="INFO">Argument types are:
&lt;class 'int'&gt;
&lt;class 'str'&gt;</msg>
<arg>${reg.status_code}</arg>
<arg>200</arg>
<doc>Fails if objects are unequal after converting them to integers.</doc>
<status status="PASS" start="2025-12-28T19:30:37.645650" elapsed="0.001051"/>
</kw>
<kw name="Login" owner="users">
<kw name="Json Headers" owner="common">
<kw name="Create Dictionary" owner="BuiltIn">
<msg time="2025-12-28T19:30:37.648702" level="INFO">${h} = {'Content-Type': 'application/json'}</msg>
<var>${h}</var>
<arg>Content-Type=application/json</arg>
<doc>Creates and returns a dictionary based on the given ``items``.</doc>
<status status="PASS" start="2025-12-28T19:30:37.648702" elapsed="0.000000"/>
</kw>
<return>
<value>${h}</value>
<status status="PASS" start="2025-12-28T19:30:37.648702" elapsed="0.000000"/>
</return>
<msg time="2025-12-28T19:30:37.648702" level="INFO">${headers} = {'Content-Type': 'application/json'}</msg>
<var>${headers}</var>
<status status="PASS" start="2025-12-28T19:30:37.647700" elapsed="0.001002"/>
</kw>
<kw name="Create Dictionary" owner="BuiltIn">
<msg time="2025-12-28T19:30:37.649687" level="INFO">${payload} = {'username': 'user_tyNjBxqd8z', 'password': 'Secret123!'}</msg>
<var>${payload}</var>
<arg>username=${username}</arg>
<arg>password=${password}</arg>
<doc>Creates and returns a dictionary based on the given ``items``.</doc>
<status status="PASS" start="2025-12-28T19:30:37.649687" elapsed="0.000000"/>
</kw>
<kw name="POST On Session" owner="RequestsLibrary">
<msg time="2025-12-28T19:30:37.840320" level="INFO">POST Request : url=http://localhost:4322/api/users/login 
 path_url=/api/users/login 
 headers={'User-Agent': 'python-requests/2.32.5', 'Accept-Encoding': 'gzip, deflate', 'Accept': '*/*', 'Connection': 'keep-alive', 'Content-Type': 'application/json', 'Content-Length': '57'} 
 body=b'{"username": "user_tyNjBxqd8z", "password": "Secret123!"}' 
 </msg>
<msg time="2025-12-28T19:30:37.840320" level="INFO">POST Response : url=http://localhost:4322/api/users/login 
 status=200, reason=OK 
 headers={'date': 'Sun, 28 Dec 2025 17:30:37 GMT', 'server': 'uvicorn', 'content-length': '376', 'content-type': 'application/json'} 
 body={"userId":189,"username":"user_tyNjBxqd8z","accessToken":"eyJhbGciOiJIUzI1NiIsInR5cCI6IkpXVCJ9.eyJ1c2VyX2lkIjoxODksInVzZXJuYW1lIjoidXNlcl90eU5qQnhxZDh6IiwiZXhwIjoxNzY3MDI5NDM3fQ.yTx64Nn2N4gaJNhwy1cShP_XyMX2DNa2zl0MB5XyURY","refreshToken":"eyJhbGciOiJIUzI1NiIsInR5cCI6IkpXVCJ9.eyJzdWIiOiJyZWZyZXNoX3Rva2VuIiwiZXhwIjoxNzY5NTM1MDM3fQ.f0ntE8xRYOn1joXdm-zN-zwRyEs1SIgVaFk7wN6pwtc"} 
 </msg>
<msg time="2025-12-28T19:30:37.840320" level="INFO">${resp} = &lt;Response [200]&gt;</msg>
<var>${resp}</var>
<arg>api</arg>
<arg>${API_PREFIX}/users/login</arg>
<arg>json=${payload}</arg>
<arg>headers=${headers}</arg>
<doc>Sends a POST request on a previously created HTTP Session.</doc>
<status status="PASS" start="2025-12-28T19:30:37.649687" elapsed="0.190633"/>
</kw>
<return>
<value>${resp}</value>
<status status="PASS" start="2025-12-28T19:30:37.840320" elapsed="0.000000"/>
</return>
<msg time="2025-12-28T19:30:37.840320" level="INFO">${login} = &lt;Response [200]&gt;</msg>
<var>${login}</var>
<arg>${username}</arg>
<arg>${password}</arg>
<status status="PASS" start="2025-12-28T19:30:37.647700" elapsed="0.192620"/>
</kw>
<kw name="Should Be Equal As Integers" owner="BuiltIn">
<msg time="2025-12-28T19:30:37.841364" level="INFO">Argument types are:
&lt;class 'int'&gt;
&lt;class 'str'&gt;</msg>
<arg>${login.status_code}</arg>
<arg>200</arg>
<doc>Fails if objects are unequal after converting them to integers.</doc>
<status status="PASS" start="2025-12-28T19:30:37.841364" elapsed="0.000000"/>
</kw>
<kw name="Extract Tokens" owner="users">
<kw name="Set Variable" owner="BuiltIn">
<msg time="2025-12-28T19:30:37.842365" level="INFO">${json} = {'userId': 189, 'username': 'user_tyNjBxqd8z', 'accessToken': 'eyJhbGciOiJIUzI1NiIsInR5cCI6IkpXVCJ9.eyJ1c2VyX2lkIjoxODksInVzZXJuYW1lIjoidXNlcl90eU5qQnhxZDh6IiwiZXhwIjoxNzY3MDI5NDM3fQ.yTx64Nn2N4gaJNhwy...</msg>
<var>${json}</var>
<arg>${resp.json()}</arg>
<doc>Returns the given values which can then be assigned to a variables.</doc>
<status status="PASS" start="2025-12-28T19:30:37.842365" elapsed="0.000000"/>
</kw>
<kw name="Get From Dictionary" owner="Collections">
<msg time="2025-12-28T19:30:37.842365" level="INFO">${access} = eyJhbGciOiJIUzI1NiIsInR5cCI6IkpXVCJ9.eyJ1c2VyX2lkIjoxODksInVzZXJuYW1lIjoidXNlcl90eU5qQnhxZDh6IiwiZXhwIjoxNzY3MDI5NDM3fQ.yTx64Nn2N4gaJNhwy1cShP_XyMX2DNa2zl0MB5XyURY</msg>
<var>${access}</var>
<arg>${json}</arg>
<arg>accessToken</arg>
<doc>Returns a value from the given ``dictionary`` based on the given ``key``.</doc>
<status status="PASS" start="2025-12-28T19:30:37.842365" elapsed="0.000000"/>
</kw>
<kw name="Get From Dictionary" owner="Collections">
<msg time="2025-12-28T19:30:37.843365" level="INFO">${refresh} = eyJhbGciOiJIUzI1NiIsInR5cCI6IkpXVCJ9.eyJzdWIiOiJyZWZyZXNoX3Rva2VuIiwiZXhwIjoxNzY5NTM1MDM3fQ.f0ntE8xRYOn1joXdm-zN-zwRyEs1SIgVaFk7wN6pwtc</msg>
<var>${refresh}</var>
<arg>${json}</arg>
<arg>refreshToken</arg>
<doc>Returns a value from the given ``dictionary`` based on the given ``key``.</doc>
<status status="PASS" start="2025-12-28T19:30:37.843365" elapsed="0.000000"/>
</kw>
<return>
<value>${access}</value>
<value>${refresh}</value>
<status status="PASS" start="2025-12-28T19:30:37.843365" elapsed="0.000000"/>
</return>
<msg time="2025-12-28T19:30:37.843365" level="INFO">${access} = eyJhbGciOiJIUzI1NiIsInR5cCI6IkpXVCJ9.eyJ1c2VyX2lkIjoxODksInVzZXJuYW1lIjoidXNlcl90eU5qQnhxZDh6IiwiZXhwIjoxNzY3MDI5NDM3fQ.yTx64Nn2N4gaJNhwy1cShP_XyMX2DNa2zl0MB5XyURY</msg>
<msg time="2025-12-28T19:30:37.843365" level="INFO">${refresh} = eyJhbGciOiJIUzI1NiIsInR5cCI6IkpXVCJ9.eyJzdWIiOiJyZWZyZXNoX3Rva2VuIiwiZXhwIjoxNzY5NTM1MDM3fQ.f0ntE8xRYOn1joXdm-zN-zwRyEs1SIgVaFk7wN6pwtc</msg>
<var>${access}</var>
<var>${refresh}</var>
<arg>${login}</arg>
<status status="PASS" start="2025-12-28T19:30:37.841364" elapsed="0.002001"/>
</kw>
<return>
<value>${username}</value>
<value>${access}</value>
<value>${refresh}</value>
<status status="PASS" start="2025-12-28T19:30:37.843365" elapsed="0.000000"/>
</return>
<msg time="2025-12-28T19:30:37.843365" level="INFO">${username} = user_tyNjBxqd8z</msg>
<msg time="2025-12-28T19:30:37.843365" level="INFO">${access} = eyJhbGciOiJIUzI1NiIsInR5cCI6IkpXVCJ9.eyJ1c2VyX2lkIjoxODksInVzZXJuYW1lIjoidXNlcl90eU5qQnhxZDh6IiwiZXhwIjoxNzY3MDI5NDM3fQ.yTx64Nn2N4gaJNhwy1cShP_XyMX2DNa2zl0MB5XyURY</msg>
<msg time="2025-12-28T19:30:37.843365" level="INFO">${refresh} = eyJhbGciOiJIUzI1NiIsInR5cCI6IkpXVCJ9.eyJzdWIiOiJyZWZyZXNoX3Rva2VuIiwiZXhwIjoxNzY5NTM1MDM3fQ.f0ntE8xRYOn1joXdm-zN-zwRyEs1SIgVaFk7wN6pwtc</msg>
<var>${username}</var>
<var>${access}</var>
<var>${refresh}</var>
<status status="PASS" start="2025-12-28T19:30:37.316715" elapsed="0.526650"/>
</kw>
<kw name="Create Todo List" owner="todo_lists">
<kw name="Auth Headers" owner="common">
<kw name="Create Dictionary" owner="BuiltIn">
<msg time="2025-12-28T19:30:37.845364" level="INFO">${h} = {'Content-Type': 'application/json', 'Authorization': 'Bearer eyJhbGciOiJIUzI1NiIsInR5cCI6IkpXVCJ9.eyJ1c2VyX2lkIjoxODksInVzZXJuYW1lIjoidXNlcl90eU5qQnhxZDh6IiwiZXhwIjoxNzY3MDI5NDM3fQ.yTx64Nn2N4gaJNhwy1...</msg>
<var>${h}</var>
<arg>Content-Type=application/json</arg>
<arg>Authorization=Bearer ${access_token}</arg>
<doc>Creates and returns a dictionary based on the given ``items``.</doc>
<status status="PASS" start="2025-12-28T19:30:37.844331" elapsed="0.001033"/>
</kw>
<return>
<value>${h}</value>
<status status="PASS" start="2025-12-28T19:30:37.845364" elapsed="0.000000"/>
</return>
<msg time="2025-12-28T19:30:37.845364" level="INFO">${headers} = {'Content-Type': 'application/json', 'Authorization': 'Bearer eyJhbGciOiJIUzI1NiIsInR5cCI6IkpXVCJ9.eyJ1c2VyX2lkIjoxODksInVzZXJuYW1lIjoidXNlcl90eU5qQnhxZDh6IiwiZXhwIjoxNzY3MDI5NDM3fQ.yTx64Nn2N4gaJNhwy1...</msg>
<var>${headers}</var>
<arg>${access_token}</arg>
<status status="PASS" start="2025-12-28T19:30:37.844331" elapsed="0.001033"/>
</kw>
<kw name="Create Dictionary" owner="BuiltIn">
<msg time="2025-12-28T19:30:37.845364" level="INFO">${payload} = {'name': 'Items List', 'description': 'For items'}</msg>
<var>${payload}</var>
<arg>name=${name}</arg>
<arg>description=${description}</arg>
<doc>Creates and returns a dictionary based on the given ``items``.</doc>
<status status="PASS" start="2025-12-28T19:30:37.845364" elapsed="0.000000"/>
</kw>
<kw name="POST On Session" owner="RequestsLibrary">
<msg time="2025-12-28T19:30:37.867589" level="INFO">POST Request : url=http://localhost:4322/api/todo-lists/ 
 path_url=/api/todo-lists/ 
 headers={'User-Agent': 'python-requests/2.32.5', 'Accept-Encoding': 'gzip, deflate', 'Accept': '*/*', 'Connection': 'keep-alive', 'Content-Type': 'application/json', 'Authorization': 'Bearer eyJhbGciOiJIUzI1NiIsInR5cCI6IkpXVCJ9.eyJ1c2VyX2lkIjoxODksInVzZXJuYW1lIjoidXNlcl90eU5qQnhxZDh6IiwiZXhwIjoxNzY3MDI5NDM3fQ.yTx64Nn2N4gaJNhwy1cShP_XyMX2DNa2zl0MB5XyURY', 'Content-Length': '50'} 
 body=b'{"name": "Items List", "description": "For items"}' 
 </msg>
<msg time="2025-12-28T19:30:37.868620" level="INFO">POST Response : url=http://localhost:4322/api/todo-lists/ 
 status=200, reason=OK 
 headers={'date': 'Sun, 28 Dec 2025 17:30:37 GMT', 'server': 'uvicorn', 'content-length': '199', 'content-type': 'application/json'} 
 body={"id":97,"name":"Items List","description":"For items","author":{"id":189,"username":"user_tyNjBxqd8z"},"role":"owner","created":"2025-12-28T17:30:37.849411Z","updated":"2025-12-28T17:30:37.849411Z"} 
 </msg>
<msg time="2025-12-28T19:30:37.868620" level="INFO">${resp} = &lt;Response [200]&gt;</msg>
<var>${resp}</var>
<arg>api</arg>
<arg>${API_PREFIX}/todo-lists/</arg>
<arg>json=${payload}</arg>
<arg>headers=${headers}</arg>
<doc>Sends a POST request on a previously created HTTP Session.</doc>
<status status="PASS" start="2025-12-28T19:30:37.845364" elapsed="0.023256"/>
</kw>
<return>
<value>${resp}</value>
<status status="PASS" start="2025-12-28T19:30:37.868620" elapsed="0.000000"/>
</return>
<msg time="2025-12-28T19:30:37.868620" level="INFO">${list_resp} = &lt;Response [200]&gt;</msg>
<var>${list_resp}</var>
<arg>${access}</arg>
<arg>Items List</arg>
<arg>For items</arg>
<status status="PASS" start="2025-12-28T19:30:37.844331" elapsed="0.024289"/>
</kw>
<kw name="Extract Todo List Id" owner="todo_lists">
<kw name="Set Variable" owner="BuiltIn">
<msg time="2025-12-28T19:30:37.869585" level="INFO">${json} = {'id': 97, 'name': 'Items List', 'description': 'For items', 'author': {'id': 189, 'username': 'user_tyNjBxqd8z'}, 'role': 'owner', 'created': '2025-12-28T17:30:37.849411Z', 'updated': '2025-12-28T17:...</msg>
<var>${json}</var>
<arg>${resp.json()}</arg>
<doc>Returns the given values which can then be assigned to a variables.</doc>
<status status="PASS" start="2025-12-28T19:30:37.869585" elapsed="0.000000"/>
</kw>
<kw name="Get From Dictionary" owner="Collections">
<msg time="2025-12-28T19:30:37.869585" level="INFO">${id} = 97</msg>
<var>${id}</var>
<arg>${json}</arg>
<arg>id</arg>
<doc>Returns a value from the given ``dictionary`` based on the given ``key``.</doc>
<status status="PASS" start="2025-12-28T19:30:37.869585" elapsed="0.000000"/>
</kw>
<return>
<value>${id}</value>
<status status="PASS" start="2025-12-28T19:30:37.870614" elapsed="0.000000"/>
</return>
<msg time="2025-12-28T19:30:37.870614" level="INFO">${list_id} = 97</msg>
<var>${list_id}</var>
<arg>${list_resp}</arg>
<status status="PASS" start="2025-12-28T19:30:37.868620" elapsed="0.001994"/>
</kw>
<kw name="Create Todo Item" owner="todo_items">
<kw name="Auth Headers" owner="common">
<kw name="Create Dictionary" owner="BuiltIn">
<msg time="2025-12-28T19:30:37.871614" level="INFO">${h} = {'Content-Type': 'application/json', 'Authorization': 'Bearer eyJhbGciOiJIUzI1NiIsInR5cCI6IkpXVCJ9.eyJ1c2VyX2lkIjoxODksInVzZXJuYW1lIjoidXNlcl90eU5qQnhxZDh6IiwiZXhwIjoxNzY3MDI5NDM3fQ.yTx64Nn2N4gaJNhwy1...</msg>
<var>${h}</var>
<arg>Content-Type=application/json</arg>
<arg>Authorization=Bearer ${access_token}</arg>
<doc>Creates and returns a dictionary based on the given ``items``.</doc>
<status status="PASS" start="2025-12-28T19:30:37.871614" elapsed="0.001000"/>
</kw>
<return>
<value>${h}</value>
<status status="PASS" start="2025-12-28T19:30:37.872614" elapsed="0.000000"/>
</return>
<msg time="2025-12-28T19:30:37.872614" level="INFO">${headers} = {'Content-Type': 'application/json', 'Authorization': 'Bearer eyJhbGciOiJIUzI1NiIsInR5cCI6IkpXVCJ9.eyJ1c2VyX2lkIjoxODksInVzZXJuYW1lIjoidXNlcl90eU5qQnhxZDh6IiwiZXhwIjoxNzY3MDI5NDM3fQ.yTx64Nn2N4gaJNhwy1...</msg>
<var>${headers}</var>
<arg>${access_token}</arg>
<status status="PASS" start="2025-12-28T19:30:37.871614" elapsed="0.001000"/>
</kw>
<kw name="Create Dictionary" owner="BuiltIn">
<msg time="2025-12-28T19:30:37.872614" level="INFO">${payload} = {'description': 'Buy milk'}</msg>
<var>${payload}</var>
<arg>description=${description}</arg>
<doc>Creates and returns a dictionary based on the given ``items``.</doc>
<status status="PASS" start="2025-12-28T19:30:37.872614" elapsed="0.000000"/>
</kw>
<if>
<branch type="IF" condition="'${due_date}' != '${None}'">
<kw name="Set To Dictionary" owner="Collections">
<arg>${payload}</arg>
<arg>due_date=${due_date}</arg>
<doc>Adds the given ``key_value_pairs`` and/or ``items`` to the ``dictionary``.</doc>
<status status="NOT RUN" start="2025-12-28T19:30:37.872614" elapsed="0.000000"/>
</kw>
<status status="NOT RUN" start="2025-12-28T19:30:37.872614" elapsed="0.000000"/>
</branch>
<status status="PASS" start="2025-12-28T19:30:37.872614" elapsed="0.000000"/>
</if>
<kw name="POST On Session" owner="RequestsLibrary">
<msg time="2025-12-28T19:30:37.936611" level="INFO">POST Request : url=http://localhost:4322/api/todo-lists/97/todos 
 path_url=/api/todo-lists/97/todos 
 headers={'User-Agent': 'python-requests/2.32.5', 'Accept-Encoding': 'gzip, deflate', 'Accept': '*/*', 'Connection': 'keep-alive', 'Content-Type': 'application/json', 'Authorization': 'Bearer eyJhbGciOiJIUzI1NiIsInR5cCI6IkpXVCJ9.eyJ1c2VyX2lkIjoxODksInVzZXJuYW1lIjoidXNlcl90eU5qQnhxZDh6IiwiZXhwIjoxNzY3MDI5NDM3fQ.yTx64Nn2N4gaJNhwy1cShP_XyMX2DNa2zl0MB5XyURY', 'Content-Length': '27'} 
 body=b'{"description": "Buy milk"}' 
 </msg>
<msg time="2025-12-28T19:30:37.936611" level="INFO">POST Response : url=http://localhost:4322/api/todo-lists/97/todos 
 status=200, reason=OK 
 headers={'date': 'Sun, 28 Dec 2025 17:30:37 GMT', 'server': 'uvicorn', 'content-length': '182', 'content-type': 'application/json'} 
 body={"id":10,"author_id":189,"todo_list_id":97,"description":"Buy milk","due_date":null,"completed":false,"created":"2025-12-28T17:30:37.926863Z","updated":"2025-12-28T17:30:37.926863Z"} 
 </msg>
<msg time="2025-12-28T19:30:37.937626" level="INFO">${resp} = &lt;Response [200]&gt;</msg>
<var>${resp}</var>
<arg>api</arg>
<arg>${API_PREFIX}/todo-lists/${todo_list_id}/todos</arg>
<arg>json=${payload}</arg>
<arg>headers=${headers}</arg>
<arg>expected_status=anything</arg>
<doc>Sends a POST request on a previously created HTTP Session.</doc>
<status status="PASS" start="2025-12-28T19:30:37.872614" elapsed="0.065012"/>
</kw>
<return>
<value>${resp}</value>
<status status="PASS" start="2025-12-28T19:30:37.937626" elapsed="0.000000"/>
</return>
<msg time="2025-12-28T19:30:37.937626" level="INFO">${create} = &lt;Response [200]&gt;</msg>
<var>${create}</var>
<arg>${access}</arg>
<arg>${list_id}</arg>
<arg>Buy milk</arg>
<status status="PASS" start="2025-12-28T19:30:37.870614" elapsed="0.067012"/>
</kw>
<kw name="Should Be Equal As Integers" owner="BuiltIn">
<msg time="2025-12-28T19:30:37.938584" level="INFO">Argument types are:
&lt;class 'int'&gt;
&lt;class 'str'&gt;</msg>
<arg>${create.status_code}</arg>
<arg>200</arg>
<doc>Fails if objects are unequal after converting them to integers.</doc>
<status status="PASS" start="2025-12-28T19:30:37.937626" elapsed="0.000958"/>
</kw>
<status status="PASS" start="2025-12-28T19:30:37.315715" elapsed="0.622869"/>
</test>
<test id="s1-s1-t2" name="Create Todo Item Negative Missing Description Returns 422" line="17">
<kw name="Ensure Logged In User" owner="users">
<kw name="New Random Username" owner="common">
<kw name="Generate Random String" owner="String">
<msg time="2025-12-28T19:30:37.941615" level="INFO">${rand} = rF6dyLhRaQ</msg>
<var>${rand}</var>
<arg>10</arg>
<arg>[LETTERS][NUMBERS]</arg>
<doc>Generates a string with a desired ``length`` from the given ``chars``.</doc>
<status status="PASS" start="2025-12-28T19:30:37.940605" elapsed="0.001010"/>
</kw>
<return>
<value>user_${rand}</value>
<status status="PASS" start="2025-12-28T19:30:37.941615" elapsed="0.000000"/>
</return>
<msg time="2025-12-28T19:30:37.941615" level="INFO">${username} = user_rF6dyLhRaQ</msg>
<var>${username}</var>
<status status="PASS" start="2025-12-28T19:30:37.940605" elapsed="0.001010"/>
</kw>
<kw name="Register" owner="users">
<kw name="Json Headers" owner="common">
<kw name="Create Dictionary" owner="BuiltIn">
<msg time="2025-12-28T19:30:37.942615" level="INFO">${h} = {'Content-Type': 'application/json'}</msg>
<var>${h}</var>
<arg>Content-Type=application/json</arg>
<doc>Creates and returns a dictionary based on the given ``items``.</doc>
<status status="PASS" start="2025-12-28T19:30:37.941615" elapsed="0.001000"/>
</kw>
<return>
<value>${h}</value>
<status status="PASS" start="2025-12-28T19:30:37.942615" elapsed="0.000000"/>
</return>
<msg time="2025-12-28T19:30:37.942615" level="INFO">${headers} = {'Content-Type': 'application/json'}</msg>
<var>${headers}</var>
<status status="PASS" start="2025-12-28T19:30:37.941615" elapsed="0.001000"/>
</kw>
<kw name="Create Dictionary" owner="BuiltIn">
<msg time="2025-12-28T19:30:37.942615" level="INFO">${payload} = {'username': 'user_rF6dyLhRaQ', 'password': 'Secret123!'}</msg>
<var>${payload}</var>
<arg>username=${username}</arg>
<arg>password=${password}</arg>
<doc>Creates and returns a dictionary based on the given ``items``.</doc>
<status status="PASS" start="2025-12-28T19:30:37.942615" elapsed="0.000000"/>
</kw>
<kw name="POST On Session" owner="RequestsLibrary">
<msg time="2025-12-28T19:30:38.189201" level="INFO">POST Request : url=http://localhost:4322/api/users/ 
 path_url=/api/users/ 
 headers={'User-Agent': 'python-requests/2.32.5', 'Accept-Encoding': 'gzip, deflate', 'Accept': '*/*', 'Connection': 'keep-alive', 'Content-Type': 'application/json', 'Content-Length': '57'} 
 body=b'{"username": "user_rF6dyLhRaQ", "password": "Secret123!"}' 
 </msg>
<msg time="2025-12-28T19:30:38.190233" level="INFO">POST Response : url=http://localhost:4322/api/users/ 
 status=200, reason=OK 
 headers={'date': 'Sun, 28 Dec 2025 17:30:37 GMT', 'server': 'uvicorn', 'content-length': '376', 'content-type': 'application/json'} 
 body={"userId":190,"username":"user_rF6dyLhRaQ","accessToken":"eyJhbGciOiJIUzI1NiIsInR5cCI6IkpXVCJ9.eyJ1c2VyX2lkIjoxOTAsInVzZXJuYW1lIjoidXNlcl9yRjZkeUxoUmFRIiwiZXhwIjoxNzY3MDI5NDM4fQ.4DKr6gB4lPObMunpq-KkV15fB-SfWSQ2_BPzqasCp-E","refreshToken":"eyJhbGciOiJIUzI1NiIsInR5cCI6IkpXVCJ9.eyJzdWIiOiJyZWZyZXNoX3Rva2VuIiwiZXhwIjoxNzY5NTM1MDM4fQ.VvbnK802uscUMl0hycR1ojyUSYIuW-55nyM-GvpBMCc"} 
 </msg>
<msg time="2025-12-28T19:30:38.190233" level="INFO">${resp} = &lt;Response [200]&gt;</msg>
<var>${resp}</var>
<arg>api</arg>
<arg>${API_PREFIX}/users/</arg>
<arg>json=${payload}</arg>
<arg>headers=${headers}</arg>
<doc>Sends a POST request on a previously created HTTP Session.</doc>
<status status="PASS" start="2025-12-28T19:30:37.942615" elapsed="0.247618"/>
</kw>
<return>
<value>${resp}</value>
<status status="PASS" start="2025-12-28T19:30:38.190233" elapsed="0.000000"/>
</return>
<msg time="2025-12-28T19:30:38.190233" level="INFO">${reg} = &lt;Response [200]&gt;</msg>
<var>${reg}</var>
<arg>${username}</arg>
<arg>${password}</arg>
<status status="PASS" start="2025-12-28T19:30:37.941615" elapsed="0.248618"/>
</kw>
<kw name="Should Be Equal As Integers" owner="BuiltIn">
<msg time="2025-12-28T19:30:38.191235" level="INFO">Argument types are:
&lt;class 'int'&gt;
&lt;class 'str'&gt;</msg>
<arg>${reg.status_code}</arg>
<arg>200</arg>
<doc>Fails if objects are unequal after converting them to integers.</doc>
<status status="PASS" start="2025-12-28T19:30:38.190233" elapsed="0.001002"/>
</kw>
<kw name="Login" owner="users">
<kw name="Json Headers" owner="common">
<kw name="Create Dictionary" owner="BuiltIn">
<msg time="2025-12-28T19:30:38.192256" level="INFO">${h} = {'Content-Type': 'application/json'}</msg>
<var>${h}</var>
<arg>Content-Type=application/json</arg>
<doc>Creates and returns a dictionary based on the given ``items``.</doc>
<status status="PASS" start="2025-12-28T19:30:38.191235" elapsed="0.001021"/>
</kw>
<return>
<value>${h}</value>
<status status="PASS" start="2025-12-28T19:30:38.192256" elapsed="0.000000"/>
</return>
<msg time="2025-12-28T19:30:38.192256" level="INFO">${headers} = {'Content-Type': 'application/json'}</msg>
<var>${headers}</var>
<status status="PASS" start="2025-12-28T19:30:38.191235" elapsed="0.001021"/>
</kw>
<kw name="Create Dictionary" owner="BuiltIn">
<msg time="2025-12-28T19:30:38.193232" level="INFO">${payload} = {'username': 'user_rF6dyLhRaQ', 'password': 'Secret123!'}</msg>
<var>${payload}</var>
<arg>username=${username}</arg>
<arg>password=${password}</arg>
<doc>Creates and returns a dictionary based on the given ``items``.</doc>
<status status="PASS" start="2025-12-28T19:30:38.192256" elapsed="0.000976"/>
</kw>
<kw name="POST On Session" owner="RequestsLibrary">
<msg time="2025-12-28T19:30:38.395233" level="INFO">POST Request : url=http://localhost:4322/api/users/login 
 path_url=/api/users/login 
 headers={'User-Agent': 'python-requests/2.32.5', 'Accept-Encoding': 'gzip, deflate', 'Accept': '*/*', 'Connection': 'keep-alive', 'Content-Type': 'application/json', 'Content-Length': '57'} 
 body=b'{"username": "user_rF6dyLhRaQ", "password": "Secret123!"}' 
 </msg>
<msg time="2025-12-28T19:30:38.395233" level="INFO">POST Response : url=http://localhost:4322/api/users/login 
 status=200, reason=OK 
 headers={'date': 'Sun, 28 Dec 2025 17:30:37 GMT', 'server': 'uvicorn', 'content-length': '376', 'content-type': 'application/json'} 
 body={"userId":190,"username":"user_rF6dyLhRaQ","accessToken":"eyJhbGciOiJIUzI1NiIsInR5cCI6IkpXVCJ9.eyJ1c2VyX2lkIjoxOTAsInVzZXJuYW1lIjoidXNlcl9yRjZkeUxoUmFRIiwiZXhwIjoxNzY3MDI5NDM4fQ.4DKr6gB4lPObMunpq-KkV15fB-SfWSQ2_BPzqasCp-E","refreshToken":"eyJhbGciOiJIUzI1NiIsInR5cCI6IkpXVCJ9.eyJzdWIiOiJyZWZyZXNoX3Rva2VuIiwiZXhwIjoxNzY5NTM1MDM4fQ.VvbnK802uscUMl0hycR1ojyUSYIuW-55nyM-GvpBMCc"} 
 </msg>
<msg time="2025-12-28T19:30:38.395233" level="INFO">${resp} = &lt;Response [200]&gt;</msg>
<var>${resp}</var>
<arg>api</arg>
<arg>${API_PREFIX}/users/login</arg>
<arg>json=${payload}</arg>
<arg>headers=${headers}</arg>
<doc>Sends a POST request on a previously created HTTP Session.</doc>
<status status="PASS" start="2025-12-28T19:30:38.193232" elapsed="0.202001"/>
</kw>
<return>
<value>${resp}</value>
<status status="PASS" start="2025-12-28T19:30:38.395233" elapsed="0.000000"/>
</return>
<msg time="2025-12-28T19:30:38.395233" level="INFO">${login} = &lt;Response [200]&gt;</msg>
<var>${login}</var>
<arg>${username}</arg>
<arg>${password}</arg>
<status status="PASS" start="2025-12-28T19:30:38.191235" elapsed="0.203998"/>
</kw>
<kw name="Should Be Equal As Integers" owner="BuiltIn">
<msg time="2025-12-28T19:30:38.396276" level="INFO">Argument types are:
&lt;class 'int'&gt;
&lt;class 'str'&gt;</msg>
<arg>${login.status_code}</arg>
<arg>200</arg>
<doc>Fails if objects are unequal after converting them to integers.</doc>
<status status="PASS" start="2025-12-28T19:30:38.396276" elapsed="0.000000"/>
</kw>
<kw name="Extract Tokens" owner="users">
<kw name="Set Variable" owner="BuiltIn">
<msg time="2025-12-28T19:30:38.397276" level="INFO">${json} = {'userId': 190, 'username': 'user_rF6dyLhRaQ', 'accessToken': 'eyJhbGciOiJIUzI1NiIsInR5cCI6IkpXVCJ9.eyJ1c2VyX2lkIjoxOTAsInVzZXJuYW1lIjoidXNlcl9yRjZkeUxoUmFRIiwiZXhwIjoxNzY3MDI5NDM4fQ.4DKr6gB4lPObMunpq...</msg>
<var>${json}</var>
<arg>${resp.json()}</arg>
<doc>Returns the given values which can then be assigned to a variables.</doc>
<status status="PASS" start="2025-12-28T19:30:38.397276" elapsed="0.000000"/>
</kw>
<kw name="Get From Dictionary" owner="Collections">
<msg time="2025-12-28T19:30:38.398276" level="INFO">${access} = eyJhbGciOiJIUzI1NiIsInR5cCI6IkpXVCJ9.eyJ1c2VyX2lkIjoxOTAsInVzZXJuYW1lIjoidXNlcl9yRjZkeUxoUmFRIiwiZXhwIjoxNzY3MDI5NDM4fQ.4DKr6gB4lPObMunpq-KkV15fB-SfWSQ2_BPzqasCp-E</msg>
<var>${access}</var>
<arg>${json}</arg>
<arg>accessToken</arg>
<doc>Returns a value from the given ``dictionary`` based on the given ``key``.</doc>
<status status="PASS" start="2025-12-28T19:30:38.397276" elapsed="0.001000"/>
</kw>
<kw name="Get From Dictionary" owner="Collections">
<msg time="2025-12-28T19:30:38.398276" level="INFO">${refresh} = eyJhbGciOiJIUzI1NiIsInR5cCI6IkpXVCJ9.eyJzdWIiOiJyZWZyZXNoX3Rva2VuIiwiZXhwIjoxNzY5NTM1MDM4fQ.VvbnK802uscUMl0hycR1ojyUSYIuW-55nyM-GvpBMCc</msg>
<var>${refresh}</var>
<arg>${json}</arg>
<arg>refreshToken</arg>
<doc>Returns a value from the given ``dictionary`` based on the given ``key``.</doc>
<status status="PASS" start="2025-12-28T19:30:38.398276" elapsed="0.000000"/>
</kw>
<return>
<value>${access}</value>
<value>${refresh}</value>
<status status="PASS" start="2025-12-28T19:30:38.398276" elapsed="0.000000"/>
</return>
<msg time="2025-12-28T19:30:38.398276" level="INFO">${access} = eyJhbGciOiJIUzI1NiIsInR5cCI6IkpXVCJ9.eyJ1c2VyX2lkIjoxOTAsInVzZXJuYW1lIjoidXNlcl9yRjZkeUxoUmFRIiwiZXhwIjoxNzY3MDI5NDM4fQ.4DKr6gB4lPObMunpq-KkV15fB-SfWSQ2_BPzqasCp-E</msg>
<msg time="2025-12-28T19:30:38.398276" level="INFO">${refresh} = eyJhbGciOiJIUzI1NiIsInR5cCI6IkpXVCJ9.eyJzdWIiOiJyZWZyZXNoX3Rva2VuIiwiZXhwIjoxNzY5NTM1MDM4fQ.VvbnK802uscUMl0hycR1ojyUSYIuW-55nyM-GvpBMCc</msg>
<var>${access}</var>
<var>${refresh}</var>
<arg>${login}</arg>
<status status="PASS" start="2025-12-28T19:30:38.396276" elapsed="0.002000"/>
</kw>
<return>
<value>${username}</value>
<value>${access}</value>
<value>${refresh}</value>
<status status="PASS" start="2025-12-28T19:30:38.398276" elapsed="0.000000"/>
</return>
<msg time="2025-12-28T19:30:38.399279" level="INFO">${username} = user_rF6dyLhRaQ</msg>
<msg time="2025-12-28T19:30:38.399279" level="INFO">${access} = eyJhbGciOiJIUzI1NiIsInR5cCI6IkpXVCJ9.eyJ1c2VyX2lkIjoxOTAsInVzZXJuYW1lIjoidXNlcl9yRjZkeUxoUmFRIiwiZXhwIjoxNzY3MDI5NDM4fQ.4DKr6gB4lPObMunpq-KkV15fB-SfWSQ2_BPzqasCp-E</msg>
<msg time="2025-12-28T19:30:38.399279" level="INFO">${refresh} = eyJhbGciOiJIUzI1NiIsInR5cCI6IkpXVCJ9.eyJzdWIiOiJyZWZyZXNoX3Rva2VuIiwiZXhwIjoxNzY5NTM1MDM4fQ.VvbnK802uscUMl0hycR1ojyUSYIuW-55nyM-GvpBMCc</msg>
<var>${username}</var>
<var>${access}</var>
<var>${refresh}</var>
<status status="PASS" start="2025-12-28T19:30:37.940605" elapsed="0.458674"/>
</kw>
<kw name="Create Todo List" owner="todo_lists">
<kw name="Auth Headers" owner="common">
<kw name="Create Dictionary" owner="BuiltIn">
<msg time="2025-12-28T19:30:38.400277" level="INFO">${h} = {'Content-Type': 'application/json', 'Authorization': 'Bearer eyJhbGciOiJIUzI1NiIsInR5cCI6IkpXVCJ9.eyJ1c2VyX2lkIjoxOTAsInVzZXJuYW1lIjoidXNlcl9yRjZkeUxoUmFRIiwiZXhwIjoxNzY3MDI5NDM4fQ.4DKr6gB4lPObMunpq-...</msg>
<var>${h}</var>
<arg>Content-Type=application/json</arg>
<arg>Authorization=Bearer ${access_token}</arg>
<doc>Creates and returns a dictionary based on the given ``items``.</doc>
<status status="PASS" start="2025-12-28T19:30:38.400277" elapsed="0.000000"/>
</kw>
<return>
<value>${h}</value>
<status status="PASS" start="2025-12-28T19:30:38.400277" elapsed="0.000000"/>
</return>
<msg time="2025-12-28T19:30:38.400277" level="INFO">${headers} = {'Content-Type': 'application/json', 'Authorization': 'Bearer eyJhbGciOiJIUzI1NiIsInR5cCI6IkpXVCJ9.eyJ1c2VyX2lkIjoxOTAsInVzZXJuYW1lIjoidXNlcl9yRjZkeUxoUmFRIiwiZXhwIjoxNzY3MDI5NDM4fQ.4DKr6gB4lPObMunpq-...</msg>
<var>${headers}</var>
<arg>${access_token}</arg>
<status status="PASS" start="2025-12-28T19:30:38.399279" elapsed="0.000998"/>
</kw>
<kw name="Create Dictionary" owner="BuiltIn">
<msg time="2025-12-28T19:30:38.401277" level="INFO">${payload} = {'name': 'Negative Items', 'description': 'For items'}</msg>
<var>${payload}</var>
<arg>name=${name}</arg>
<arg>description=${description}</arg>
<doc>Creates and returns a dictionary based on the given ``items``.</doc>
<status status="PASS" start="2025-12-28T19:30:38.400277" elapsed="0.001000"/>
</kw>
<kw name="POST On Session" owner="RequestsLibrary">
<msg time="2025-12-28T19:30:38.414908" level="INFO">POST Request : url=http://localhost:4322/api/todo-lists/ 
 path_url=/api/todo-lists/ 
 headers={'User-Agent': 'python-requests/2.32.5', 'Accept-Encoding': 'gzip, deflate', 'Accept': '*/*', 'Connection': 'keep-alive', 'Content-Type': 'application/json', 'Authorization': 'Bearer eyJhbGciOiJIUzI1NiIsInR5cCI6IkpXVCJ9.eyJ1c2VyX2lkIjoxOTAsInVzZXJuYW1lIjoidXNlcl9yRjZkeUxoUmFRIiwiZXhwIjoxNzY3MDI5NDM4fQ.4DKr6gB4lPObMunpq-KkV15fB-SfWSQ2_BPzqasCp-E', 'Content-Length': '54'} 
 body=b'{"name": "Negative Items", "description": "For items"}' 
 </msg>
<msg time="2025-12-28T19:30:38.414908" level="INFO">POST Response : url=http://localhost:4322/api/todo-lists/ 
 status=200, reason=OK 
 headers={'date': 'Sun, 28 Dec 2025 17:30:37 GMT', 'server': 'uvicorn', 'content-length': '203', 'content-type': 'application/json'} 
 body={"id":98,"name":"Negative Items","description":"For items","author":{"id":190,"username":"user_rF6dyLhRaQ"},"role":"owner","created":"2025-12-28T17:30:38.403519Z","updated":"2025-12-28T17:30:38.403519Z"} 
 </msg>
<msg time="2025-12-28T19:30:38.414908" level="INFO">${resp} = &lt;Response [200]&gt;</msg>
<var>${resp}</var>
<arg>api</arg>
<arg>${API_PREFIX}/todo-lists/</arg>
<arg>json=${payload}</arg>
<arg>headers=${headers}</arg>
<doc>Sends a POST request on a previously created HTTP Session.</doc>
<status status="PASS" start="2025-12-28T19:30:38.401277" elapsed="0.013631"/>
</kw>
<return>
<value>${resp}</value>
<status status="PASS" start="2025-12-28T19:30:38.414908" elapsed="0.000000"/>
</return>
<msg time="2025-12-28T19:30:38.414908" level="INFO">${list_resp} = &lt;Response [200]&gt;</msg>
<var>${list_resp}</var>
<arg>${access}</arg>
<arg>Negative Items</arg>
<arg>For items</arg>
<status status="PASS" start="2025-12-28T19:30:38.399279" elapsed="0.015629"/>
</kw>
<kw name="Extract Todo List Id" owner="todo_lists">
<kw name="Set Variable" owner="BuiltIn">
<msg time="2025-12-28T19:30:38.416907" level="INFO">${json} = {'id': 98, 'name': 'Negative Items', 'description': 'For items', 'author': {'id': 190, 'username': 'user_rF6dyLhRaQ'}, 'role': 'owner', 'created': '2025-12-28T17:30:38.403519Z', 'updated': '2025-12-28...</msg>
<var>${json}</var>
<arg>${resp.json()}</arg>
<doc>Returns the given values which can then be assigned to a variables.</doc>
<status status="PASS" start="2025-12-28T19:30:38.415912" elapsed="0.000995"/>
</kw>
<kw name="Get From Dictionary" owner="Collections">
<msg time="2025-12-28T19:30:38.416907" level="INFO">${id} = 98</msg>
<var>${id}</var>
<arg>${json}</arg>
<arg>id</arg>
<doc>Returns a value from the given ``dictionary`` based on the given ``key``.</doc>
<status status="PASS" start="2025-12-28T19:30:38.416907" elapsed="0.000000"/>
</kw>
<return>
<value>${id}</value>
<status status="PASS" start="2025-12-28T19:30:38.416907" elapsed="0.000000"/>
</return>
<msg time="2025-12-28T19:30:38.416907" level="INFO">${list_id} = 98</msg>
<var>${list_id}</var>
<arg>${list_resp}</arg>
<status status="PASS" start="2025-12-28T19:30:38.415912" elapsed="0.000995"/>
</kw>
<kw name="Auth Headers" owner="common">
<kw name="Create Dictionary" owner="BuiltIn">
<msg time="2025-12-28T19:30:38.417940" level="INFO">${h} = {'Content-Type': 'application/json', 'Authorization': 'Bearer eyJhbGciOiJIUzI1NiIsInR5cCI6IkpXVCJ9.eyJ1c2VyX2lkIjoxOTAsInVzZXJuYW1lIjoidXNlcl9yRjZkeUxoUmFRIiwiZXhwIjoxNzY3MDI5NDM4fQ.4DKr6gB4lPObMunpq-...</msg>
<var>${h}</var>
<arg>Content-Type=application/json</arg>
<arg>Authorization=Bearer ${access_token}</arg>
<doc>Creates and returns a dictionary based on the given ``items``.</doc>
<status status="PASS" start="2025-12-28T19:30:38.417940" elapsed="0.000000"/>
</kw>
<return>
<value>${h}</value>
<status status="PASS" start="2025-12-28T19:30:38.417940" elapsed="0.000000"/>
</return>
<msg time="2025-12-28T19:30:38.418985" level="INFO">${headers} = {'Content-Type': 'application/json', 'Authorization': 'Bearer eyJhbGciOiJIUzI1NiIsInR5cCI6IkpXVCJ9.eyJ1c2VyX2lkIjoxOTAsInVzZXJuYW1lIjoidXNlcl9yRjZkeUxoUmFRIiwiZXhwIjoxNzY3MDI5NDM4fQ.4DKr6gB4lPObMunpq-...</msg>
<var>${headers}</var>
<arg>${access}</arg>
<status status="PASS" start="2025-12-28T19:30:38.417940" elapsed="0.001045"/>
</kw>
<kw name="Create Dictionary" owner="BuiltIn">
<msg time="2025-12-28T19:30:38.418985" level="INFO">${payload} = {'due_date': '2025-12-31'}</msg>
<var>${payload}</var>
<arg>due_date=2025-12-31</arg>
<doc>Creates and returns a dictionary based on the given ``items``.</doc>
<status status="PASS" start="2025-12-28T19:30:38.418985" elapsed="0.000000"/>
</kw>
<kw name="POST On Session" owner="RequestsLibrary">
<msg time="2025-12-28T19:30:38.466335" level="INFO">POST Request : url=http://localhost:4322/api/todo-lists/98/todos 
 path_url=/api/todo-lists/98/todos 
 headers={'User-Agent': 'python-requests/2.32.5', 'Accept-Encoding': 'gzip, deflate', 'Accept': '*/*', 'Connection': 'keep-alive', 'Content-Type': 'application/json', 'Authorization': 'Bearer eyJhbGciOiJIUzI1NiIsInR5cCI6IkpXVCJ9.eyJ1c2VyX2lkIjoxOTAsInVzZXJuYW1lIjoidXNlcl9yRjZkeUxoUmFRIiwiZXhwIjoxNzY3MDI5NDM4fQ.4DKr6gB4lPObMunpq-KkV15fB-SfWSQ2_BPzqasCp-E', 'Content-Length': '26'} 
 body=b'{"due_date": "2025-12-31"}' 
 </msg>
<msg time="2025-12-28T19:30:38.466335" level="INFO">POST Response : url=http://localhost:4322/api/todo-lists/98/todos 
 status=422, reason=Unprocessable Entity 
 headers={'date': 'Sun, 28 Dec 2025 17:30:37 GMT', 'server': 'uvicorn', 'content-length': '128', 'content-type': 'application/json'} 
 body={"detail":"[{'type': 'missing', 'loc': ('body', 'description'), 'msg': 'Field required', 'input': {'due_date': '2025-12-31'}}]"} 
 </msg>
<msg time="2025-12-28T19:30:38.466335" level="INFO">${resp} = &lt;Response [422]&gt;</msg>
<var>${resp}</var>
<arg>api</arg>
<arg>${API_PREFIX}/todo-lists/${list_id}/todos</arg>
<arg>json=${payload}</arg>
<arg>headers=${headers}</arg>
<arg>expected_status=anything</arg>
<doc>Sends a POST request on a previously created HTTP Session.</doc>
<status status="PASS" start="2025-12-28T19:30:38.418985" elapsed="0.047350"/>
</kw>
<kw name="Should Be Equal As Integers" owner="BuiltIn">
<msg time="2025-12-28T19:30:38.467337" level="INFO">Argument types are:
&lt;class 'int'&gt;
&lt;class 'str'&gt;</msg>
<arg>${resp.status_code}</arg>
<arg>422</arg>
<doc>Fails if objects are unequal after converting them to integers.</doc>
<status status="PASS" start="2025-12-28T19:30:38.466335" elapsed="0.001002"/>
</kw>
<status status="PASS" start="2025-12-28T19:30:37.939584" elapsed="0.527753"/>
</test>
<status status="PASS" start="2025-12-28T19:30:37.144955" elapsed="1.323380"/>
</suite>
<suite id="s1-s2" name="Todo Lists Api" source="D:\JAMK\Software Testing\project\test\api-tests\tests\todo_lists_api.robot">
<kw name="Create API Session" owner="common" type="SETUP">
<kw name="Create Session" owner="RequestsLibrary">
<msg time="2025-12-28T19:30:38.477339" level="INFO">Creating Session using : alias=api, url=http://localhost:4322, headers={},                     cookies={}, auth=None, timeout=None, proxies=None, verify=False,                     debug=0 </msg>
<arg>api</arg>
<arg>${BASE_URL}</arg>
<doc>Create Session: create a HTTP session to a server</doc>
<status status="PASS" start="2025-12-28T19:30:38.477339" elapsed="0.000000"/>
</kw>
<status status="PASS" start="2025-12-28T19:30:38.476369" elapsed="0.000970"/>
</kw>
<test id="s1-s2-t1" name="Create Todo List Happy Path" line="8">
<kw name="Ensure Logged In User" owner="users">
<kw name="New Random Username" owner="common">
<kw name="Generate Random String" owner="String">
<msg time="2025-12-28T19:30:38.478337" level="INFO">${rand} = l6FDVb2nvf</msg>
<var>${rand}</var>
<arg>10</arg>
<arg>[LETTERS][NUMBERS]</arg>
<doc>Generates a string with a desired ``length`` from the given ``chars``.</doc>
<status status="PASS" start="2025-12-28T19:30:38.478337" elapsed="0.000000"/>
</kw>
<return>
<value>user_${rand}</value>
<status status="PASS" start="2025-12-28T19:30:38.479374" elapsed="0.000000"/>
</return>
<msg time="2025-12-28T19:30:38.479374" level="INFO">${username} = user_l6FDVb2nvf</msg>
<var>${username}</var>
<status status="PASS" start="2025-12-28T19:30:38.478337" elapsed="0.001037"/>
</kw>
<kw name="Register" owner="users">
<kw name="Json Headers" owner="common">
<kw name="Create Dictionary" owner="BuiltIn">
<msg time="2025-12-28T19:30:38.480375" level="INFO">${h} = {'Content-Type': 'application/json'}</msg>
<var>${h}</var>
<arg>Content-Type=application/json</arg>
<doc>Creates and returns a dictionary based on the given ``items``.</doc>
<status status="PASS" start="2025-12-28T19:30:38.479374" elapsed="0.001001"/>
</kw>
<return>
<value>${h}</value>
<status status="PASS" start="2025-12-28T19:30:38.480375" elapsed="0.000000"/>
</return>
<msg time="2025-12-28T19:30:38.480375" level="INFO">${headers} = {'Content-Type': 'application/json'}</msg>
<var>${headers}</var>
<status status="PASS" start="2025-12-28T19:30:38.479374" elapsed="0.001001"/>
</kw>
<kw name="Create Dictionary" owner="BuiltIn">
<msg time="2025-12-28T19:30:38.480375" level="INFO">${payload} = {'username': 'user_l6FDVb2nvf', 'password': 'Secret123!'}</msg>
<var>${payload}</var>
<arg>username=${username}</arg>
<arg>password=${password}</arg>
<doc>Creates and returns a dictionary based on the given ``items``.</doc>
<status status="PASS" start="2025-12-28T19:30:38.480375" elapsed="0.000000"/>
</kw>
<kw name="POST On Session" owner="RequestsLibrary">
<msg time="2025-12-28T19:30:38.683707" level="INFO">POST Request : url=http://localhost:4322/api/users/ 
 path_url=/api/users/ 
 headers={'User-Agent': 'python-requests/2.32.5', 'Accept-Encoding': 'gzip, deflate', 'Accept': '*/*', 'Connection': 'keep-alive', 'Content-Type': 'application/json', 'Content-Length': '57'} 
 body=b'{"username": "user_l6FDVb2nvf", "password": "Secret123!"}' 
 </msg>
<msg time="2025-12-28T19:30:38.683707" level="INFO">POST Response : url=http://localhost:4322/api/users/ 
 status=200, reason=OK 
 headers={'date': 'Sun, 28 Dec 2025 17:30:37 GMT', 'server': 'uvicorn', 'content-length': '376', 'content-type': 'application/json'} 
 body={"userId":191,"username":"user_l6FDVb2nvf","accessToken":"eyJhbGciOiJIUzI1NiIsInR5cCI6IkpXVCJ9.eyJ1c2VyX2lkIjoxOTEsInVzZXJuYW1lIjoidXNlcl9sNkZEVmIybnZmIiwiZXhwIjoxNzY3MDI5NDM4fQ.kuR132JDC_W6aZ9JHAuyeYE-ET-Ss1wy6SQ4cty4oi4","refreshToken":"eyJhbGciOiJIUzI1NiIsInR5cCI6IkpXVCJ9.eyJzdWIiOiJyZWZyZXNoX3Rva2VuIiwiZXhwIjoxNzY5NTM1MDM4fQ.VvbnK802uscUMl0hycR1ojyUSYIuW-55nyM-GvpBMCc"} 
 </msg>
<msg time="2025-12-28T19:30:38.683707" level="INFO">${resp} = &lt;Response [200]&gt;</msg>
<var>${resp}</var>
<arg>api</arg>
<arg>${API_PREFIX}/users/</arg>
<arg>json=${payload}</arg>
<arg>headers=${headers}</arg>
<doc>Sends a POST request on a previously created HTTP Session.</doc>
<status status="PASS" start="2025-12-28T19:30:38.480375" elapsed="0.203332"/>
</kw>
<return>
<value>${resp}</value>
<status status="PASS" start="2025-12-28T19:30:38.683707" elapsed="0.000000"/>
</return>
<msg time="2025-12-28T19:30:38.683707" level="INFO">${reg} = &lt;Response [200]&gt;</msg>
<var>${reg}</var>
<arg>${username}</arg>
<arg>${password}</arg>
<status status="PASS" start="2025-12-28T19:30:38.479374" elapsed="0.204333"/>
</kw>
<kw name="Should Be Equal As Integers" owner="BuiltIn">
<msg time="2025-12-28T19:30:38.684708" level="INFO">Argument types are:
&lt;class 'int'&gt;
&lt;class 'str'&gt;</msg>
<arg>${reg.status_code}</arg>
<arg>200</arg>
<doc>Fails if objects are unequal after converting them to integers.</doc>
<status status="PASS" start="2025-12-28T19:30:38.683707" elapsed="0.001001"/>
</kw>
<kw name="Login" owner="users">
<kw name="Json Headers" owner="common">
<kw name="Create Dictionary" owner="BuiltIn">
<msg time="2025-12-28T19:30:38.685707" level="INFO">${h} = {'Content-Type': 'application/json'}</msg>
<var>${h}</var>
<arg>Content-Type=application/json</arg>
<doc>Creates and returns a dictionary based on the given ``items``.</doc>
<status status="PASS" start="2025-12-28T19:30:38.685707" elapsed="0.000000"/>
</kw>
<return>
<value>${h}</value>
<status status="PASS" start="2025-12-28T19:30:38.685707" elapsed="0.000000"/>
</return>
<msg time="2025-12-28T19:30:38.685707" level="INFO">${headers} = {'Content-Type': 'application/json'}</msg>
<var>${headers}</var>
<status status="PASS" start="2025-12-28T19:30:38.684708" elapsed="0.000999"/>
</kw>
<kw name="Create Dictionary" owner="BuiltIn">
<msg time="2025-12-28T19:30:38.685707" level="INFO">${payload} = {'username': 'user_l6FDVb2nvf', 'password': 'Secret123!'}</msg>
<var>${payload}</var>
<arg>username=${username}</arg>
<arg>password=${password}</arg>
<doc>Creates and returns a dictionary based on the given ``items``.</doc>
<status status="PASS" start="2025-12-28T19:30:38.685707" elapsed="0.000000"/>
</kw>
<kw name="POST On Session" owner="RequestsLibrary">
<msg time="2025-12-28T19:30:38.871824" level="INFO">POST Request : url=http://localhost:4322/api/users/login 
 path_url=/api/users/login 
 headers={'User-Agent': 'python-requests/2.32.5', 'Accept-Encoding': 'gzip, deflate', 'Accept': '*/*', 'Connection': 'keep-alive', 'Content-Type': 'application/json', 'Content-Length': '57'} 
 body=b'{"username": "user_l6FDVb2nvf", "password": "Secret123!"}' 
 </msg>
<msg time="2025-12-28T19:30:38.871824" level="INFO">POST Response : url=http://localhost:4322/api/users/login 
 status=200, reason=OK 
 headers={'date': 'Sun, 28 Dec 2025 17:30:37 GMT', 'server': 'uvicorn', 'content-length': '376', 'content-type': 'application/json'} 
 body={"userId":191,"username":"user_l6FDVb2nvf","accessToken":"eyJhbGciOiJIUzI1NiIsInR5cCI6IkpXVCJ9.eyJ1c2VyX2lkIjoxOTEsInVzZXJuYW1lIjoidXNlcl9sNkZEVmIybnZmIiwiZXhwIjoxNzY3MDI5NDM4fQ.kuR132JDC_W6aZ9JHAuyeYE-ET-Ss1wy6SQ4cty4oi4","refreshToken":"eyJhbGciOiJIUzI1NiIsInR5cCI6IkpXVCJ9.eyJzdWIiOiJyZWZyZXNoX3Rva2VuIiwiZXhwIjoxNzY5NTM1MDM4fQ.VvbnK802uscUMl0hycR1ojyUSYIuW-55nyM-GvpBMCc"} 
 </msg>
<msg time="2025-12-28T19:30:38.871824" level="INFO">${resp} = &lt;Response [200]&gt;</msg>
<var>${resp}</var>
<arg>api</arg>
<arg>${API_PREFIX}/users/login</arg>
<arg>json=${payload}</arg>
<arg>headers=${headers}</arg>
<doc>Sends a POST request on a previously created HTTP Session.</doc>
<status status="PASS" start="2025-12-28T19:30:38.686707" elapsed="0.185117"/>
</kw>
<return>
<value>${resp}</value>
<status status="PASS" start="2025-12-28T19:30:38.871824" elapsed="0.000000"/>
</return>
<msg time="2025-12-28T19:30:38.871824" level="INFO">${login} = &lt;Response [200]&gt;</msg>
<var>${login}</var>
<arg>${username}</arg>
<arg>${password}</arg>
<status status="PASS" start="2025-12-28T19:30:38.684708" elapsed="0.187116"/>
</kw>
<kw name="Should Be Equal As Integers" owner="BuiltIn">
<msg time="2025-12-28T19:30:38.872855" level="INFO">Argument types are:
&lt;class 'int'&gt;
&lt;class 'str'&gt;</msg>
<arg>${login.status_code}</arg>
<arg>200</arg>
<doc>Fails if objects are unequal after converting them to integers.</doc>
<status status="PASS" start="2025-12-28T19:30:38.872855" elapsed="0.000000"/>
</kw>
<kw name="Extract Tokens" owner="users">
<kw name="Set Variable" owner="BuiltIn">
<msg time="2025-12-28T19:30:38.873856" level="INFO">${json} = {'userId': 191, 'username': 'user_l6FDVb2nvf', 'accessToken': 'eyJhbGciOiJIUzI1NiIsInR5cCI6IkpXVCJ9.eyJ1c2VyX2lkIjoxOTEsInVzZXJuYW1lIjoidXNlcl9sNkZEVmIybnZmIiwiZXhwIjoxNzY3MDI5NDM4fQ.kuR132JDC_W6aZ9JH...</msg>
<var>${json}</var>
<arg>${resp.json()}</arg>
<doc>Returns the given values which can then be assigned to a variables.</doc>
<status status="PASS" start="2025-12-28T19:30:38.872855" elapsed="0.001001"/>
</kw>
<kw name="Get From Dictionary" owner="Collections">
<msg time="2025-12-28T19:30:38.873856" level="INFO">${access} = eyJhbGciOiJIUzI1NiIsInR5cCI6IkpXVCJ9.eyJ1c2VyX2lkIjoxOTEsInVzZXJuYW1lIjoidXNlcl9sNkZEVmIybnZmIiwiZXhwIjoxNzY3MDI5NDM4fQ.kuR132JDC_W6aZ9JHAuyeYE-ET-Ss1wy6SQ4cty4oi4</msg>
<var>${access}</var>
<arg>${json}</arg>
<arg>accessToken</arg>
<doc>Returns a value from the given ``dictionary`` based on the given ``key``.</doc>
<status status="PASS" start="2025-12-28T19:30:38.873856" elapsed="0.000000"/>
</kw>
<kw name="Get From Dictionary" owner="Collections">
<msg time="2025-12-28T19:30:38.873856" level="INFO">${refresh} = eyJhbGciOiJIUzI1NiIsInR5cCI6IkpXVCJ9.eyJzdWIiOiJyZWZyZXNoX3Rva2VuIiwiZXhwIjoxNzY5NTM1MDM4fQ.VvbnK802uscUMl0hycR1ojyUSYIuW-55nyM-GvpBMCc</msg>
<var>${refresh}</var>
<arg>${json}</arg>
<arg>refreshToken</arg>
<doc>Returns a value from the given ``dictionary`` based on the given ``key``.</doc>
<status status="PASS" start="2025-12-28T19:30:38.873856" elapsed="0.000000"/>
</kw>
<return>
<value>${access}</value>
<value>${refresh}</value>
<status status="PASS" start="2025-12-28T19:30:38.874855" elapsed="0.000000"/>
</return>
<msg time="2025-12-28T19:30:38.874855" level="INFO">${access} = eyJhbGciOiJIUzI1NiIsInR5cCI6IkpXVCJ9.eyJ1c2VyX2lkIjoxOTEsInVzZXJuYW1lIjoidXNlcl9sNkZEVmIybnZmIiwiZXhwIjoxNzY3MDI5NDM4fQ.kuR132JDC_W6aZ9JHAuyeYE-ET-Ss1wy6SQ4cty4oi4</msg>
<msg time="2025-12-28T19:30:38.874855" level="INFO">${refresh} = eyJhbGciOiJIUzI1NiIsInR5cCI6IkpXVCJ9.eyJzdWIiOiJyZWZyZXNoX3Rva2VuIiwiZXhwIjoxNzY5NTM1MDM4fQ.VvbnK802uscUMl0hycR1ojyUSYIuW-55nyM-GvpBMCc</msg>
<var>${access}</var>
<var>${refresh}</var>
<arg>${login}</arg>
<status status="PASS" start="2025-12-28T19:30:38.872855" elapsed="0.002000"/>
</kw>
<return>
<value>${username}</value>
<value>${access}</value>
<value>${refresh}</value>
<status status="PASS" start="2025-12-28T19:30:38.874855" elapsed="0.000000"/>
</return>
<msg time="2025-12-28T19:30:38.874855" level="INFO">${username} = user_l6FDVb2nvf</msg>
<msg time="2025-12-28T19:30:38.874855" level="INFO">${access} = eyJhbGciOiJIUzI1NiIsInR5cCI6IkpXVCJ9.eyJ1c2VyX2lkIjoxOTEsInVzZXJuYW1lIjoidXNlcl9sNkZEVmIybnZmIiwiZXhwIjoxNzY3MDI5NDM4fQ.kuR132JDC_W6aZ9JHAuyeYE-ET-Ss1wy6SQ4cty4oi4</msg>
<msg time="2025-12-28T19:30:38.874855" level="INFO">${refresh} = eyJhbGciOiJIUzI1NiIsInR5cCI6IkpXVCJ9.eyJzdWIiOiJyZWZyZXNoX3Rva2VuIiwiZXhwIjoxNzY5NTM1MDM4fQ.VvbnK802uscUMl0hycR1ojyUSYIuW-55nyM-GvpBMCc</msg>
<var>${username}</var>
<var>${access}</var>
<var>${refresh}</var>
<status status="PASS" start="2025-12-28T19:30:38.478337" elapsed="0.396518"/>
</kw>
<kw name="Create Todo List" owner="todo_lists">
<kw name="Auth Headers" owner="common">
<kw name="Create Dictionary" owner="BuiltIn">
<msg time="2025-12-28T19:30:38.875825" level="INFO">${h} = {'Content-Type': 'application/json', 'Authorization': 'Bearer eyJhbGciOiJIUzI1NiIsInR5cCI6IkpXVCJ9.eyJ1c2VyX2lkIjoxOTEsInVzZXJuYW1lIjoidXNlcl9sNkZEVmIybnZmIiwiZXhwIjoxNzY3MDI5NDM4fQ.kuR132JDC_W6aZ9JHA...</msg>
<var>${h}</var>
<arg>Content-Type=application/json</arg>
<arg>Authorization=Bearer ${access_token}</arg>
<doc>Creates and returns a dictionary based on the given ``items``.</doc>
<status status="PASS" start="2025-12-28T19:30:38.875825" elapsed="0.000000"/>
</kw>
<return>
<value>${h}</value>
<status status="PASS" start="2025-12-28T19:30:38.875825" elapsed="0.000000"/>
</return>
<msg time="2025-12-28T19:30:38.875825" level="INFO">${headers} = {'Content-Type': 'application/json', 'Authorization': 'Bearer eyJhbGciOiJIUzI1NiIsInR5cCI6IkpXVCJ9.eyJ1c2VyX2lkIjoxOTEsInVzZXJuYW1lIjoidXNlcl9sNkZEVmIybnZmIiwiZXhwIjoxNzY3MDI5NDM4fQ.kuR132JDC_W6aZ9JHA...</msg>
<var>${headers}</var>
<arg>${access_token}</arg>
<status status="PASS" start="2025-12-28T19:30:38.875825" elapsed="0.000000"/>
</kw>
<kw name="Create Dictionary" owner="BuiltIn">
<msg time="2025-12-28T19:30:38.876855" level="INFO">${payload} = {'name': 'My List', 'description': 'Description'}</msg>
<var>${payload}</var>
<arg>name=${name}</arg>
<arg>description=${description}</arg>
<doc>Creates and returns a dictionary based on the given ``items``.</doc>
<status status="PASS" start="2025-12-28T19:30:38.876855" elapsed="0.000000"/>
</kw>
<kw name="POST On Session" owner="RequestsLibrary">
<msg time="2025-12-28T19:30:38.892429" level="INFO">POST Request : url=http://localhost:4322/api/todo-lists/ 
 path_url=/api/todo-lists/ 
 headers={'User-Agent': 'python-requests/2.32.5', 'Accept-Encoding': 'gzip, deflate', 'Accept': '*/*', 'Connection': 'keep-alive', 'Content-Type': 'application/json', 'Authorization': 'Bearer eyJhbGciOiJIUzI1NiIsInR5cCI6IkpXVCJ9.eyJ1c2VyX2lkIjoxOTEsInVzZXJuYW1lIjoidXNlcl9sNkZEVmIybnZmIiwiZXhwIjoxNzY3MDI5NDM4fQ.kuR132JDC_W6aZ9JHAuyeYE-ET-Ss1wy6SQ4cty4oi4', 'Content-Length': '49'} 
 body=b'{"name": "My List", "description": "Description"}' 
 </msg>
<msg time="2025-12-28T19:30:38.892429" level="INFO">POST Response : url=http://localhost:4322/api/todo-lists/ 
 status=200, reason=OK 
 headers={'date': 'Sun, 28 Dec 2025 17:30:38 GMT', 'server': 'uvicorn', 'content-length': '198', 'content-type': 'application/json'} 
 body={"id":99,"name":"My List","description":"Description","author":{"id":191,"username":"user_l6FDVb2nvf"},"role":"owner","created":"2025-12-28T17:30:38.879163Z","updated":"2025-12-28T17:30:38.879163Z"} 
 </msg>
<msg time="2025-12-28T19:30:38.892429" level="INFO">${resp} = &lt;Response [200]&gt;</msg>
<var>${resp}</var>
<arg>api</arg>
<arg>${API_PREFIX}/todo-lists/</arg>
<arg>json=${payload}</arg>
<arg>headers=${headers}</arg>
<doc>Sends a POST request on a previously created HTTP Session.</doc>
<status status="PASS" start="2025-12-28T19:30:38.876855" elapsed="0.015574"/>
</kw>
<return>
<value>${resp}</value>
<status status="PASS" start="2025-12-28T19:30:38.892429" elapsed="0.000000"/>
</return>
<msg time="2025-12-28T19:30:38.892429" level="INFO">${resp} = &lt;Response [200]&gt;</msg>
<var>${resp}</var>
<arg>${access}</arg>
<arg>My List</arg>
<arg>Description</arg>
<status status="PASS" start="2025-12-28T19:30:38.874855" elapsed="0.017574"/>
</kw>
<kw name="Should Be Equal As Integers" owner="BuiltIn">
<msg time="2025-12-28T19:30:38.893402" level="INFO">Argument types are:
&lt;class 'int'&gt;
&lt;class 'str'&gt;</msg>
<arg>${resp.status_code}</arg>
<arg>200</arg>
<doc>Fails if objects are unequal after converting them to integers.</doc>
<status status="PASS" start="2025-12-28T19:30:38.892429" elapsed="0.000973"/>
</kw>
<kw name="Extract Todo List Id" owner="todo_lists">
<kw name="Set Variable" owner="BuiltIn">
<msg time="2025-12-28T19:30:38.894429" level="INFO">${json} = {'id': 99, 'name': 'My List', 'description': 'Description', 'author': {'id': 191, 'username': 'user_l6FDVb2nvf'}, 'role': 'owner', 'created': '2025-12-28T17:30:38.879163Z', 'updated': '2025-12-28T17:3...</msg>
<var>${json}</var>
<arg>${resp.json()}</arg>
<doc>Returns the given values which can then be assigned to a variables.</doc>
<status status="PASS" start="2025-12-28T19:30:38.894429" elapsed="0.000000"/>
</kw>
<kw name="Get From Dictionary" owner="Collections">
<msg time="2025-12-28T19:30:38.895428" level="INFO">${id} = 99</msg>
<var>${id}</var>
<arg>${json}</arg>
<arg>id</arg>
<doc>Returns a value from the given ``dictionary`` based on the given ``key``.</doc>
<status status="PASS" start="2025-12-28T19:30:38.894429" elapsed="0.000999"/>
</kw>
<return>
<value>${id}</value>
<status status="PASS" start="2025-12-28T19:30:38.895428" elapsed="0.000000"/>
</return>
<msg time="2025-12-28T19:30:38.895428" level="INFO">${id} = 99</msg>
<var>${id}</var>
<arg>${resp}</arg>
<status status="PASS" start="2025-12-28T19:30:38.893402" elapsed="0.002026"/>
</kw>
<kw name="Should Be True" owner="BuiltIn">
<arg>${id} &gt; 0</arg>
<doc>Fails if the given condition is not true.</doc>
<status status="PASS" start="2025-12-28T19:30:38.895428" elapsed="0.000000"/>
</kw>
<status status="PASS" start="2025-12-28T19:30:38.477339" elapsed="0.419058"/>
</test>
<test id="s1-s2-t2" name="Create Todo List Negative Missing Name Returns 422" line="15">
<kw name="Ensure Logged In User" owner="users">
<kw name="New Random Username" owner="common">
<kw name="Generate Random String" owner="String">
<msg time="2025-12-28T19:30:38.898430" level="INFO">${rand} = KTJ8CasUYX</msg>
<var>${rand}</var>
<arg>10</arg>
<arg>[LETTERS][NUMBERS]</arg>
<doc>Generates a string with a desired ``length`` from the given ``chars``.</doc>
<status status="PASS" start="2025-12-28T19:30:38.898430" elapsed="0.000000"/>
</kw>
<return>
<value>user_${rand}</value>
<status status="PASS" start="2025-12-28T19:30:38.898430" elapsed="0.000000"/>
</return>
<msg time="2025-12-28T19:30:38.898430" level="INFO">${username} = user_KTJ8CasUYX</msg>
<var>${username}</var>
<status status="PASS" start="2025-12-28T19:30:38.897399" elapsed="0.001031"/>
</kw>
<kw name="Register" owner="users">
<kw name="Json Headers" owner="common">
<kw name="Create Dictionary" owner="BuiltIn">
<msg time="2025-12-28T19:30:38.899439" level="INFO">${h} = {'Content-Type': 'application/json'}</msg>
<var>${h}</var>
<arg>Content-Type=application/json</arg>
<doc>Creates and returns a dictionary based on the given ``items``.</doc>
<status status="PASS" start="2025-12-28T19:30:38.899439" elapsed="0.000000"/>
</kw>
<return>
<value>${h}</value>
<status status="PASS" start="2025-12-28T19:30:38.899439" elapsed="0.000000"/>
</return>
<msg time="2025-12-28T19:30:38.899439" level="INFO">${headers} = {'Content-Type': 'application/json'}</msg>
<var>${headers}</var>
<status status="PASS" start="2025-12-28T19:30:38.898430" elapsed="0.001009"/>
</kw>
<kw name="Create Dictionary" owner="BuiltIn">
<msg time="2025-12-28T19:30:38.899439" level="INFO">${payload} = {'username': 'user_KTJ8CasUYX', 'password': 'Secret123!'}</msg>
<var>${payload}</var>
<arg>username=${username}</arg>
<arg>password=${password}</arg>
<doc>Creates and returns a dictionary based on the given ``items``.</doc>
<status status="PASS" start="2025-12-28T19:30:38.899439" elapsed="0.000000"/>
</kw>
<kw name="POST On Session" owner="RequestsLibrary">
<msg time="2025-12-28T19:30:39.145618" level="INFO">POST Request : url=http://localhost:4322/api/users/ 
 path_url=/api/users/ 
 headers={'User-Agent': 'python-requests/2.32.5', 'Accept-Encoding': 'gzip, deflate', 'Accept': '*/*', 'Connection': 'keep-alive', 'Content-Type': 'application/json', 'Content-Length': '57'} 
 body=b'{"username": "user_KTJ8CasUYX", "password": "Secret123!"}' 
 </msg>
<msg time="2025-12-28T19:30:39.145618" level="INFO">POST Response : url=http://localhost:4322/api/users/ 
 status=200, reason=OK 
 headers={'date': 'Sun, 28 Dec 2025 17:30:38 GMT', 'server': 'uvicorn', 'content-length': '376', 'content-type': 'application/json'} 
 body={"userId":192,"username":"user_KTJ8CasUYX","accessToken":"eyJhbGciOiJIUzI1NiIsInR5cCI6IkpXVCJ9.eyJ1c2VyX2lkIjoxOTIsInVzZXJuYW1lIjoidXNlcl9LVEo4Q2FzVVlYIiwiZXhwIjoxNzY3MDI5NDM5fQ.K6YEsLba9ZzdtlA-hUbgu6UtnrsmhKFF3qDPv2KjGqM","refreshToken":"eyJhbGciOiJIUzI1NiIsInR5cCI6IkpXVCJ9.eyJzdWIiOiJyZWZyZXNoX3Rva2VuIiwiZXhwIjoxNzY5NTM1MDM5fQ.z-qiLebaMcrmYLy3kasAsoH93RfvwBtHyzW7BwhLslk"} 
 </msg>
<msg time="2025-12-28T19:30:39.145618" level="INFO">${resp} = &lt;Response [200]&gt;</msg>
<var>${resp}</var>
<arg>api</arg>
<arg>${API_PREFIX}/users/</arg>
<arg>json=${payload}</arg>
<arg>headers=${headers}</arg>
<doc>Sends a POST request on a previously created HTTP Session.</doc>
<status status="PASS" start="2025-12-28T19:30:38.900440" elapsed="0.245178"/>
</kw>
<return>
<value>${resp}</value>
<status status="PASS" start="2025-12-28T19:30:39.145618" elapsed="0.000000"/>
</return>
<msg time="2025-12-28T19:30:39.146653" level="INFO">${reg} = &lt;Response [200]&gt;</msg>
<var>${reg}</var>
<arg>${username}</arg>
<arg>${password}</arg>
<status status="PASS" start="2025-12-28T19:30:38.898430" elapsed="0.248223"/>
</kw>
<kw name="Should Be Equal As Integers" owner="BuiltIn">
<msg time="2025-12-28T19:30:39.146653" level="INFO">Argument types are:
&lt;class 'int'&gt;
&lt;class 'str'&gt;</msg>
<arg>${reg.status_code}</arg>
<arg>200</arg>
<doc>Fails if objects are unequal after converting them to integers.</doc>
<status status="PASS" start="2025-12-28T19:30:39.146653" elapsed="0.000000"/>
</kw>
<kw name="Login" owner="users">
<kw name="Json Headers" owner="common">
<kw name="Create Dictionary" owner="BuiltIn">
<msg time="2025-12-28T19:30:39.147656" level="INFO">${h} = {'Content-Type': 'application/json'}</msg>
<var>${h}</var>
<arg>Content-Type=application/json</arg>
<doc>Creates and returns a dictionary based on the given ``items``.</doc>
<status status="PASS" start="2025-12-28T19:30:39.147656" elapsed="0.000000"/>
</kw>
<return>
<value>${h}</value>
<status status="PASS" start="2025-12-28T19:30:39.147656" elapsed="0.000997"/>
</return>
<msg time="2025-12-28T19:30:39.148653" level="INFO">${headers} = {'Content-Type': 'application/json'}</msg>
<var>${headers}</var>
<status status="PASS" start="2025-12-28T19:30:39.147656" elapsed="0.000997"/>
</kw>
<kw name="Create Dictionary" owner="BuiltIn">
<msg time="2025-12-28T19:30:39.148653" level="INFO">${payload} = {'username': 'user_KTJ8CasUYX', 'password': 'Secret123!'}</msg>
<var>${payload}</var>
<arg>username=${username}</arg>
<arg>password=${password}</arg>
<doc>Creates and returns a dictionary based on the given ``items``.</doc>
<status status="PASS" start="2025-12-28T19:30:39.148653" elapsed="0.000000"/>
</kw>
<kw name="POST On Session" owner="RequestsLibrary">
<msg time="2025-12-28T19:30:39.334446" level="INFO">POST Request : url=http://localhost:4322/api/users/login 
 path_url=/api/users/login 
 headers={'User-Agent': 'python-requests/2.32.5', 'Accept-Encoding': 'gzip, deflate', 'Accept': '*/*', 'Connection': 'keep-alive', 'Content-Type': 'application/json', 'Content-Length': '57'} 
 body=b'{"username": "user_KTJ8CasUYX", "password": "Secret123!"}' 
 </msg>
<msg time="2025-12-28T19:30:39.335474" level="INFO">POST Response : url=http://localhost:4322/api/users/login 
 status=200, reason=OK 
 headers={'date': 'Sun, 28 Dec 2025 17:30:38 GMT', 'server': 'uvicorn', 'content-length': '376', 'content-type': 'application/json'} 
 body={"userId":192,"username":"user_KTJ8CasUYX","accessToken":"eyJhbGciOiJIUzI1NiIsInR5cCI6IkpXVCJ9.eyJ1c2VyX2lkIjoxOTIsInVzZXJuYW1lIjoidXNlcl9LVEo4Q2FzVVlYIiwiZXhwIjoxNzY3MDI5NDM5fQ.K6YEsLba9ZzdtlA-hUbgu6UtnrsmhKFF3qDPv2KjGqM","refreshToken":"eyJhbGciOiJIUzI1NiIsInR5cCI6IkpXVCJ9.eyJzdWIiOiJyZWZyZXNoX3Rva2VuIiwiZXhwIjoxNzY5NTM1MDM5fQ.z-qiLebaMcrmYLy3kasAsoH93RfvwBtHyzW7BwhLslk"} 
 </msg>
<msg time="2025-12-28T19:30:39.335474" level="INFO">${resp} = &lt;Response [200]&gt;</msg>
<var>${resp}</var>
<arg>api</arg>
<arg>${API_PREFIX}/users/login</arg>
<arg>json=${payload}</arg>
<arg>headers=${headers}</arg>
<doc>Sends a POST request on a previously created HTTP Session.</doc>
<status status="PASS" start="2025-12-28T19:30:39.148653" elapsed="0.186821"/>
</kw>
<return>
<value>${resp}</value>
<status status="PASS" start="2025-12-28T19:30:39.335474" elapsed="0.000000"/>
</return>
<msg time="2025-12-28T19:30:39.335474" level="INFO">${login} = &lt;Response [200]&gt;</msg>
<var>${login}</var>
<arg>${username}</arg>
<arg>${password}</arg>
<status status="PASS" start="2025-12-28T19:30:39.147656" elapsed="0.187818"/>
</kw>
<kw name="Should Be Equal As Integers" owner="BuiltIn">
<msg time="2025-12-28T19:30:39.337474" level="INFO">Argument types are:
&lt;class 'int'&gt;
&lt;class 'str'&gt;</msg>
<arg>${login.status_code}</arg>
<arg>200</arg>
<doc>Fails if objects are unequal after converting them to integers.</doc>
<status status="PASS" start="2025-12-28T19:30:39.335474" elapsed="0.002000"/>
</kw>
<kw name="Extract Tokens" owner="users">
<kw name="Set Variable" owner="BuiltIn">
<msg time="2025-12-28T19:30:39.337474" level="INFO">${json} = {'userId': 192, 'username': 'user_KTJ8CasUYX', 'accessToken': 'eyJhbGciOiJIUzI1NiIsInR5cCI6IkpXVCJ9.eyJ1c2VyX2lkIjoxOTIsInVzZXJuYW1lIjoidXNlcl9LVEo4Q2FzVVlYIiwiZXhwIjoxNzY3MDI5NDM5fQ.K6YEsLba9ZzdtlA-h...</msg>
<var>${json}</var>
<arg>${resp.json()}</arg>
<doc>Returns the given values which can then be assigned to a variables.</doc>
<status status="PASS" start="2025-12-28T19:30:39.337474" elapsed="0.000000"/>
</kw>
<kw name="Get From Dictionary" owner="Collections">
<msg time="2025-12-28T19:30:39.338477" level="INFO">${access} = eyJhbGciOiJIUzI1NiIsInR5cCI6IkpXVCJ9.eyJ1c2VyX2lkIjoxOTIsInVzZXJuYW1lIjoidXNlcl9LVEo4Q2FzVVlYIiwiZXhwIjoxNzY3MDI5NDM5fQ.K6YEsLba9ZzdtlA-hUbgu6UtnrsmhKFF3qDPv2KjGqM</msg>
<var>${access}</var>
<arg>${json}</arg>
<arg>accessToken</arg>
<doc>Returns a value from the given ``dictionary`` based on the given ``key``.</doc>
<status status="PASS" start="2025-12-28T19:30:39.338477" elapsed="0.000000"/>
</kw>
<kw name="Get From Dictionary" owner="Collections">
<msg time="2025-12-28T19:30:39.338477" level="INFO">${refresh} = eyJhbGciOiJIUzI1NiIsInR5cCI6IkpXVCJ9.eyJzdWIiOiJyZWZyZXNoX3Rva2VuIiwiZXhwIjoxNzY5NTM1MDM5fQ.z-qiLebaMcrmYLy3kasAsoH93RfvwBtHyzW7BwhLslk</msg>
<var>${refresh}</var>
<arg>${json}</arg>
<arg>refreshToken</arg>
<doc>Returns a value from the given ``dictionary`` based on the given ``key``.</doc>
<status status="PASS" start="2025-12-28T19:30:39.338477" elapsed="0.000000"/>
</kw>
<return>
<value>${access}</value>
<value>${refresh}</value>
<status status="PASS" start="2025-12-28T19:30:39.338477" elapsed="0.000000"/>
</return>
<msg time="2025-12-28T19:30:39.338477" level="INFO">${access} = eyJhbGciOiJIUzI1NiIsInR5cCI6IkpXVCJ9.eyJ1c2VyX2lkIjoxOTIsInVzZXJuYW1lIjoidXNlcl9LVEo4Q2FzVVlYIiwiZXhwIjoxNzY3MDI5NDM5fQ.K6YEsLba9ZzdtlA-hUbgu6UtnrsmhKFF3qDPv2KjGqM</msg>
<msg time="2025-12-28T19:30:39.338477" level="INFO">${refresh} = eyJhbGciOiJIUzI1NiIsInR5cCI6IkpXVCJ9.eyJzdWIiOiJyZWZyZXNoX3Rva2VuIiwiZXhwIjoxNzY5NTM1MDM5fQ.z-qiLebaMcrmYLy3kasAsoH93RfvwBtHyzW7BwhLslk</msg>
<var>${access}</var>
<var>${refresh}</var>
<arg>${login}</arg>
<status status="PASS" start="2025-12-28T19:30:39.337474" elapsed="0.001003"/>
</kw>
<return>
<value>${username}</value>
<value>${access}</value>
<value>${refresh}</value>
<status status="PASS" start="2025-12-28T19:30:39.338477" elapsed="0.000000"/>
</return>
<msg time="2025-12-28T19:30:39.338477" level="INFO">${username} = user_KTJ8CasUYX</msg>
<msg time="2025-12-28T19:30:39.338477" level="INFO">${access} = eyJhbGciOiJIUzI1NiIsInR5cCI6IkpXVCJ9.eyJ1c2VyX2lkIjoxOTIsInVzZXJuYW1lIjoidXNlcl9LVEo4Q2FzVVlYIiwiZXhwIjoxNzY3MDI5NDM5fQ.K6YEsLba9ZzdtlA-hUbgu6UtnrsmhKFF3qDPv2KjGqM</msg>
<msg time="2025-12-28T19:30:39.338477" level="INFO">${refresh} = eyJhbGciOiJIUzI1NiIsInR5cCI6IkpXVCJ9.eyJzdWIiOiJyZWZyZXNoX3Rva2VuIiwiZXhwIjoxNzY5NTM1MDM5fQ.z-qiLebaMcrmYLy3kasAsoH93RfvwBtHyzW7BwhLslk</msg>
<var>${username}</var>
<var>${access}</var>
<var>${refresh}</var>
<status status="PASS" start="2025-12-28T19:30:38.897399" elapsed="0.441078"/>
</kw>
<kw name="Auth Headers" owner="common">
<kw name="Create Dictionary" owner="BuiltIn">
<msg time="2025-12-28T19:30:39.339474" level="INFO">${h} = {'Content-Type': 'application/json', 'Authorization': 'Bearer eyJhbGciOiJIUzI1NiIsInR5cCI6IkpXVCJ9.eyJ1c2VyX2lkIjoxOTIsInVzZXJuYW1lIjoidXNlcl9LVEo4Q2FzVVlYIiwiZXhwIjoxNzY3MDI5NDM5fQ.K6YEsLba9ZzdtlA-hU...</msg>
<var>${h}</var>
<arg>Content-Type=application/json</arg>
<arg>Authorization=Bearer ${access_token}</arg>
<doc>Creates and returns a dictionary based on the given ``items``.</doc>
<status status="PASS" start="2025-12-28T19:30:39.339474" elapsed="0.000000"/>
</kw>
<return>
<value>${h}</value>
<status status="PASS" start="2025-12-28T19:30:39.339474" elapsed="0.000000"/>
</return>
<msg time="2025-12-28T19:30:39.339474" level="INFO">${headers} = {'Content-Type': 'application/json', 'Authorization': 'Bearer eyJhbGciOiJIUzI1NiIsInR5cCI6IkpXVCJ9.eyJ1c2VyX2lkIjoxOTIsInVzZXJuYW1lIjoidXNlcl9LVEo4Q2FzVVlYIiwiZXhwIjoxNzY3MDI5NDM5fQ.K6YEsLba9ZzdtlA-hU...</msg>
<var>${headers}</var>
<arg>${access}</arg>
<status status="PASS" start="2025-12-28T19:30:39.339474" elapsed="0.000000"/>
</kw>
<kw name="Create Dictionary" owner="BuiltIn">
<msg time="2025-12-28T19:30:39.341010" level="INFO">${payload} = {'description': 'No name'}</msg>
<var>${payload}</var>
<arg>description=No name</arg>
<doc>Creates and returns a dictionary based on the given ``items``.</doc>
<status status="PASS" start="2025-12-28T19:30:39.339474" elapsed="0.001536"/>
</kw>
<kw name="POST On Session" owner="RequestsLibrary">
<msg time="2025-12-28T19:30:39.346017" level="INFO">POST Request : url=http://localhost:4322/api/todo-lists/ 
 path_url=/api/todo-lists/ 
 headers={'User-Agent': 'python-requests/2.32.5', 'Accept-Encoding': 'gzip, deflate', 'Accept': '*/*', 'Connection': 'keep-alive', 'Content-Type': 'application/json', 'Authorization': 'Bearer eyJhbGciOiJIUzI1NiIsInR5cCI6IkpXVCJ9.eyJ1c2VyX2lkIjoxOTIsInVzZXJuYW1lIjoidXNlcl9LVEo4Q2FzVVlYIiwiZXhwIjoxNzY3MDI5NDM5fQ.K6YEsLba9ZzdtlA-hUbgu6UtnrsmhKFF3qDPv2KjGqM', 'Content-Length': '26'} 
 body=b'{"description": "No name"}' 
 </msg>
<msg time="2025-12-28T19:30:39.346017" level="INFO">POST Response : url=http://localhost:4322/api/todo-lists/ 
 status=422, reason=Unprocessable Entity 
 headers={'date': 'Sun, 28 Dec 2025 17:30:38 GMT', 'server': 'uvicorn', 'content-length': '121', 'content-type': 'application/json'} 
 body={"detail":"[{'type': 'missing', 'loc': ('body', 'name'), 'msg': 'Field required', 'input': {'description': 'No name'}}]"} 
 </msg>
<msg time="2025-12-28T19:30:39.347018" level="INFO">${resp} = &lt;Response [422]&gt;</msg>
<var>${resp}</var>
<arg>api</arg>
<arg>${API_PREFIX}/todo-lists/</arg>
<arg>json=${payload}</arg>
<arg>headers=${headers}</arg>
<arg>expected_status=anything</arg>
<doc>Sends a POST request on a previously created HTTP Session.</doc>
<status status="PASS" start="2025-12-28T19:30:39.341010" elapsed="0.006008"/>
</kw>
<kw name="Should Be Equal As Integers" owner="BuiltIn">
<msg time="2025-12-28T19:30:39.348056" level="INFO">Argument types are:
&lt;class 'int'&gt;
&lt;class 'str'&gt;</msg>
<arg>${resp.status_code}</arg>
<arg>422</arg>
<doc>Fails if objects are unequal after converting them to integers.</doc>
<status status="PASS" start="2025-12-28T19:30:39.347018" elapsed="0.001038"/>
</kw>
<status status="PASS" start="2025-12-28T19:30:38.897399" elapsed="0.450657"/>
</test>
<test id="s1-s2-t3" name="Find Todo Lists Happy Path" line="22">
<kw name="Ensure Logged In User" owner="users">
<kw name="New Random Username" owner="common">
<kw name="Generate Random String" owner="String">
<msg time="2025-12-28T19:30:39.350059" level="INFO">${rand} = MMy4rPIXub</msg>
<var>${rand}</var>
<arg>10</arg>
<arg>[LETTERS][NUMBERS]</arg>
<doc>Generates a string with a desired ``length`` from the given ``chars``.</doc>
<status status="PASS" start="2025-12-28T19:30:39.350059" elapsed="0.000000"/>
</kw>
<return>
<value>user_${rand}</value>
<status status="PASS" start="2025-12-28T19:30:39.350059" elapsed="0.000000"/>
</return>
<msg time="2025-12-28T19:30:39.350059" level="INFO">${username} = user_MMy4rPIXub</msg>
<var>${username}</var>
<status status="PASS" start="2025-12-28T19:30:39.350059" elapsed="0.000000"/>
</kw>
<kw name="Register" owner="users">
<kw name="Json Headers" owner="common">
<kw name="Create Dictionary" owner="BuiltIn">
<msg time="2025-12-28T19:30:39.351054" level="INFO">${h} = {'Content-Type': 'application/json'}</msg>
<var>${h}</var>
<arg>Content-Type=application/json</arg>
<doc>Creates and returns a dictionary based on the given ``items``.</doc>
<status status="PASS" start="2025-12-28T19:30:39.351054" elapsed="0.000000"/>
</kw>
<return>
<value>${h}</value>
<status status="PASS" start="2025-12-28T19:30:39.351054" elapsed="0.000000"/>
</return>
<msg time="2025-12-28T19:30:39.352057" level="INFO">${headers} = {'Content-Type': 'application/json'}</msg>
<var>${headers}</var>
<status status="PASS" start="2025-12-28T19:30:39.351054" elapsed="0.001003"/>
</kw>
<kw name="Create Dictionary" owner="BuiltIn">
<msg time="2025-12-28T19:30:39.353024" level="INFO">${payload} = {'username': 'user_MMy4rPIXub', 'password': 'Secret123!'}</msg>
<var>${payload}</var>
<arg>username=${username}</arg>
<arg>password=${password}</arg>
<doc>Creates and returns a dictionary based on the given ``items``.</doc>
<status status="PASS" start="2025-12-28T19:30:39.352057" elapsed="0.000967"/>
</kw>
<kw name="POST On Session" owner="RequestsLibrary">
<msg time="2025-12-28T19:30:39.595193" level="INFO">POST Request : url=http://localhost:4322/api/users/ 
 path_url=/api/users/ 
 headers={'User-Agent': 'python-requests/2.32.5', 'Accept-Encoding': 'gzip, deflate', 'Accept': '*/*', 'Connection': 'keep-alive', 'Content-Type': 'application/json', 'Content-Length': '57'} 
 body=b'{"username": "user_MMy4rPIXub", "password": "Secret123!"}' 
 </msg>
<msg time="2025-12-28T19:30:39.595193" level="INFO">POST Response : url=http://localhost:4322/api/users/ 
 status=200, reason=OK 
 headers={'date': 'Sun, 28 Dec 2025 17:30:38 GMT', 'server': 'uvicorn', 'content-length': '376', 'content-type': 'application/json'} 
 body={"userId":193,"username":"user_MMy4rPIXub","accessToken":"eyJhbGciOiJIUzI1NiIsInR5cCI6IkpXVCJ9.eyJ1c2VyX2lkIjoxOTMsInVzZXJuYW1lIjoidXNlcl9NTXk0clBJWHViIiwiZXhwIjoxNzY3MDI5NDM5fQ.srY5OKYMUFvZw8X_zXvOnx1mFlc2gzOqEeXIobLYpLI","refreshToken":"eyJhbGciOiJIUzI1NiIsInR5cCI6IkpXVCJ9.eyJzdWIiOiJyZWZyZXNoX3Rva2VuIiwiZXhwIjoxNzY5NTM1MDM5fQ.z-qiLebaMcrmYLy3kasAsoH93RfvwBtHyzW7BwhLslk"} 
 </msg>
<msg time="2025-12-28T19:30:39.595193" level="INFO">${resp} = &lt;Response [200]&gt;</msg>
<var>${resp}</var>
<arg>api</arg>
<arg>${API_PREFIX}/users/</arg>
<arg>json=${payload}</arg>
<arg>headers=${headers}</arg>
<doc>Sends a POST request on a previously created HTTP Session.</doc>
<status status="PASS" start="2025-12-28T19:30:39.353024" elapsed="0.242169"/>
</kw>
<return>
<value>${resp}</value>
<status status="PASS" start="2025-12-28T19:30:39.595193" elapsed="0.000000"/>
</return>
<msg time="2025-12-28T19:30:39.595193" level="INFO">${reg} = &lt;Response [200]&gt;</msg>
<var>${reg}</var>
<arg>${username}</arg>
<arg>${password}</arg>
<status status="PASS" start="2025-12-28T19:30:39.351054" elapsed="0.245646"/>
</kw>
<kw name="Should Be Equal As Integers" owner="BuiltIn">
<msg time="2025-12-28T19:30:39.596700" level="INFO">Argument types are:
&lt;class 'int'&gt;
&lt;class 'str'&gt;</msg>
<arg>${reg.status_code}</arg>
<arg>200</arg>
<doc>Fails if objects are unequal after converting them to integers.</doc>
<status status="PASS" start="2025-12-28T19:30:39.596700" elapsed="0.000000"/>
</kw>
<kw name="Login" owner="users">
<kw name="Json Headers" owner="common">
<kw name="Create Dictionary" owner="BuiltIn">
<msg time="2025-12-28T19:30:39.598708" level="INFO">${h} = {'Content-Type': 'application/json'}</msg>
<var>${h}</var>
<arg>Content-Type=application/json</arg>
<doc>Creates and returns a dictionary based on the given ``items``.</doc>
<status status="PASS" start="2025-12-28T19:30:39.597708" elapsed="0.001000"/>
</kw>
<return>
<value>${h}</value>
<status status="PASS" start="2025-12-28T19:30:39.598708" elapsed="0.000000"/>
</return>
<msg time="2025-12-28T19:30:39.598708" level="INFO">${headers} = {'Content-Type': 'application/json'}</msg>
<var>${headers}</var>
<status status="PASS" start="2025-12-28T19:30:39.597708" elapsed="0.001000"/>
</kw>
<kw name="Create Dictionary" owner="BuiltIn">
<msg time="2025-12-28T19:30:39.598708" level="INFO">${payload} = {'username': 'user_MMy4rPIXub', 'password': 'Secret123!'}</msg>
<var>${payload}</var>
<arg>username=${username}</arg>
<arg>password=${password}</arg>
<doc>Creates and returns a dictionary based on the given ``items``.</doc>
<status status="PASS" start="2025-12-28T19:30:39.598708" elapsed="0.000000"/>
</kw>
<kw name="POST On Session" owner="RequestsLibrary">
<msg time="2025-12-28T19:30:39.789880" level="INFO">POST Request : url=http://localhost:4322/api/users/login 
 path_url=/api/users/login 
 headers={'User-Agent': 'python-requests/2.32.5', 'Accept-Encoding': 'gzip, deflate', 'Accept': '*/*', 'Connection': 'keep-alive', 'Content-Type': 'application/json', 'Content-Length': '57'} 
 body=b'{"username": "user_MMy4rPIXub", "password": "Secret123!"}' 
 </msg>
<msg time="2025-12-28T19:30:39.789880" level="INFO">POST Response : url=http://localhost:4322/api/users/login 
 status=200, reason=OK 
 headers={'date': 'Sun, 28 Dec 2025 17:30:38 GMT', 'server': 'uvicorn', 'content-length': '376', 'content-type': 'application/json'} 
 body={"userId":193,"username":"user_MMy4rPIXub","accessToken":"eyJhbGciOiJIUzI1NiIsInR5cCI6IkpXVCJ9.eyJ1c2VyX2lkIjoxOTMsInVzZXJuYW1lIjoidXNlcl9NTXk0clBJWHViIiwiZXhwIjoxNzY3MDI5NDM5fQ.srY5OKYMUFvZw8X_zXvOnx1mFlc2gzOqEeXIobLYpLI","refreshToken":"eyJhbGciOiJIUzI1NiIsInR5cCI6IkpXVCJ9.eyJzdWIiOiJyZWZyZXNoX3Rva2VuIiwiZXhwIjoxNzY5NTM1MDM5fQ.z-qiLebaMcrmYLy3kasAsoH93RfvwBtHyzW7BwhLslk"} 
 </msg>
<msg time="2025-12-28T19:30:39.789880" level="INFO">${resp} = &lt;Response [200]&gt;</msg>
<var>${resp}</var>
<arg>api</arg>
<arg>${API_PREFIX}/users/login</arg>
<arg>json=${payload}</arg>
<arg>headers=${headers}</arg>
<doc>Sends a POST request on a previously created HTTP Session.</doc>
<status status="PASS" start="2025-12-28T19:30:39.599707" elapsed="0.190173"/>
</kw>
<return>
<value>${resp}</value>
<status status="PASS" start="2025-12-28T19:30:39.789880" elapsed="0.000000"/>
</return>
<msg time="2025-12-28T19:30:39.789880" level="INFO">${login} = &lt;Response [200]&gt;</msg>
<var>${login}</var>
<arg>${username}</arg>
<arg>${password}</arg>
<status status="PASS" start="2025-12-28T19:30:39.597708" elapsed="0.192172"/>
</kw>
<kw name="Should Be Equal As Integers" owner="BuiltIn">
<msg time="2025-12-28T19:30:39.790880" level="INFO">Argument types are:
&lt;class 'int'&gt;
&lt;class 'str'&gt;</msg>
<arg>${login.status_code}</arg>
<arg>200</arg>
<doc>Fails if objects are unequal after converting them to integers.</doc>
<status status="PASS" start="2025-12-28T19:30:39.789880" elapsed="0.001000"/>
</kw>
<kw name="Extract Tokens" owner="users">
<kw name="Set Variable" owner="BuiltIn">
<msg time="2025-12-28T19:30:39.790880" level="INFO">${json} = {'userId': 193, 'username': 'user_MMy4rPIXub', 'accessToken': 'eyJhbGciOiJIUzI1NiIsInR5cCI6IkpXVCJ9.eyJ1c2VyX2lkIjoxOTMsInVzZXJuYW1lIjoidXNlcl9NTXk0clBJWHViIiwiZXhwIjoxNzY3MDI5NDM5fQ.srY5OKYMUFvZw8X_z...</msg>
<var>${json}</var>
<arg>${resp.json()}</arg>
<doc>Returns the given values which can then be assigned to a variables.</doc>
<status status="PASS" start="2025-12-28T19:30:39.790880" elapsed="0.000000"/>
</kw>
<kw name="Get From Dictionary" owner="Collections">
<msg time="2025-12-28T19:30:39.791880" level="INFO">${access} = eyJhbGciOiJIUzI1NiIsInR5cCI6IkpXVCJ9.eyJ1c2VyX2lkIjoxOTMsInVzZXJuYW1lIjoidXNlcl9NTXk0clBJWHViIiwiZXhwIjoxNzY3MDI5NDM5fQ.srY5OKYMUFvZw8X_zXvOnx1mFlc2gzOqEeXIobLYpLI</msg>
<var>${access}</var>
<arg>${json}</arg>
<arg>accessToken</arg>
<doc>Returns a value from the given ``dictionary`` based on the given ``key``.</doc>
[...]
<var>${access}</var>
<var>${refresh}</var>
<arg>${login}</arg>
<status status="PASS" start="2025-12-28T19:30:42.024894" elapsed="0.001009"/>
</kw>
<return>
<value>${username}</value>
<value>${access}</value>
<value>${refresh}</value>
<status status="PASS" start="2025-12-28T19:30:42.025903" elapsed="0.000000"/>
</return>
<msg time="2025-12-28T19:30:42.026899" level="INFO">${username} = user_Wxe8XeIZxT</msg>
<msg time="2025-12-28T19:30:42.026899" level="INFO">${access} = eyJhbGciOiJIUzI1NiIsInR5cCI6IkpXVCJ9.eyJ1c2VyX2lkIjoxOTgsInVzZXJuYW1lIjoidXNlcl9XeGU4WGVJWnhUIiwiZXhwIjoxNzY3MDI5NDQyfQ.Byimam5q5sGUKGWkpjPU1dyuHVD5pI-EQmV-KC54ZOU</msg>
<msg time="2025-12-28T19:30:42.026899" level="INFO">${refresh} = eyJhbGciOiJIUzI1NiIsInR5cCI6IkpXVCJ9.eyJzdWIiOiJyZWZyZXNoX3Rva2VuIiwiZXhwIjoxNzY5NTM1MDQyfQ.Ggsd-DsOU6uGYGSIytlK3aCUymRdd1uyWJI_SGcXYgQ</msg>
<var>${username}</var>
<var>${access}</var>
<var>${refresh}</var>
<status status="PASS" start="2025-12-28T19:30:41.564735" elapsed="0.462164"/>
</kw>
<kw name="Refresh Token" owner="users">
<kw name="Json Headers" owner="common">
<kw name="Create Dictionary" owner="BuiltIn">
<msg time="2025-12-28T19:30:42.027885" level="INFO">${h} = {'Content-Type': 'application/json'}</msg>
<var>${h}</var>
<arg>Content-Type=application/json</arg>
<doc>Creates and returns a dictionary based on the given ``items``.</doc>
<status status="PASS" start="2025-12-28T19:30:42.027885" elapsed="0.000000"/>
</kw>
<return>
<value>${h}</value>
<status status="PASS" start="2025-12-28T19:30:42.027885" elapsed="0.000000"/>
</return>
<msg time="2025-12-28T19:30:42.027885" level="INFO">${headers} = {'Content-Type': 'application/json'}</msg>
<var>${headers}</var>
<status status="PASS" start="2025-12-28T19:30:42.026899" elapsed="0.000986"/>
</kw>
<kw name="Create Dictionary" owner="BuiltIn">
<msg time="2025-12-28T19:30:42.027885" level="INFO">${payload} = {'accessToken': 'eyJhbGciOiJIUzI1NiIsInR5cCI6IkpXVCJ9.eyJ1c2VyX2lkIjoxOTgsInVzZXJuYW1lIjoidXNlcl9XeGU4WGVJWnhUIiwiZXhwIjoxNzY3MDI5NDQyfQ.Byimam5q5sGUKGWkpjPU1dyuHVD5pI-EQmV-KC54ZOU', 'refreshToken': '...</msg>
<var>${payload}</var>
<arg>accessToken=${access_token}</arg>
<arg>refreshToken=${refresh_token}</arg>
<doc>Creates and returns a dictionary based on the given ``items``.</doc>
<status status="PASS" start="2025-12-28T19:30:42.027885" elapsed="0.000000"/>
</kw>
<kw name="POST On Session" owner="RequestsLibrary">
<msg time="2025-12-28T19:30:42.034449" level="INFO">POST Request : url=http://localhost:4322/api/users/refresh-token 
 path_url=/api/users/refresh-token 
 headers={'User-Agent': 'python-requests/2.32.5', 'Accept-Encoding': 'gzip, deflate', 'Accept': '*/*', 'Connection': 'keep-alive', 'Content-Type': 'application/json', 'Content-Length': '337'} 
 body=b'{"accessToken": "eyJhbGciOiJIUzI1NiIsInR5cCI6IkpXVCJ9.eyJ1c2VyX2lkIjoxOTgsInVzZXJuYW1lIjoidXNlcl9XeGU4WGVJWnhUIiwiZXhwIjoxNzY3MDI5NDQyfQ.Byimam5q5sGUKGWkpjPU1dyuHVD5pI-EQmV-KC54ZOU", "refreshToken": "eyJhbGciOiJIUzI1NiIsInR5cCI6IkpXVCJ9.eyJzdWIiOiJyZWZyZXNoX3Rva2VuIiwiZXhwIjoxNzY5NTM1MDQyfQ.Ggsd-DsOU6uGYGSIytlK3aCUymRdd1uyWJI_SGcXYgQ"}' 
 </msg>
<msg time="2025-12-28T19:30:42.034449" level="INFO">POST Response : url=http://localhost:4322/api/users/refresh-token 
 status=200, reason=OK 
 headers={'date': 'Sun, 28 Dec 2025 17:30:41 GMT', 'server': 'uvicorn', 'content-length': '376', 'content-type': 'application/json'} 
 body={"userId":198,"username":"user_Wxe8XeIZxT","accessToken":"eyJhbGciOiJIUzI1NiIsInR5cCI6IkpXVCJ9.eyJ1c2VyX2lkIjoxOTgsInVzZXJuYW1lIjoidXNlcl9XeGU4WGVJWnhUIiwiZXhwIjoxNzY3MDI5NDQyfQ.Byimam5q5sGUKGWkpjPU1dyuHVD5pI-EQmV-KC54ZOU","refreshToken":"eyJhbGciOiJIUzI1NiIsInR5cCI6IkpXVCJ9.eyJzdWIiOiJyZWZyZXNoX3Rva2VuIiwiZXhwIjoxNzY5NTM1MDQyfQ.Ggsd-DsOU6uGYGSIytlK3aCUymRdd1uyWJI_SGcXYgQ"} 
 </msg>
<msg time="2025-12-28T19:30:42.034449" level="INFO">${resp} = &lt;Response [200]&gt;</msg>
<var>${resp}</var>
<arg>api</arg>
<arg>${API_PREFIX}/users/refresh-token</arg>
<arg>json=${payload}</arg>
<arg>headers=${headers}</arg>
<doc>Sends a POST request on a previously created HTTP Session.</doc>
<status status="PASS" start="2025-12-28T19:30:42.027885" elapsed="0.006564"/>
</kw>
<return>
<value>${resp}</value>
<status status="PASS" start="2025-12-28T19:30:42.034449" elapsed="0.000000"/>
</return>
<msg time="2025-12-28T19:30:42.034449" level="INFO">${resp} = &lt;Response [200]&gt;</msg>
<var>${resp}</var>
<arg>${access}</arg>
<arg>${refresh}</arg>
<status status="PASS" start="2025-12-28T19:30:42.026899" elapsed="0.007550"/>
</kw>
<kw name="Should Be Equal As Integers" owner="BuiltIn">
<msg time="2025-12-28T19:30:42.036458" level="INFO">Argument types are:
&lt;class 'int'&gt;
&lt;class 'str'&gt;</msg>
<arg>${resp.status_code}</arg>
<arg>200</arg>
<doc>Fails if objects are unequal after converting them to integers.</doc>
<status status="PASS" start="2025-12-28T19:30:42.035458" elapsed="0.001000"/>
</kw>
<status status="PASS" start="2025-12-28T19:30:41.564106" elapsed="0.472352"/>
</test>
<test id="s1-s3-t6" name="Refresh Token Negative Missing RefreshToken Returns 422" line="39">
<kw name="Ensure Logged In User" owner="users">
<kw name="New Random Username" owner="common">
<kw name="Generate Random String" owner="String">
<msg time="2025-12-28T19:30:42.038434" level="INFO">${rand} = N2u5HdEghS</msg>
<var>${rand}</var>
<arg>10</arg>
<arg>[LETTERS][NUMBERS]</arg>
<doc>Generates a string with a desired ``length`` from the given ``chars``.</doc>
<status status="PASS" start="2025-12-28T19:30:42.038434" elapsed="0.000000"/>
</kw>
<return>
<value>user_${rand}</value>
<status status="PASS" start="2025-12-28T19:30:42.038434" elapsed="0.000000"/>
</return>
<msg time="2025-12-28T19:30:42.038434" level="INFO">${username} = user_N2u5HdEghS</msg>
<var>${username}</var>
<status status="PASS" start="2025-12-28T19:30:42.038434" elapsed="0.000000"/>
</kw>
<kw name="Register" owner="users">
<kw name="Json Headers" owner="common">
<kw name="Create Dictionary" owner="BuiltIn">
<msg time="2025-12-28T19:30:42.039431" level="INFO">${h} = {'Content-Type': 'application/json'}</msg>
<var>${h}</var>
<arg>Content-Type=application/json</arg>
<doc>Creates and returns a dictionary based on the given ``items``.</doc>
<status status="PASS" start="2025-12-28T19:30:42.039431" elapsed="0.001037"/>
</kw>
<return>
<value>${h}</value>
<status status="PASS" start="2025-12-28T19:30:42.040468" elapsed="0.000000"/>
</return>
<msg time="2025-12-28T19:30:42.040468" level="INFO">${headers} = {'Content-Type': 'application/json'}</msg>
<var>${headers}</var>
<status status="PASS" start="2025-12-28T19:30:42.039431" elapsed="0.001037"/>
</kw>
<kw name="Create Dictionary" owner="BuiltIn">
<msg time="2025-12-28T19:30:42.040468" level="INFO">${payload} = {'username': 'user_N2u5HdEghS', 'password': 'Secret123!'}</msg>
<var>${payload}</var>
<arg>username=${username}</arg>
<arg>password=${password}</arg>
<doc>Creates and returns a dictionary based on the given ``items``.</doc>
<status status="PASS" start="2025-12-28T19:30:42.040468" elapsed="0.000000"/>
</kw>
<kw name="POST On Session" owner="RequestsLibrary">
<msg time="2025-12-28T19:30:42.282064" level="INFO">POST Request : url=http://localhost:4322/api/users/ 
 path_url=/api/users/ 
 headers={'User-Agent': 'python-requests/2.32.5', 'Accept-Encoding': 'gzip, deflate', 'Accept': '*/*', 'Connection': 'keep-alive', 'Content-Type': 'application/json', 'Content-Length': '57'} 
 body=b'{"username": "user_N2u5HdEghS", "password": "Secret123!"}' 
 </msg>
<msg time="2025-12-28T19:30:42.282064" level="INFO">POST Response : url=http://localhost:4322/api/users/ 
 status=200, reason=OK 
 headers={'date': 'Sun, 28 Dec 2025 17:30:41 GMT', 'server': 'uvicorn', 'content-length': '376', 'content-type': 'application/json'} 
 body={"userId":199,"username":"user_N2u5HdEghS","accessToken":"eyJhbGciOiJIUzI1NiIsInR5cCI6IkpXVCJ9.eyJ1c2VyX2lkIjoxOTksInVzZXJuYW1lIjoidXNlcl9OMnU1SGRFZ2hTIiwiZXhwIjoxNzY3MDI5NDQyfQ.G88284clGaaZq54D8qi5Jr0LUjjuzkauiCCFCdZPzjI","refreshToken":"eyJhbGciOiJIUzI1NiIsInR5cCI6IkpXVCJ9.eyJzdWIiOiJyZWZyZXNoX3Rva2VuIiwiZXhwIjoxNzY5NTM1MDQyfQ.Ggsd-DsOU6uGYGSIytlK3aCUymRdd1uyWJI_SGcXYgQ"} 
 </msg>
<msg time="2025-12-28T19:30:42.283081" level="INFO">${resp} = &lt;Response [200]&gt;</msg>
<var>${resp}</var>
<arg>api</arg>
<arg>${API_PREFIX}/users/</arg>
<arg>json=${payload}</arg>
<arg>headers=${headers}</arg>
<doc>Sends a POST request on a previously created HTTP Session.</doc>
<status status="PASS" start="2025-12-28T19:30:42.040468" elapsed="0.242613"/>
</kw>
<return>
<value>${resp}</value>
<status status="PASS" start="2025-12-28T19:30:42.283081" elapsed="0.000000"/>
</return>
<msg time="2025-12-28T19:30:42.283081" level="INFO">${reg} = &lt;Response [200]&gt;</msg>
<var>${reg}</var>
<arg>${username}</arg>
<arg>${password}</arg>
<status status="PASS" start="2025-12-28T19:30:42.038434" elapsed="0.244647"/>
</kw>
<kw name="Should Be Equal As Integers" owner="BuiltIn">
<msg time="2025-12-28T19:30:42.284077" level="INFO">Argument types are:
&lt;class 'int'&gt;
&lt;class 'str'&gt;</msg>
<arg>${reg.status_code}</arg>
<arg>200</arg>
<doc>Fails if objects are unequal after converting them to integers.</doc>
<status status="PASS" start="2025-12-28T19:30:42.283081" elapsed="0.000996"/>
</kw>
<kw name="Login" owner="users">
<kw name="Json Headers" owner="common">
<kw name="Create Dictionary" owner="BuiltIn">
<msg time="2025-12-28T19:30:42.284077" level="INFO">${h} = {'Content-Type': 'application/json'}</msg>
<var>${h}</var>
<arg>Content-Type=application/json</arg>
<doc>Creates and returns a dictionary based on the given ``items``.</doc>
<status status="PASS" start="2025-12-28T19:30:42.284077" elapsed="0.000000"/>
</kw>
<return>
<value>${h}</value>
<status status="PASS" start="2025-12-28T19:30:42.284077" elapsed="0.000000"/>
</return>
<msg time="2025-12-28T19:30:42.285079" level="INFO">${headers} = {'Content-Type': 'application/json'}</msg>
<var>${headers}</var>
<status status="PASS" start="2025-12-28T19:30:42.284077" elapsed="0.001002"/>
</kw>
<kw name="Create Dictionary" owner="BuiltIn">
<msg time="2025-12-28T19:30:42.285079" level="INFO">${payload} = {'username': 'user_N2u5HdEghS', 'password': 'Secret123!'}</msg>
<var>${payload}</var>
<arg>username=${username}</arg>
<arg>password=${password}</arg>
<doc>Creates and returns a dictionary based on the given ``items``.</doc>
<status status="PASS" start="2025-12-28T19:30:42.285079" elapsed="0.000000"/>
</kw>
<kw name="POST On Session" owner="RequestsLibrary">
<msg time="2025-12-28T19:30:42.473341" level="INFO">POST Request : url=http://localhost:4322/api/users/login 
 path_url=/api/users/login 
 headers={'User-Agent': 'python-requests/2.32.5', 'Accept-Encoding': 'gzip, deflate', 'Accept': '*/*', 'Connection': 'keep-alive', 'Content-Type': 'application/json', 'Content-Length': '57'} 
 body=b'{"username": "user_N2u5HdEghS", "password": "Secret123!"}' 
 </msg>
<msg time="2025-12-28T19:30:42.473341" level="INFO">POST Response : url=http://localhost:4322/api/users/login 
 status=200, reason=OK 
 headers={'date': 'Sun, 28 Dec 2025 17:30:41 GMT', 'server': 'uvicorn', 'content-length': '376', 'content-type': 'application/json'} 
 body={"userId":199,"username":"user_N2u5HdEghS","accessToken":"eyJhbGciOiJIUzI1NiIsInR5cCI6IkpXVCJ9.eyJ1c2VyX2lkIjoxOTksInVzZXJuYW1lIjoidXNlcl9OMnU1SGRFZ2hTIiwiZXhwIjoxNzY3MDI5NDQyfQ.G88284clGaaZq54D8qi5Jr0LUjjuzkauiCCFCdZPzjI","refreshToken":"eyJhbGciOiJIUzI1NiIsInR5cCI6IkpXVCJ9.eyJzdWIiOiJyZWZyZXNoX3Rva2VuIiwiZXhwIjoxNzY5NTM1MDQyfQ.Ggsd-DsOU6uGYGSIytlK3aCUymRdd1uyWJI_SGcXYgQ"} 
 </msg>
<msg time="2025-12-28T19:30:42.474380" level="INFO">${resp} = &lt;Response [200]&gt;</msg>
<var>${resp}</var>
<arg>api</arg>
<arg>${API_PREFIX}/users/login</arg>
<arg>json=${payload}</arg>
<arg>headers=${headers}</arg>
<doc>Sends a POST request on a previously created HTTP Session.</doc>
<status status="PASS" start="2025-12-28T19:30:42.285079" elapsed="0.189301"/>
</kw>
<return>
<value>${resp}</value>
<status status="PASS" start="2025-12-28T19:30:42.474380" elapsed="0.000000"/>
</return>
<msg time="2025-12-28T19:30:42.474380" level="INFO">${login} = &lt;Response [200]&gt;</msg>
<var>${login}</var>
<arg>${username}</arg>
<arg>${password}</arg>
<status status="PASS" start="2025-12-28T19:30:42.284077" elapsed="0.190303"/>
</kw>
<kw name="Should Be Equal As Integers" owner="BuiltIn">
<msg time="2025-12-28T19:30:42.475382" level="INFO">Argument types are:
&lt;class 'int'&gt;
&lt;class 'str'&gt;</msg>
<arg>${login.status_code}</arg>
<arg>200</arg>
<doc>Fails if objects are unequal after converting them to integers.</doc>
<status status="PASS" start="2025-12-28T19:30:42.474380" elapsed="0.001002"/>
</kw>
<kw name="Extract Tokens" owner="users">
<kw name="Set Variable" owner="BuiltIn">
<msg time="2025-12-28T19:30:42.475382" level="INFO">${json} = {'userId': 199, 'username': 'user_N2u5HdEghS', 'accessToken': 'eyJhbGciOiJIUzI1NiIsInR5cCI6IkpXVCJ9.eyJ1c2VyX2lkIjoxOTksInVzZXJuYW1lIjoidXNlcl9OMnU1SGRFZ2hTIiwiZXhwIjoxNzY3MDI5NDQyfQ.G88284clGaaZq54D8...</msg>
<var>${json}</var>
<arg>${resp.json()}</arg>
<doc>Returns the given values which can then be assigned to a variables.</doc>
<status status="PASS" start="2025-12-28T19:30:42.475382" elapsed="0.000000"/>
</kw>
<kw name="Get From Dictionary" owner="Collections">
<msg time="2025-12-28T19:30:42.476379" level="INFO">${access} = eyJhbGciOiJIUzI1NiIsInR5cCI6IkpXVCJ9.eyJ1c2VyX2lkIjoxOTksInVzZXJuYW1lIjoidXNlcl9OMnU1SGRFZ2hTIiwiZXhwIjoxNzY3MDI5NDQyfQ.G88284clGaaZq54D8qi5Jr0LUjjuzkauiCCFCdZPzjI</msg>
<var>${access}</var>
<arg>${json}</arg>
<arg>accessToken</arg>
<doc>Returns a value from the given ``dictionary`` based on the given ``key``.</doc>
<status status="PASS" start="2025-12-28T19:30:42.476379" elapsed="0.000000"/>
</kw>
<kw name="Get From Dictionary" owner="Collections">
<msg time="2025-12-28T19:30:42.476379" level="INFO">${refresh} = eyJhbGciOiJIUzI1NiIsInR5cCI6IkpXVCJ9.eyJzdWIiOiJyZWZyZXNoX3Rva2VuIiwiZXhwIjoxNzY5NTM1MDQyfQ.Ggsd-DsOU6uGYGSIytlK3aCUymRdd1uyWJI_SGcXYgQ</msg>
<var>${refresh}</var>
<arg>${json}</arg>
<arg>refreshToken</arg>
<doc>Returns a value from the given ``dictionary`` based on the given ``key``.</doc>
<status status="PASS" start="2025-12-28T19:30:42.476379" elapsed="0.000000"/>
</kw>
<return>
<value>${access}</value>
<value>${refresh}</value>
<status status="PASS" start="2025-12-28T19:30:42.476379" elapsed="0.000000"/>
</return>
<msg time="2025-12-28T19:30:42.476379" level="INFO">${access} = eyJhbGciOiJIUzI1NiIsInR5cCI6IkpXVCJ9.eyJ1c2VyX2lkIjoxOTksInVzZXJuYW1lIjoidXNlcl9OMnU1SGRFZ2hTIiwiZXhwIjoxNzY3MDI5NDQyfQ.G88284clGaaZq54D8qi5Jr0LUjjuzkauiCCFCdZPzjI</msg>
<msg time="2025-12-28T19:30:42.476379" level="INFO">${refresh} = eyJhbGciOiJIUzI1NiIsInR5cCI6IkpXVCJ9.eyJzdWIiOiJyZWZyZXNoX3Rva2VuIiwiZXhwIjoxNzY5NTM1MDQyfQ.Ggsd-DsOU6uGYGSIytlK3aCUymRdd1uyWJI_SGcXYgQ</msg>
<var>${access}</var>
<var>${refresh}</var>
<arg>${login}</arg>
<status status="PASS" start="2025-12-28T19:30:42.475382" elapsed="0.000997"/>
</kw>
<return>
<value>${username}</value>
<value>${access}</value>
<value>${refresh}</value>
<status status="PASS" start="2025-12-28T19:30:42.476379" elapsed="0.000000"/>
</return>
<msg time="2025-12-28T19:30:42.476379" level="INFO">${username} = user_N2u5HdEghS</msg>
<msg time="2025-12-28T19:30:42.476379" level="INFO">${access} = eyJhbGciOiJIUzI1NiIsInR5cCI6IkpXVCJ9.eyJ1c2VyX2lkIjoxOTksInVzZXJuYW1lIjoidXNlcl9OMnU1SGRFZ2hTIiwiZXhwIjoxNzY3MDI5NDQyfQ.G88284clGaaZq54D8qi5Jr0LUjjuzkauiCCFCdZPzjI</msg>
<msg time="2025-12-28T19:30:42.476379" level="INFO">${refresh} = eyJhbGciOiJIUzI1NiIsInR5cCI6IkpXVCJ9.eyJzdWIiOiJyZWZyZXNoX3Rva2VuIiwiZXhwIjoxNzY5NTM1MDQyfQ.Ggsd-DsOU6uGYGSIytlK3aCUymRdd1uyWJI_SGcXYgQ</msg>
<var>${username}</var>
<var>${access}</var>
<var>${refresh}</var>
<status status="PASS" start="2025-12-28T19:30:42.037447" elapsed="0.438932"/>
</kw>
<kw name="Json Headers" owner="common">
<kw name="Create Dictionary" owner="BuiltIn">
<msg time="2025-12-28T19:30:42.477352" level="INFO">${h} = {'Content-Type': 'application/json'}</msg>
<var>${h}</var>
<arg>Content-Type=application/json</arg>
<doc>Creates and returns a dictionary based on the given ``items``.</doc>
<status status="PASS" start="2025-12-28T19:30:42.477352" elapsed="0.000000"/>
</kw>
<return>
<value>${h}</value>
<status status="PASS" start="2025-12-28T19:30:42.477352" elapsed="0.000000"/>
</return>
<msg time="2025-12-28T19:30:42.477352" level="INFO">${headers} = {'Content-Type': 'application/json'}</msg>
<var>${headers}</var>
<status status="PASS" start="2025-12-28T19:30:42.477352" elapsed="0.000000"/>
</kw>
<kw name="Create Dictionary" owner="BuiltIn">
<msg time="2025-12-28T19:30:42.478428" level="INFO">${payload} = {'accessToken': 'eyJhbGciOiJIUzI1NiIsInR5cCI6IkpXVCJ9.eyJ1c2VyX2lkIjoxOTksInVzZXJuYW1lIjoidXNlcl9OMnU1SGRFZ2hTIiwiZXhwIjoxNzY3MDI5NDQyfQ.G88284clGaaZq54D8qi5Jr0LUjjuzkauiCCFCdZPzjI'}</msg>
<var>${payload}</var>
<arg>accessToken=${access}</arg>
<doc>Creates and returns a dictionary based on the given ``items``.</doc>
<status status="PASS" start="2025-12-28T19:30:42.478428" elapsed="0.000000"/>
</kw>
<kw name="POST On Session" owner="RequestsLibrary">
<msg time="2025-12-28T19:30:42.483441" level="INFO">POST Request : url=http://localhost:4322/api/users/refresh-token 
 path_url=/api/users/refresh-token 
 headers={'User-Agent': 'python-requests/2.32.5', 'Accept-Encoding': 'gzip, deflate', 'Accept': '*/*', 'Connection': 'keep-alive', 'Content-Type': 'application/json', 'Content-Length': '182'} 
 body=b'{"accessToken": "eyJhbGciOiJIUzI1NiIsInR5cCI6IkpXVCJ9.eyJ1c2VyX2lkIjoxOTksInVzZXJuYW1lIjoidXNlcl9OMnU1SGRFZ2hTIiwiZXhwIjoxNzY3MDI5NDQyfQ.G88284clGaaZq54D8qi5Jr0LUjjuzkauiCCFCdZPzjI"}' 
 </msg>
<msg time="2025-12-28T19:30:42.483441" level="INFO">POST Response : url=http://localhost:4322/api/users/refresh-token 
 status=422, reason=Unprocessable Entity 
 headers={'date': 'Sun, 28 Dec 2025 17:30:41 GMT', 'server': 'uvicorn', 'content-length': '285', 'content-type': 'application/json'} 
 body={"detail":"[{'type': 'missing', 'loc': ('body', 'refreshToken'), 'msg': 'Field required', 'input': {'accessToken': 'eyJhbGciOiJIUzI1NiIsInR5cCI6IkpXVCJ9.eyJ1c2VyX2lkIjoxOTksInVzZXJuYW1lIjoidXNlcl9OMnU1SGRFZ2hTIiwiZXhwIjoxNzY3MDI5NDQyfQ.G88284clGaaZq54D8qi5Jr0LUjjuzkauiCCFCdZPzjI'}}]"} 
 </msg>
<msg time="2025-12-28T19:30:42.484466" level="INFO">${resp} = &lt;Response [422]&gt;</msg>
<var>${resp}</var>
<arg>api</arg>
<arg>${API_PREFIX}/users/refresh-token</arg>
<arg>json=${payload}</arg>
<arg>headers=${headers}</arg>
<arg>expected_status=anything</arg>
<doc>Sends a POST request on a previously created HTTP Session.</doc>
<status status="PASS" start="2025-12-28T19:30:42.478428" elapsed="0.006038"/>
</kw>
<kw name="Should Be Equal As Integers" owner="BuiltIn">
<msg time="2025-12-28T19:30:42.485466" level="INFO">Argument types are:
&lt;class 'int'&gt;
&lt;class 'str'&gt;</msg>
<arg>${resp.status_code}</arg>
<arg>422</arg>
<doc>Fails if objects are unequal after converting them to integers.</doc>
<status status="PASS" start="2025-12-28T19:30:42.484466" elapsed="0.001000"/>
</kw>
<status status="PASS" start="2025-12-28T19:30:42.037447" elapsed="0.448019"/>
</test>
<status status="PASS" start="2025-12-28T19:30:40.867872" elapsed="1.618564"/>
</suite>
<status status="PASS" start="2025-12-28T19:30:37.111951" elapsed="5.375499"/>
</suite>
<statistics>
<total>
<stat pass="13" fail="0" skip="0">All Tests</stat>
</total>
<tag>
</tag>
<suite>
<stat name="Tests" id="s1" pass="13" fail="0" skip="0">Tests</stat>
<stat name="Todo Items Api" id="s1-s1" pass="2" fail="0" skip="0">Tests.Todo Items Api</stat>
<stat name="Todo Lists Api" id="s1-s2" pass="5" fail="0" skip="0">Tests.Todo Lists Api</stat>
<stat name="Users Api" id="s1-s3" pass="6" fail="0" skip="0">Tests.Users Api</stat>
</suite>
</statistics>
<errors>
</errors>
</robot>
