<?xml version="1.0" encoding="UTF-8"?>
<robot generator="Robot 7.0.1 (Python 3.11.0 on win32)" generated="2025-12-28T18:06:00.775153" rpa="false" schemaversion="5">
<suite id="s1" name="Auth &amp; Lists">
<suite id="s1-s1" name="Auth" source="D:\JAMK\Software Testing\project\test\e2e-tests\tests\auth.robot">
<kw name="Open App" owner="app" type="SETUP">
<kw name="New Browser" owner="Browser">
<msg time="2025-12-28T18:06:01.575629" level="INFO">{"browser": "chromium", "headless": true, "chromiumSandbox": false, "devtools": false, "handleSIGHUP": true, "handleSIGINT": true, "handleSIGTERM": true, "slowMo": 0.0, "timeout": 30000.0, "tracesDir": "D:\\JAMK\\Software Testing\\project\\test\\e2e-tests\\results\\browser\\traces\\ef9bea59-3e9f-4559-b46f-717ca283fe07"}</msg>
<msg time="2025-12-28T18:06:01.763822" level="INFO">Successfully created browser with options: {"browser":"chromium","headless":true,"chromiumSandbox":false,"devtools":false,"handleSIGHUP":true,"handleSIGINT":true,"handleSIGTERM":true,"slowMo":0,"timeout":30000,"tracesDir":"D:\\JAMK\\Software Testing\\project\\test\\e2e-tests\\results\\browser\\traces\\ef9bea59-3e9f-4559-b46f-717ca283fe07"}</msg>
<arg>${BROWSER}</arg>
<arg>headless=${HEADLESS}</arg>
<tag>BrowserControl</tag>
<tag>Setter</tag>
<doc>Create a new playwright Browser with specified options.</doc>
<status status="PASS" start="2025-12-28T18:06:01.574632" elapsed="0.189190"/>
</kw>
<kw name="New Context" owner="Browser">
<msg time="2025-12-28T18:06:01.765820" level="INFO">{
  "acceptDownloads": true,
  "bypassCSP": false,
  "forcedColors": "none",
  "ignoreHTTPSErrors": false,
  "javaScriptEnabled": true,
  "offline": false,
  "reducedMotion": "no-preference",
  "serviceWorkers": "allow",
  "viewport": {
    "width": 1280,
    "height": 720
  }
}</msg>
<msg time="2025-12-28T18:06:01.786821" level="INFO">Successfully created context. </msg>
<msg time="2025-12-28T18:06:01.786821" level="INFO">{'acceptDownloads': True, 'bypassCSP': False, 'forcedColors': 'none', 'ignoreHTTPSErrors': False, 'javaScriptEnabled': True, 'offline': False, 'reducedMotion': 'no-preference', 'serviceWorkers': 'allow', 'viewport': {'width': 1280, 'height': 720}}</msg>
<arg>viewport={'width': 1280, 'height': 720}</arg>
<tag>BrowserControl</tag>
<tag>Setter</tag>
<doc>Create a new BrowserContext with specified options.</doc>
<status status="PASS" start="2025-12-28T18:06:01.764821" elapsed="0.022000"/>
</kw>
<kw name="New Page" owner="Browser">
<msg time="2025-12-28T18:06:02.032060" level="INFO">Successfully initialized new page object and opened url: http://localhost/</msg>
<arg>${BASE_URL}</arg>
<tag>BrowserControl</tag>
<tag>Setter</tag>
<doc>Open a new Page.</doc>
<status status="PASS" start="2025-12-28T18:06:01.786821" elapsed="0.246746"/>
</kw>
<kw name="Set Browser Timeout" owner="Browser">
<msg time="2025-12-28T18:06:02.045578" level="INFO">Set timeout to: 20000</msg>
<arg>${DEFAULT_TIMEOUT}</arg>
<tag>Config</tag>
<tag>Setter</tag>
<doc>Sets the timeout used by most input and getter keywords.</doc>
<status status="PASS" start="2025-12-28T18:06:02.034578" elapsed="0.011000"/>
</kw>
<kw name="Wait For Elements State" owner="Browser">
<msg time="2025-12-28T18:06:02.146201" level="INFO">Waited for Element with selector css=input[name="username"] at state visible</msg>
<arg>${LOGIN_USERNAME}</arg>
<arg>visible</arg>
<tag>PageContent</tag>
<tag>Wait</tag>
<doc>Waits for the element found by ``selector`` to satisfy state option.</doc>
<status status="PASS" start="2025-12-28T18:06:02.046576" elapsed="0.099625"/>
</kw>
<status status="PASS" start="2025-12-28T18:06:01.573626" elapsed="0.572575"/>
</kw>
<test id="s1-s1-t1" name="Register To The Application" line="8">
<kw name="Ensure Logged Out" owner="app" type="SETUP">
<kw name="Go To" owner="Browser">
<msg time="2025-12-28T18:06:02.210721" level="INFO">Successfully opened URL http://localhost/</msg>
<arg>${BASE_URL}</arg>
<tag>BrowserControl</tag>
<tag>Setter</tag>
<doc>Navigates to the given ``url``.</doc>
<status status="PASS" start="2025-12-28T18:06:02.160202" elapsed="0.050519"/>
</kw>
<kw name="Run Keyword And Ignore Error" owner="BuiltIn">
<kw name="Wait For Elements State" owner="Browser">
<msg time="2025-12-28T18:06:02.281726" level="INFO">Waited for Element with selector css=input[name="username"] at state visible</msg>
<arg>${LOGIN_USERNAME}</arg>
<arg>visible</arg>
<arg>timeout=2s</arg>
<tag>PageContent</tag>
<tag>Wait</tag>
<doc>Waits for the element found by ``selector`` to satisfy state option.</doc>
<status status="PASS" start="2025-12-28T18:06:02.211718" elapsed="0.070008"/>
</kw>
<msg time="2025-12-28T18:06:02.281726" level="INFO">${status} = PASS</msg>
<msg time="2025-12-28T18:06:02.281726" level="INFO">${msg} = None</msg>
<var>${status}</var>
<var>${msg}</var>
<arg>Wait For Elements State</arg>
<arg>${LOGIN_USERNAME}</arg>
<arg>visible</arg>
<arg>timeout=2s</arg>
<doc>Runs the given keyword with the given arguments and ignores possible error.</doc>
<status status="PASS" start="2025-12-28T18:06:02.211718" elapsed="0.071000"/>
</kw>
<if>
<branch type="IF" condition="'${status}' == 'PASS'">
<return>
<status status="PASS" start="2025-12-28T18:06:02.282718" elapsed="0.000000"/>
</return>
<status status="PASS" start="2025-12-28T18:06:02.282718" elapsed="0.000000"/>
</branch>
<status status="PASS" start="2025-12-28T18:06:02.282718" elapsed="0.000000"/>
</if>
<kw name="Run Keyword And Ignore Error" owner="BuiltIn">
<arg>Click</arg>
<arg>${BTN_LOGOUT}</arg>
<doc>Runs the given keyword with the given arguments and ignores possible error.</doc>
<status status="NOT RUN" start="2025-12-28T18:06:02.282718" elapsed="0.000000"/>
</kw>
<kw name="Run Keyword And Ignore Error" owner="BuiltIn">
<arg>Click</arg>
<arg>${LINK_LOGOUT}</arg>
<doc>Runs the given keyword with the given arguments and ignores possible error.</doc>
<status status="NOT RUN" start="2025-12-28T18:06:02.282718" elapsed="0.000000"/>
</kw>
<kw name="Go To" owner="Browser">
<arg>${BASE_URL}</arg>
<tag>BrowserControl</tag>
<tag>Setter</tag>
<doc>Navigates to the given ``url``.</doc>
<status status="NOT RUN" start="2025-12-28T18:06:02.282718" elapsed="0.001000"/>
</kw>
<kw name="Wait For Elements State" owner="Browser">
<arg>${LOGIN_USERNAME}</arg>
<arg>visible</arg>
<arg>timeout=20s</arg>
<tag>PageContent</tag>
<tag>Wait</tag>
<doc>Waits for the element found by ``selector`` to satisfy state option.</doc>
<status status="NOT RUN" start="2025-12-28T18:06:02.283718" elapsed="0.000000"/>
</kw>
<status status="PASS" start="2025-12-28T18:06:02.159202" elapsed="0.124516"/>
</kw>
<kw name="Unique" owner="app">
<kw name="Get Time" owner="BuiltIn">
<msg time="2025-12-28T18:06:02.284719" level="INFO">${ts} = 1766937962</msg>
<var>${ts}</var>
<arg>epoch</arg>
<doc>Returns the given time in the requested format.</doc>
<status status="PASS" start="2025-12-28T18:06:02.284719" elapsed="0.000000"/>
</kw>
<return>
<value>${prefix}-${ts}</value>
<status status="PASS" start="2025-12-28T18:06:02.284719" elapsed="0.000000"/>
</return>
<msg time="2025-12-28T18:06:02.284719" level="INFO">${u} = user-1766937962</msg>
<var>${u}</var>
<arg>user</arg>
<status status="PASS" start="2025-12-28T18:06:02.283718" elapsed="0.001001"/>
</kw>
<kw name="Set Variable" owner="BuiltIn">
<msg time="2025-12-28T18:06:02.285719" level="INFO">${pw} = TestPass123!</msg>
<var>${pw}</var>
<arg>TestPass123!</arg>
<doc>Returns the given values which can then be assigned to a variables.</doc>
<status status="PASS" start="2025-12-28T18:06:02.285719" elapsed="0.000000"/>
</kw>
<kw name="Register User" owner="app">
<kw name="Go To Register" owner="app">
<kw name="Run Keyword And Ignore Error" owner="BuiltIn">
<kw name="Click" owner="Browser">
<msg time="2025-12-28T18:06:02.286719" level="INFO">Clicks the element 'css=button:has-text("To Registration")'.</msg>
<arg>${BTN_TO_REGISTRATION}</arg>
<tag>PageContent</tag>
<tag>Setter</tag>
<doc>Simulates mouse click on the element found by ``selector``.</doc>
<status status="PASS" start="2025-12-28T18:06:02.286719" elapsed="0.321601"/>
</kw>
<arg>Click</arg>
<arg>${BTN_TO_REGISTRATION}</arg>
<doc>Runs the given keyword with the given arguments and ignores possible error.</doc>
<status status="PASS" start="2025-12-28T18:06:02.286719" elapsed="0.321601"/>
</kw>
<kw name="Run Keyword And Ignore Error" owner="BuiltIn">
<kw name="Click" owner="Browser">
<msg time="2025-12-28T18:06:02.609456" level="INFO">Clicks the element 'css=a[href="/register"]'.</msg>
<msg time="2025-12-28T18:06:22.724932" level="INFO" html="true">&lt;/td&gt;&lt;/tr&gt;&lt;tr&gt;&lt;td colspan="3"&gt;&lt;a href="browser/screenshot/fail-screenshot-1.png" target="_blank"&gt;&lt;img src="browser/screenshot/fail-screenshot-1.png" width="800px"/&gt;&lt;/a&gt;</msg>
<msg time="2025-12-28T18:06:22.724932" level="INFO">See also file:///D:/JAMK/Software%20Testing/project/test/e2e-tests/results/playwright-log.txt for additional details.</msg>
<msg time="2025-12-28T18:06:22.724932" level="FAIL">TimeoutError: locator.click: Timeout 20000ms exceeded.
Call log:
  [2m- waiting for locator('a[href="/register"]')[22m
[2m  -   locator resolved to &lt;a href="/register"&gt;here&lt;/a&gt;[22m
[2m  - attempting click action[22m
[2m  -   waiting for element to be visible, enabled and stable[22m
[2m  - element was detached from the DOM, retrying[22m

Tip: Use "Set Browser Timeout" for increasing the timeout or double check your locator as the targeted element(s) couldn't be found.</msg>
<arg>${LINK_REGISTER}</arg>
<tag>PageContent</tag>
<tag>Setter</tag>
<doc>Simulates mouse click on the element found by ``selector``.</doc>
<status status="FAIL" start="2025-12-28T18:06:02.608888" elapsed="20.120069">TimeoutError: locator.click: Timeout 20000ms exceeded.
Call log:
  [2m- waiting for locator('a[href="/register"]')[22m
[2m  -   locator resolved to &lt;a href="/register"&gt;here&lt;/a&gt;[22m
[2m  - attempting click action[22m
[2m  -   waiting for element to be visible, enabled and stable[22m
[2m  - element was detached from the DOM, retrying[22m

Tip: Use "Set Browser Timeout" for increasing the timeout or double check your locator as the targeted element(s) couldn't be found.</status>
</kw>
<arg>Click</arg>
<arg>${LINK_REGISTER}</arg>
<doc>Runs the given keyword with the given arguments and ignores possible error.</doc>
<status status="PASS" start="2025-12-28T18:06:02.608320" elapsed="20.120637"/>
</kw>
<kw name="Wait For Elements State" owner="Browser">
<msg time="2025-12-28T18:06:22.735929" level="INFO">Waited for Element with selector css=input[name="username"] at state visible</msg>
<arg>${REG_USERNAME}</arg>
<arg>visible</arg>
<tag>PageContent</tag>
<tag>Wait</tag>
<doc>Waits for the element found by ``selector`` to satisfy state option.</doc>
<status status="PASS" start="2025-12-28T18:06:22.728957" elapsed="0.008001"/>
</kw>
<status status="PASS" start="2025-12-28T18:06:02.286719" elapsed="20.450239"/>
</kw>
<kw name="Fill Text" owner="Browser">
<msg time="2025-12-28T18:06:22.736958" level="INFO">Fills the text 'user-1766937962' in the given field.</msg>
<arg>${REG_USERNAME}</arg>
<arg>${username}</arg>
<tag>PageContent</tag>
<tag>Setter</tag>
<doc>Clears and fills the given ``txt`` into the text field found by ``selector``.</doc>
<status status="PASS" start="2025-12-28T18:06:22.736958" elapsed="0.019969"/>
</kw>
<kw name="Fill Text" owner="Browser">
<msg time="2025-12-28T18:06:22.757930" level="INFO">Fills the text 'TestPass123!' in the given field.</msg>
<arg>${REG_PASSWORD}</arg>
<arg>${password}</arg>
<tag>PageContent</tag>
<tag>Setter</tag>
<doc>Clears and fills the given ``txt`` into the text field found by ``selector``.</doc>
<status status="PASS" start="2025-12-28T18:06:22.757930" elapsed="0.019007"/>
</kw>
<kw name="Run Keyword And Ignore Error" owner="BuiltIn">
<kw name="Fill Text" owner="Browser">
<msg time="2025-12-28T18:06:22.778927" level="INFO">Fills the text 'TestPass123!' in the given field.</msg>
<msg time="2025-12-28T18:06:42.932170" level="INFO" html="true">&lt;/td&gt;&lt;/tr&gt;&lt;tr&gt;&lt;td colspan="3"&gt;&lt;a href="browser/screenshot/fail-screenshot-2.png" target="_blank"&gt;&lt;img src="browser/screenshot/fail-screenshot-2.png" width="800px"/&gt;&lt;/a&gt;</msg>
<msg time="2025-12-28T18:06:42.933145" level="INFO">See also file:///D:/JAMK/Software%20Testing/project/test/e2e-tests/results/playwright-log.txt for additional details.</msg>
<msg time="2025-12-28T18:06:42.933145" level="FAIL">TimeoutError: locator.fill: Timeout 20000ms exceeded.
Call log:
  [2m- waiting for locator('input[name="passwordConfirmation"]')[22m

Tip: Use "Set Browser Timeout" for increasing the timeout or double check your locator as the targeted element(s) couldn't be found.</msg>
<arg>${REG_PASSWORD2}</arg>
<arg>${password}</arg>
<tag>PageContent</tag>
<tag>Setter</tag>
<doc>Clears and fills the given ``txt`` into the text field found by ``selector``.</doc>
<status status="FAIL" start="2025-12-28T18:06:22.777960" elapsed="20.156180">TimeoutError: locator.fill: Timeout 20000ms exceeded.
Call log:
  [2m- waiting for locator('input[name="passwordConfirmation"]')[22m

Tip: Use "Set Browser Timeout" for increasing the timeout or double check your locator as the targeted element(s) couldn't be found.</status>
</kw>
<arg>Fill Text</arg>
<arg>${REG_PASSWORD2}</arg>
<arg>${password}</arg>
<doc>Runs the given keyword with the given arguments and ignores possible error.</doc>
<status status="PASS" start="2025-12-28T18:06:22.777960" elapsed="20.157176"/>
</kw>
<kw name="Press Keys" owner="Browser">
<arg>${REG_PASSWORD}</arg>
<arg>Enter</arg>
<tag>PageContent</tag>
<tag>Setter</tag>
<doc>Types the given key combination into element found by ``selector``.</doc>
<status status="PASS" start="2025-12-28T18:06:42.935136" elapsed="0.019426"/>
</kw>
<kw name="Go To Login" owner="app">
<kw name="Go To" owner="Browser">
<msg time="2025-12-28T18:06:43.027116" level="INFO">Successfully opened URL http://localhost/</msg>
<arg>${BASE_URL}</arg>
<tag>BrowserControl</tag>
<tag>Setter</tag>
<doc>Navigates to the given ``url``.</doc>
<status status="PASS" start="2025-12-28T18:06:42.955597" elapsed="0.071519"/>
</kw>
<kw name="Wait For Elements State" owner="Browser">
<msg time="2025-12-28T18:06:43.067113" level="INFO">Waited for Element with selector css=button:has-text("Login") at state visible</msg>
<arg>${BTN_LOGIN}</arg>
<arg>visible</arg>
<arg>timeout=20s</arg>
<tag>PageContent</tag>
<tag>Wait</tag>
<doc>Waits for the element found by ``selector`` to satisfy state option.</doc>
<status status="PASS" start="2025-12-28T18:06:43.027116" elapsed="0.039997"/>
</kw>
<kw name="Wait For Elements State" owner="Browser">
<msg time="2025-12-28T18:06:43.077116" level="INFO">Waited for Element with selector css=input[name="username"] at state visible</msg>
<arg>${LOGIN_USERNAME}</arg>
<arg>visible</arg>
<arg>timeout=20s</arg>
<tag>PageContent</tag>
<tag>Wait</tag>
<doc>Waits for the element found by ``selector`` to satisfy state option.</doc>
<status status="PASS" start="2025-12-28T18:06:43.068116" elapsed="0.010518"/>
</kw>
<status status="PASS" start="2025-12-28T18:06:42.954562" elapsed="0.124072"/>
</kw>
<arg>${u}</arg>
<arg>${pw}</arg>
<status status="PASS" start="2025-12-28T18:06:02.285719" elapsed="40.792915"/>
</kw>
<status status="PASS" start="2025-12-28T18:06:02.146201" elapsed="40.933448"/>
</test>
<test id="s1-s1-t2" name="Log In To The Application" line="13">
<kw name="Ensure Logged Out" owner="app" type="SETUP">
<kw name="Go To" owner="Browser">
<msg time="2025-12-28T18:06:43.151653" level="INFO">Successfully opened URL http://localhost/</msg>
<arg>${BASE_URL}</arg>
<tag>BrowserControl</tag>
<tag>Setter</tag>
<doc>Navigates to the given ``url``.</doc>
<status status="PASS" start="2025-12-28T18:06:43.098878" elapsed="0.052775"/>
</kw>
<kw name="Run Keyword And Ignore Error" owner="BuiltIn">
<kw name="Wait For Elements State" owner="Browser">
<msg time="2025-12-28T18:06:43.219104" level="INFO">Waited for Element with selector css=input[name="username"] at state visible</msg>
<arg>${LOGIN_USERNAME}</arg>
<arg>visible</arg>
<arg>timeout=2s</arg>
<tag>PageContent</tag>
<tag>Wait</tag>
<doc>Waits for the element found by ``selector`` to satisfy state option.</doc>
<status status="PASS" start="2025-12-28T18:06:43.153541" elapsed="0.066562"/>
</kw>
<msg time="2025-12-28T18:06:43.220103" level="INFO">${status} = PASS</msg>
<msg time="2025-12-28T18:06:43.220103" level="INFO">${msg} = None</msg>
<var>${status}</var>
<var>${msg}</var>
<arg>Wait For Elements State</arg>
<arg>${LOGIN_USERNAME}</arg>
<arg>visible</arg>
<arg>timeout=2s</arg>
<doc>Runs the given keyword with the given arguments and ignores possible error.</doc>
<status status="PASS" start="2025-12-28T18:06:43.152654" elapsed="0.067449"/>
</kw>
<if>
<branch type="IF" condition="'${status}' == 'PASS'">
<return>
<status status="PASS" start="2025-12-28T18:06:43.220103" elapsed="0.000000"/>
</return>
<status status="PASS" start="2025-12-28T18:06:43.220103" elapsed="0.001002"/>
</branch>
<status status="PASS" start="2025-12-28T18:06:43.220103" elapsed="0.001002"/>
</if>
<kw name="Run Keyword And Ignore Error" owner="BuiltIn">
<arg>Click</arg>
<arg>${BTN_LOGOUT}</arg>
<doc>Runs the given keyword with the given arguments and ignores possible error.</doc>
<status status="NOT RUN" start="2025-12-28T18:06:43.221105" elapsed="0.000000"/>
</kw>
<kw name="Run Keyword And Ignore Error" owner="BuiltIn">
<arg>Click</arg>
<arg>${LINK_LOGOUT}</arg>
<doc>Runs the given keyword with the given arguments and ignores possible error.</doc>
<status status="NOT RUN" start="2025-12-28T18:06:43.221105" elapsed="0.000000"/>
</kw>
<kw name="Go To" owner="Browser">
<arg>${BASE_URL}</arg>
<tag>BrowserControl</tag>
<tag>Setter</tag>
<doc>Navigates to the given ``url``.</doc>
<status status="NOT RUN" start="2025-12-28T18:06:43.221105" elapsed="0.000000"/>
</kw>
<kw name="Wait For Elements State" owner="Browser">
<arg>${LOGIN_USERNAME}</arg>
<arg>visible</arg>
<arg>timeout=20s</arg>
<tag>PageContent</tag>
<tag>Wait</tag>
<doc>Waits for the element found by ``selector`` to satisfy state option.</doc>
<status status="NOT RUN" start="2025-12-28T18:06:43.221105" elapsed="0.000997"/>
</kw>
<status status="PASS" start="2025-12-28T18:06:43.098878" elapsed="0.123224"/>
</kw>
<kw name="Unique" owner="app">
<kw name="Get Time" owner="BuiltIn">
<msg time="2025-12-28T18:06:43.223101" level="INFO">${ts} = 1766938003</msg>
<var>${ts}</var>
<arg>epoch</arg>
<doc>Returns the given time in the requested format.</doc>
<status status="PASS" start="2025-12-28T18:06:43.223101" elapsed="0.000000"/>
</kw>
<return>
<value>${prefix}-${ts}</value>
<status status="PASS" start="2025-12-28T18:06:43.223101" elapsed="0.000000"/>
</return>
<msg time="2025-12-28T18:06:43.224106" level="INFO">${u} = user-1766938003</msg>
<var>${u}</var>
<arg>user</arg>
<status status="PASS" start="2025-12-28T18:06:43.222102" elapsed="0.002004"/>
</kw>
<kw name="Set Variable" owner="BuiltIn">
<msg time="2025-12-28T18:06:43.224106" level="INFO">${pw} = TestPass123!</msg>
<var>${pw}</var>
<arg>TestPass123!</arg>
<doc>Returns the given values which can then be assigned to a variables.</doc>
<status status="PASS" start="2025-12-28T18:06:43.224106" elapsed="0.000998"/>
</kw>
<kw name="Register User" owner="app">
<kw name="Go To Register" owner="app">
<kw name="Run Keyword And Ignore Error" owner="BuiltIn">
<kw name="Click" owner="Browser">
<msg time="2025-12-28T18:06:43.226834" level="INFO">Clicks the element 'css=button:has-text("To Registration")'.</msg>
<arg>${BTN_TO_REGISTRATION}</arg>
<tag>PageContent</tag>
<tag>Setter</tag>
<doc>Simulates mouse click on the element found by ``selector``.</doc>
<status status="PASS" start="2025-12-28T18:06:43.226104" elapsed="0.330659"/>
</kw>
<arg>Click</arg>
<arg>${BTN_TO_REGISTRATION}</arg>
<doc>Runs the given keyword with the given arguments and ignores possible error.</doc>
<status status="PASS" start="2025-12-28T18:06:43.226104" elapsed="0.331658"/>
</kw>
<kw name="Run Keyword And Ignore Error" owner="BuiltIn">
<kw name="Click" owner="Browser">
<msg time="2025-12-28T18:06:43.559763" level="INFO">Clicks the element 'css=a[href="/register"]'.</msg>
<msg time="2025-12-28T18:07:03.667436" level="INFO" html="true">&lt;/td&gt;&lt;/tr&gt;&lt;tr&gt;&lt;td colspan="3"&gt;&lt;a href="browser/screenshot/fail-screenshot-3.png" target="_blank"&gt;&lt;img src="browser/screenshot/fail-screenshot-3.png" width="800px"/&gt;&lt;/a&gt;</msg>
<msg time="2025-12-28T18:07:03.667436" level="INFO">See also file:///D:/JAMK/Software%20Testing/project/test/e2e-tests/results/playwright-log.txt for additional details.</msg>
<msg time="2025-12-28T18:07:03.667436" level="FAIL">TimeoutError: locator.click: Timeout 20000ms exceeded.
Call log:
  [2m- waiting for locator('a[href="/register"]')[22m
[2m  -   locator resolved to &lt;a href="/register"&gt;here&lt;/a&gt;[22m
[2m  - attempting click action[22m
[2m  -   waiting for element to be visible, enabled and stable[22m
[2m  - element was detached from the DOM, retrying[22m

Tip: Use "Set Browser Timeout" for increasing the timeout or double check your locator as the targeted element(s) couldn't be found.</msg>
<arg>${LINK_REGISTER}</arg>
<tag>PageContent</tag>
<tag>Setter</tag>
<doc>Simulates mouse click on the element found by ``selector``.</doc>
<status status="FAIL" start="2025-12-28T18:06:43.558765" elapsed="20.109671">TimeoutError: locator.click: Timeout 20000ms exceeded.
Call log:
  [2m- waiting for locator('a[href="/register"]')[22m
[2m  -   locator resolved to &lt;a href="/register"&gt;here&lt;/a&gt;[22m
[2m  - attempting click action[22m
[2m  -   waiting for element to be visible, enabled and stable[22m
[2m  - element was detached from the DOM, retrying[22m

Tip: Use "Set Browser Timeout" for increasing the timeout or double check your locator as the targeted element(s) couldn't be found.</status>
</kw>
<arg>Click</arg>
<arg>${LINK_REGISTER}</arg>
<doc>Runs the given keyword with the given arguments and ignores possible error.</doc>
<status status="PASS" start="2025-12-28T18:06:43.557762" elapsed="20.110674"/>
</kw>
<kw name="Wait For Elements State" owner="Browser">
<msg time="2025-12-28T18:07:03.675438" level="INFO">Waited for Element with selector css=input[name="username"] at state visible</msg>
<arg>${REG_USERNAME}</arg>
<arg>visible</arg>
<tag>PageContent</tag>
<tag>Wait</tag>
<doc>Waits for the element found by ``selector`` to satisfy state option.</doc>
<status status="PASS" start="2025-12-28T18:07:03.668436" elapsed="0.007002"/>
</kw>
<status status="PASS" start="2025-12-28T18:06:43.225104" elapsed="20.450334"/>
</kw>
<kw name="Fill Text" owner="Browser">
<msg time="2025-12-28T18:07:03.676440" level="INFO">Fills the text 'user-1766938003' in the given field.</msg>
<arg>${REG_USERNAME}</arg>
<arg>${username}</arg>
<tag>PageContent</tag>
<tag>Setter</tag>
<doc>Clears and fills the given ``txt`` into the text field found by ``selector``.</doc>
<status status="PASS" start="2025-12-28T18:07:03.675438" elapsed="0.011998"/>
</kw>
<kw name="Fill Text" owner="Browser">
<msg time="2025-12-28T18:07:03.687436" level="INFO">Fills the text 'TestPass123!' in the given field.</msg>
<arg>${REG_PASSWORD}</arg>
<arg>${password}</arg>
<tag>PageContent</tag>
<tag>Setter</tag>
<doc>Clears and fills the given ``txt`` into the text field found by ``selector``.</doc>
<status status="PASS" start="2025-12-28T18:07:03.687436" elapsed="0.014058"/>
</kw>
<kw name="Run Keyword And Ignore Error" owner="BuiltIn">
<kw name="Fill Text" owner="Browser">
<msg time="2025-12-28T18:07:03.702436" level="INFO">Fills the text 'TestPass123!' in the given field.</msg>
<msg time="2025-12-28T18:07:23.843108" level="INFO" html="true">&lt;/td&gt;&lt;/tr&gt;&lt;tr&gt;&lt;td colspan="3"&gt;&lt;a href="browser/screenshot/fail-screenshot-4.png" target="_blank"&gt;&lt;img src="browser/screenshot/fail-screenshot-4.png" width="800px"/&gt;&lt;/a&gt;</msg>
<msg time="2025-12-28T18:07:23.843108" level="INFO">See also file:///D:/JAMK/Software%20Testing/project/test/e2e-tests/results/playwright-log.txt for additional details.</msg>
<msg time="2025-12-28T18:07:23.844109" level="FAIL">TimeoutError: locator.fill: Timeout 20000ms exceeded.
Call log:
  [2m- waiting for locator('input[name="passwordConfirmation"]')[22m

Tip: Use "Set Browser Timeout" for increasing the timeout or double check your locator as the targeted element(s) couldn't be found.</msg>
<arg>${REG_PASSWORD2}</arg>
<arg>${password}</arg>
<tag>PageContent</tag>
<tag>Setter</tag>
<doc>Clears and fills the given ``txt`` into the text field found by ``selector``.</doc>
<status status="FAIL" start="2025-12-28T18:07:03.701494" elapsed="20.143655">TimeoutError: locator.fill: Timeout 20000ms exceeded.
Call log:
  [2m- waiting for locator('input[name="passwordConfirmation"]')[22m

Tip: Use "Set Browser Timeout" for increasing the timeout or double check your locator as the targeted element(s) couldn't be found.</status>
</kw>
<arg>Fill Text</arg>
<arg>${REG_PASSWORD2}</arg>
<arg>${password}</arg>
<doc>Runs the given keyword with the given arguments and ignores possible error.</doc>
<status status="PASS" start="2025-12-28T18:07:03.701494" elapsed="20.143655"/>
</kw>
<kw name="Press Keys" owner="Browser">
<arg>${REG_PASSWORD}</arg>
<arg>Enter</arg>
<tag>PageContent</tag>
<tag>Setter</tag>
<doc>Types the given key combination into element found by ``selector``.</doc>
<status status="PASS" start="2025-12-28T18:07:23.845149" elapsed="0.016959"/>
</kw>
<kw name="Go To Login" owner="app">
<kw name="Go To" owner="Browser">
<msg time="2025-12-28T18:07:23.924836" level="INFO">Successfully opened URL http://localhost/</msg>
<arg>${BASE_URL}</arg>
<tag>BrowserControl</tag>
<tag>Setter</tag>
<doc>Navigates to the given ``url``.</doc>
<status status="PASS" start="2025-12-28T18:07:23.863112" elapsed="0.061724"/>
</kw>
<kw name="Wait For Elements State" owner="Browser">
<msg time="2025-12-28T18:07:23.982421" level="INFO">Waited for Element with selector css=button:has-text("Login") at state visible</msg>
<arg>${BTN_LOGIN}</arg>
<arg>visible</arg>
<arg>timeout=20s</arg>
<tag>PageContent</tag>
<tag>Wait</tag>
<doc>Waits for the element found by ``selector`` to satisfy state option.</doc>
<status status="PASS" start="2025-12-28T18:07:23.924836" elapsed="0.057585"/>
</kw>
<kw name="Wait For Elements State" owner="Browser">
<msg time="2025-12-28T18:07:23.991558" level="INFO">Waited for Element with selector css=input[name="username"] at state visible</msg>
<arg>${LOGIN_USERNAME}</arg>
<arg>visible</arg>
<arg>timeout=20s</arg>
<tag>PageContent</tag>
<tag>Wait</tag>
<doc>Waits for the element found by ``selector`` to satisfy state option.</doc>
<status status="PASS" start="2025-12-28T18:07:23.982421" elapsed="0.009137"/>
</kw>
<status status="PASS" start="2025-12-28T18:07:23.862108" elapsed="0.129450"/>
</kw>
<arg>${u}</arg>
<arg>${pw}</arg>
<status status="PASS" start="2025-12-28T18:06:43.225104" elapsed="40.766454"/>
</kw>
<kw name="Login" owner="app">
<kw name="Go To Login" owner="app">
<kw name="Go To" owner="Browser">
<msg time="2025-12-28T18:07:24.039268" level="INFO">Successfully opened URL http://localhost/</msg>
<arg>${BASE_URL}</arg>
<tag>BrowserControl</tag>
<tag>Setter</tag>
<doc>Navigates to the given ``url``.</doc>
<status status="PASS" start="2025-12-28T18:07:23.993553" elapsed="0.045715"/>
</kw>
<kw name="Wait For Elements State" owner="Browser">
<msg time="2025-12-28T18:07:24.103504" level="INFO">Waited for Element with selector css=button:has-text("Login") at state visible</msg>
<arg>${BTN_LOGIN}</arg>
<arg>visible</arg>
<arg>timeout=20s</arg>
<tag>PageContent</tag>
<tag>Wait</tag>
<doc>Waits for the element found by ``selector`` to satisfy state option.</doc>
<status status="PASS" start="2025-12-28T18:07:24.039268" elapsed="0.064236"/>
</kw>
<kw name="Wait For Elements State" owner="Browser">
<msg time="2025-12-28T18:07:24.116055" level="INFO">Waited for Element with selector css=input[name="username"] at state visible</msg>
<arg>${LOGIN_USERNAME}</arg>
<arg>visible</arg>
<arg>timeout=20s</arg>
<tag>PageContent</tag>
<tag>Wait</tag>
<doc>Waits for the element found by ``selector`` to satisfy state option.</doc>
<status status="PASS" start="2025-12-28T18:07:24.104505" elapsed="0.011550"/>
</kw>
<status status="PASS" start="2025-12-28T18:07:23.993553" elapsed="0.123499"/>
</kw>
<kw name="Fill Text" owner="Browser">
<msg time="2025-12-28T18:07:24.117052" level="INFO">Fills the text 'user-1766938003' in the given field.</msg>
<arg>${LOGIN_USERNAME}</arg>
<arg>${username}</arg>
<tag>PageContent</tag>
<tag>Setter</tag>
<doc>Clears and fills the given ``txt`` into the text field found by ``selector``.</doc>
<status status="PASS" start="2025-12-28T18:07:24.117052" elapsed="0.018298"/>
</kw>
<kw name="Fill Text" owner="Browser">
<msg time="2025-12-28T18:07:24.136474" level="INFO">Fills the text 'TestPass123!' in the given field.</msg>
<arg>${LOGIN_PASSWORD}</arg>
<arg>${password}</arg>
<tag>PageContent</tag>
<tag>Setter</tag>
<doc>Clears and fills the given ``txt`` into the text field found by ``selector``.</doc>
<status status="PASS" start="2025-12-28T18:07:24.136474" elapsed="0.031091"/>
</kw>
<kw name="Run Keyword And Ignore Error" owner="BuiltIn">
<kw name="Click" owner="Browser">
<msg time="2025-12-28T18:07:24.169572" level="INFO">Clicks the element 'css=button:has-text("Login")'.</msg>
<arg>${BTN_LOGIN}</arg>
<tag>PageContent</tag>
<tag>Setter</tag>
<doc>Simulates mouse click on the element found by ``selector``.</doc>
<status status="PASS" start="2025-12-28T18:07:24.168573" elapsed="0.331143"/>
</kw>
<arg>Click</arg>
<arg>${BTN_LOGIN}</arg>
<doc>Runs the given keyword with the given arguments and ignores possible error.</doc>
<status status="PASS" start="2025-12-28T18:07:24.168573" elapsed="0.331143"/>
</kw>
<kw name="Press Keys" owner="Browser">
<arg>${LOGIN_PASSWORD}</arg>
<arg>Enter</arg>
<tag>PageContent</tag>
<tag>Setter</tag>
<doc>Types the given key combination into element found by ``selector``.</doc>
<status status="PASS" start="2025-12-28T18:07:24.499716" elapsed="0.027122"/>
</kw>
<kw name="Wait Until Keyword Succeeds" owner="BuiltIn">
<kw name="Should Be Logged In" owner="app">
<kw name="Wait For Elements State" owner="Browser">
<msg time="2025-12-28T18:07:24.847668" level="INFO">Waited for Element with selector css=input[name="username"] at state detached</msg>
<arg>${LOGIN_USERNAME}</arg>
<arg>detached</arg>
<tag>PageContent</tag>
<tag>Wait</tag>
<doc>Waits for the element found by ``selector`` to satisfy state option.</doc>
<status status="PASS" start="2025-12-28T18:07:24.528839" elapsed="0.318829"/>
</kw>
<status status="PASS" start="2025-12-28T18:07:24.527837" elapsed="0.319831"/>
</kw>
<arg>15x</arg>
<arg>1s</arg>
<arg>Should Be Logged In</arg>
<doc>Runs the specified keyword and retries if it fails.</doc>
<status status="PASS" start="2025-12-28T18:07:24.527837" elapsed="0.319831"/>
</kw>
<arg>${u}</arg>
<arg>${pw}</arg>
<status status="PASS" start="2025-12-28T18:07:23.992557" elapsed="0.855111"/>
</kw>
<kw name="Run Keyword And Ignore Error" owner="BuiltIn">
<kw name="Wait For Elements State" owner="Browser">
<msg time="2025-12-28T18:07:24.855280" level="INFO">Waited for Element with selector css=a[href="/login"]:has-text("Logout") at state visible</msg>
<arg>${LINK_LOGOUT}</arg>
<arg>visible</arg>
<tag>PageContent</tag>
<tag>Wait</tag>
<doc>Waits for the element found by ``selector`` to satisfy state option.</doc>
<status status="PASS" start="2025-12-28T18:07:24.848701" elapsed="0.006579"/>
</kw>
<arg>Wait For Elements State</arg>
<arg>${LINK_LOGOUT}</arg>
<arg>visible</arg>
<doc>Runs the given keyword with the given arguments and ignores possible error.</doc>
<status status="PASS" start="2025-12-28T18:07:24.848701" elapsed="0.006579"/>
</kw>
<tag>smoke</tag>
<status status="PASS" start="2025-12-28T18:06:43.093365" elapsed="41.762881"/>
</test>
<test id="s1-s1-t3" name="Log Out From The Application" line="22">
<kw name="Ensure Logged Out" owner="app" type="SETUP">
<kw name="Go To" owner="Browser">
<msg time="2025-12-28T18:07:24.923983" level="INFO">Successfully opened URL http://localhost/</msg>
<arg>${BASE_URL}</arg>
<tag>BrowserControl</tag>
<tag>Setter</tag>
<doc>Navigates to the given ``url``.</doc>
<status status="PASS" start="2025-12-28T18:07:24.870276" elapsed="0.054707"/>
</kw>
<kw name="Run Keyword And Ignore Error" owner="BuiltIn">
<kw name="Wait For Elements State" owner="Browser">
<msg time="2025-12-28T18:07:27.021497" level="INFO" html="true">&lt;/td&gt;&lt;/tr&gt;&lt;tr&gt;&lt;td colspan="3"&gt;&lt;a href="browser/screenshot/fail-screenshot-5.png" target="_blank"&gt;&lt;img src="browser/screenshot/fail-screenshot-5.png" width="800px"/&gt;&lt;/a&gt;</msg>
<msg time="2025-12-28T18:07:27.021497" level="INFO">See also file:///D:/JAMK/Software%20Testing/project/test/e2e-tests/results/playwright-log.txt for additional details.</msg>
<msg time="2025-12-28T18:07:27.021497" level="FAIL">TimeoutError: locator.waitFor: Timeout 2000ms exceeded.
Call log:
  [2m- waiting for locator('input[name="username"]') to be visible[22m

Tip: Use "Set Browser Timeout" for increasing the timeout or double check your locator as the targeted element(s) couldn't be found.</msg>
<arg>${LOGIN_USERNAME}</arg>
<arg>visible</arg>
<arg>timeout=2s</arg>
<tag>PageContent</tag>
<tag>Wait</tag>
<doc>Waits for the element found by ``selector`` to satisfy state option.</doc>
<status status="FAIL" start="2025-12-28T18:07:24.924983" elapsed="2.098515">TimeoutError: locator.waitFor: Timeout 2000ms exceeded.
Call log:
  [2m- waiting for locator('input[name="username"]') to be visible[22m

Tip: Use "Set Browser Timeout" for increasing the timeout or double check your locator as the targeted element(s) couldn't be found.</status>
</kw>
<msg time="2025-12-28T18:07:27.023498" level="INFO">${status} = FAIL</msg>
<msg time="2025-12-28T18:07:27.023498" level="INFO">${msg} = TimeoutError: locator.waitFor: Timeout 2000ms exceeded.
Call log:
  [2m- waiting for locator('input[name="username"]') to be visible[22m

Tip: Use "Set Browser Timeout" for increasing the timeout or...</msg>
<var>${status}</var>
<var>${msg}</var>
<arg>Wait For Elements State</arg>
<arg>${LOGIN_USERNAME}</arg>
<arg>visible</arg>
<arg>timeout=2s</arg>
<doc>Runs the given keyword with the given arguments and ignores possible error.</doc>
<status status="PASS" start="2025-12-28T18:07:24.924983" elapsed="2.098515"/>
</kw>
<if>
<branch type="IF" condition="'${status}' == 'PASS'">
<return>
<status status="NOT RUN" start="2025-12-28T18:07:27.023498" elapsed="0.000000"/>
</return>
<status status="NOT RUN" start="2025-12-28T18:07:27.023498" elapsed="0.000000"/>
</branch>
<status status="PASS" start="2025-12-28T18:07:27.023498" elapsed="0.000000"/>
</if>
<kw name="Run Keyword And Ignore Error" owner="BuiltIn">
<kw name="Click" owner="Browser">
<msg time="2025-12-28T18:07:27.025498" level="FAIL">Variable '${BTN_LOGOUT}' not found.</msg>
<arg>${BTN_LOGOUT}</arg>
<tag>PageContent</tag>
<tag>Setter</tag>
<doc>Simulates mouse click on the element found by ``selector``.</doc>
<status status="FAIL" start="2025-12-28T18:07:27.024505" elapsed="0.000993">Variable '${BTN_LOGOUT}' not found.</status>
</kw>
<arg>Click</arg>
<arg>${BTN_LOGOUT}</arg>
<doc>Runs the given keyword with the given arguments and ignores possible error.</doc>
<status status="PASS" start="2025-12-28T18:07:27.023498" elapsed="0.002000"/>
</kw>
<kw name="Run Keyword And Ignore Error" owner="BuiltIn">
<kw name="Click" owner="Browser">
<msg time="2025-12-28T18:07:27.025498" level="INFO">Clicks the element 'css=a[href="/login"]:has-text("Logout")'.</msg>
<arg>${LINK_LOGOUT}</arg>
<tag>PageContent</tag>
<tag>Setter</tag>
<doc>Simulates mouse click on the element found by ``selector``.</doc>
<status status="PASS" start="2025-12-28T18:07:27.025498" elapsed="0.036456"/>
</kw>
<arg>Click</arg>
<arg>${LINK_LOGOUT}</arg>
<doc>Runs the given keyword with the given arguments and ignores possible error.</doc>
<status status="PASS" start="2025-12-28T18:07:27.025498" elapsed="0.037455"/>
</kw>
<kw name="Go To" owner="Browser">
<msg time="2025-12-28T18:07:27.111547" level="INFO">Successfully opened URL http://localhost/</msg>
<arg>${BASE_URL}</arg>
<tag>BrowserControl</tag>
<tag>Setter</tag>
<doc>Navigates to the given ``url``.</doc>
<status status="PASS" start="2025-12-28T18:07:27.062953" elapsed="0.049590"/>
</kw>
<kw name="Wait For Elements State" owner="Browser">
<msg time="2025-12-28T18:07:27.192101" level="INFO">Waited for Element with selector css=input[name="username"] at state visible</msg>
<arg>${LOGIN_USERNAME}</arg>
<arg>visible</arg>
<arg>timeout=20s</arg>
<tag>PageContent</tag>
<tag>Wait</tag>
<doc>Waits for the element found by ``selector`` to satisfy state option.</doc>
<status status="PASS" start="2025-12-28T18:07:27.112543" elapsed="0.079558"/>
</kw>
<status status="PASS" start="2025-12-28T18:07:24.870276" elapsed="2.321825"/>
</kw>
<kw name="Unique" owner="app">
<kw name="Get Time" owner="BuiltIn">
<msg time="2025-12-28T18:07:27.194071" level="INFO">${ts} = 1766938047</msg>
<var>${ts}</var>
<arg>epoch</arg>
<doc>Returns the given time in the requested format.</doc>
<status status="PASS" start="2025-12-28T18:07:27.193070" elapsed="0.001001"/>
</kw>
<return>
<value>${prefix}-${ts}</value>
<status status="PASS" start="2025-12-28T18:07:27.194071" elapsed="0.000000"/>
</return>
<msg time="2025-12-28T18:07:27.194071" level="INFO">${u} = user-1766938047</msg>
<var>${u}</var>
<arg>user</arg>
<status status="PASS" start="2025-12-28T18:07:27.193070" elapsed="0.001001"/>
</kw>
<kw name="Set Variable" owner="BuiltIn">
<msg time="2025-12-28T18:07:27.195074" level="INFO">${pw} = TestPass123!</msg>
<var>${pw}</var>
<arg>TestPass123!</arg>
<doc>Returns the given values which can then be assigned to a variables.</doc>
<status status="PASS" start="2025-12-28T18:07:27.195074" elapsed="0.000000"/>
</kw>
<kw name="Register User" owner="app">
<kw name="Go To Register" owner="app">
<kw name="Run Keyword And Ignore Error" owner="BuiltIn">
<kw name="Click" owner="Browser">
<msg time="2025-12-28T18:07:27.198073" level="INFO">Clicks the element 'css=button:has-text("To Registration")'.</msg>
<arg>${BTN_TO_REGISTRATION}</arg>
<tag>PageContent</tag>
<tag>Setter</tag>
<doc>Simulates mouse click on the element found by ``selector``.</doc>
<status status="PASS" start="2025-12-28T18:07:27.197067" elapsed="0.273535"/>
</kw>
<arg>Click</arg>
<arg>${BTN_TO_REGISTRATION}</arg>
<doc>Runs the given keyword with the given arguments and ignores possible error.</doc>
<status status="PASS" start="2025-12-28T18:07:27.197067" elapsed="0.273535"/>
</kw>
<kw name="Run Keyword And Ignore Error" owner="BuiltIn">
<kw name="Click" owner="Browser">
<msg time="2025-12-28T18:07:27.472601" level="INFO">Clicks the element 'css=a[href="/register"]'.</msg>
<msg time="2025-12-28T18:07:47.617262" level="INFO" html="true">&lt;/td&gt;&lt;/tr&gt;&lt;tr&gt;&lt;td colspan="3"&gt;&lt;a href="browser/screenshot/fail-screenshot-6.png" target="_blank"&gt;&lt;img src="browser/screenshot/fail-screenshot-6.png" width="800px"/&gt;&lt;/a&gt;</msg>
<msg time="2025-12-28T18:07:47.617262" level="INFO">See also file:///D:/JAMK/Software%20Testing/project/test/e2e-tests/results/playwright-log.txt for additional details.</msg>
<msg time="2025-12-28T18:07:47.617262" level="FAIL">TimeoutError: locator.click: Timeout 20000ms exceeded.
Call log:
  [2m- waiting for locator('a[href="/register"]')[22m
[2m  -   locator resolved to &lt;a href="/register"&gt;here&lt;/a&gt;[22m
[2m  - attempting click action[22m
[2m  -   waiting for element to be visible, enabled and stable[22m
[2m  - element was detached from the DOM, retrying[22m

Tip: Use "Set Browser Timeout" for increasing the timeout or double check your locator as the targeted element(s) couldn't be found.</msg>
<arg>${LINK_REGISTER}</arg>
<tag>PageContent</tag>
<tag>Setter</tag>
<doc>Simulates mouse click on the element found by ``selector``.</doc>
<status status="FAIL" start="2025-12-28T18:07:27.471608" elapsed="20.146653">TimeoutError: locator.click: Timeout 20000ms exceeded.
Call log:
  [2m- waiting for locator('a[href="/register"]')[22m
[2m  -   locator resolved to &lt;a href="/register"&gt;here&lt;/a&gt;[22m
[2m  - attempting click action[22m
[2m  -   waiting for element to be visible, enabled and stable[22m
[2m  - element was detached from the DOM, retrying[22m

Tip: Use "Set Browser Timeout" for increasing the timeout or double check your locator as the targeted element(s) couldn't be found.</status>
</kw>
<arg>Click</arg>
<arg>${LINK_REGISTER}</arg>
<doc>Runs the given keyword with the given arguments and ignores possible error.</doc>
<status status="PASS" start="2025-12-28T18:07:27.471608" elapsed="20.146653"/>
</kw>
<kw name="Wait For Elements State" owner="Browser">
<msg time="2025-12-28T18:07:47.625234" level="INFO">Waited for Element with selector css=input[name="username"] at state visible</msg>
<arg>${REG_USERNAME}</arg>
<arg>visible</arg>
<tag>PageContent</tag>
<tag>Wait</tag>
<doc>Waits for the element found by ``selector`` to satisfy state option.</doc>
<status status="PASS" start="2025-12-28T18:07:47.618261" elapsed="0.006973"/>
</kw>
<status status="PASS" start="2025-12-28T18:07:27.197067" elapsed="20.428167"/>
</kw>
<kw name="Fill Text" owner="Browser">
<msg time="2025-12-28T18:07:47.626232" level="INFO">Fills the text 'user-1766938047' in the given field.</msg>
<arg>${REG_USERNAME}</arg>
<arg>${username}</arg>
<tag>PageContent</tag>
<tag>Setter</tag>
<doc>Clears and fills the given ``txt`` into the text field found by ``selector``.</doc>
<status status="PASS" start="2025-12-28T18:07:47.625234" elapsed="0.015032"/>
</kw>
<kw name="Fill Text" owner="Browser">
<msg time="2025-12-28T18:07:47.641271" level="INFO">Fills the text 'TestPass123!' in the given field.</msg>
<arg>${REG_PASSWORD}</arg>
<arg>${password}</arg>
<tag>PageContent</tag>
<tag>Setter</tag>
<doc>Clears and fills the given ``txt`` into the text field found by ``selector``.</doc>
<status status="PASS" start="2025-12-28T18:07:47.640266" elapsed="0.013632"/>
</kw>
<kw name="Run Keyword And Ignore Error" owner="BuiltIn">
<kw name="Fill Text" owner="Browser">
<msg time="2025-12-28T18:07:47.654891" level="INFO">Fills the text 'TestPass123!' in the given field.</msg>
<msg time="2025-12-28T18:08:07.783290" level="INFO" html="true">&lt;/td&gt;&lt;/tr&gt;&lt;tr&gt;&lt;td colspan="3"&gt;&lt;a href="browser/screenshot/fail-screenshot-7.png" target="_blank"&gt;&lt;img src="browser/screenshot/fail-screenshot-7.png" width="800px"/&gt;&lt;/a&gt;</msg>
<msg time="2025-12-28T18:08:07.783290" level="INFO">See also file:///D:/JAMK/Software%20Testing/project/test/e2e-tests/results/playwright-log.txt for additional details.</msg>
<msg time="2025-12-28T18:08:07.783290" level="FAIL">TimeoutError: locator.fill: Timeout 20000ms exceeded.
Call log:
  [2m- waiting for locator('input[name="passwordConfirmation"]')[22m

Tip: Use "Set Browser Timeout" for increasing the timeout or double check your locator as the targeted element(s) couldn't be found.</msg>
<arg>${REG_PASSWORD2}</arg>
<arg>${password}</arg>
<tag>PageContent</tag>
<tag>Setter</tag>
<doc>Clears and fills the given ``txt`` into the text field found by ``selector``.</doc>
<status status="FAIL" start="2025-12-28T18:07:47.653898" elapsed="20.130431">TimeoutError: locator.fill: Timeout 20000ms exceeded.
Call log:
  [2m- waiting for locator('input[name="passwordConfirmation"]')[22m

Tip: Use "Set Browser Timeout" for increasing the timeout or double check your locator as the targeted element(s) couldn't be found.</status>
</kw>
<arg>Fill Text</arg>
<arg>${REG_PASSWORD2}</arg>
<arg>${password}</arg>
<doc>Runs the given keyword with the given arguments and ignores possible error.</doc>
<status status="PASS" start="2025-12-28T18:07:47.653898" elapsed="20.130431"/>
</kw>
<kw name="Press Keys" owner="Browser">
<arg>${REG_PASSWORD}</arg>
<arg>Enter</arg>
<tag>PageContent</tag>
<tag>Setter</tag>
<doc>Types the given key combination into element found by ``selector``.</doc>
<status status="PASS" start="2025-12-28T18:08:07.784329" elapsed="0.014965"/>
</kw>
<kw name="Go To Login" owner="app">
<kw name="Go To" owner="Browser">
<msg time="2025-12-28T18:08:07.854332" level="INFO">Successfully opened URL http://localhost/</msg>
<arg>${BASE_URL}</arg>
<tag>BrowserControl</tag>
<tag>Setter</tag>
<doc>Navigates to the given ``url``.</doc>
<status status="PASS" start="2025-12-28T18:08:07.800293" elapsed="0.055040"/>
</kw>
<kw name="Wait For Elements State" owner="Browser">
<msg time="2025-12-28T18:08:07.924073" level="INFO">Waited for Element with selector css=button:has-text("Login") at state visible</msg>
<arg>${BTN_LOGIN}</arg>
<arg>visible</arg>
<arg>timeout=20s</arg>
<tag>PageContent</tag>
<tag>Wait</tag>
<doc>Waits for the element found by ``selector`` to satisfy state option.</doc>
<status status="PASS" start="2025-12-28T18:08:07.855333" elapsed="0.068740"/>
</kw>
<kw name="Wait For Elements State" owner="Browser">
<msg time="2025-12-28T18:08:07.932071" level="INFO">Waited for Element with selector css=input[name="username"] at state visible</msg>
<arg>${LOGIN_USERNAME}</arg>
<arg>visible</arg>
<arg>timeout=20s</arg>
<tag>PageContent</tag>
<tag>Wait</tag>
<doc>Waits for the element found by ``selector`` to satisfy state option.</doc>
<status status="PASS" start="2025-12-28T18:08:07.924073" elapsed="0.007998"/>
</kw>
<status status="PASS" start="2025-12-28T18:08:07.800293" elapsed="0.132408"/>
</kw>
<arg>${u}</arg>
<arg>${pw}</arg>
<status status="PASS" start="2025-12-28T18:07:27.196067" elapsed="40.736634"/>
</kw>
<kw name="Login" owner="app">
<kw name="Go To Login" owner="app">
<kw name="Go To" owner="Browser">
<msg time="2025-12-28T18:08:07.984168" level="INFO">Successfully opened URL http://localhost/</msg>
<arg>${BASE_URL}</arg>
<tag>BrowserControl</tag>
<tag>Setter</tag>
<doc>Navigates to the given ``url``.</doc>
<status status="PASS" start="2025-12-28T18:08:07.934066" elapsed="0.050102"/>
</kw>
<kw name="Wait For Elements State" owner="Browser">
<msg time="2025-12-28T18:08:08.048704" level="INFO">Waited for Element with selector css=button:has-text("Login") at state visible</msg>
<arg>${BTN_LOGIN}</arg>
<arg>visible</arg>
<arg>timeout=20s</arg>
<tag>PageContent</tag>
<tag>Wait</tag>
<doc>Waits for the element found by ``selector`` to satisfy state option.</doc>
<status status="PASS" start="2025-12-28T18:08:07.985170" elapsed="0.063534"/>
</kw>
<kw name="Wait For Elements State" owner="Browser">
<msg time="2025-12-28T18:08:08.056229" level="INFO">Waited for Element with selector css=input[name="username"] at state visible</msg>
<arg>${LOGIN_USERNAME}</arg>
<arg>visible</arg>
<arg>timeout=20s</arg>
<tag>PageContent</tag>
<tag>Wait</tag>
<doc>Waits for the element found by ``selector`` to satisfy state option.</doc>
<status status="PASS" start="2025-12-28T18:08:08.048704" elapsed="0.007525"/>
</kw>
<status status="PASS" start="2025-12-28T18:08:07.934066" elapsed="0.122163"/>
</kw>
<kw name="Fill Text" owner="Browser">
<msg time="2025-12-28T18:08:08.057224" level="INFO">Fills the text 'user-1766938047' in the given field.</msg>
<arg>${LOGIN_USERNAME}</arg>
<arg>${username}</arg>
<tag>PageContent</tag>
<tag>Setter</tag>
<doc>Clears and fills the given ``txt`` into the text field found by ``selector``.</doc>
<status status="PASS" start="2025-12-28T18:08:08.057224" elapsed="0.018151"/>
</kw>
<kw name="Fill Text" owner="Browser">
<msg time="2025-12-28T18:08:08.076376" level="INFO">Fills the text 'TestPass123!' in the given field.</msg>
<arg>${LOGIN_PASSWORD}</arg>
<arg>${password}</arg>
<tag>PageContent</tag>
<tag>Setter</tag>
<doc>Clears and fills the given ``txt`` into the text field found by ``selector``.</doc>
<status status="PASS" start="2025-12-28T18:08:08.075375" elapsed="0.021889"/>
</kw>
<kw name="Run Keyword And Ignore Error" owner="BuiltIn">
<kw name="Click" owner="Browser">
<msg time="2025-12-28T18:08:08.098261" level="INFO">Clicks the element 'css=button:has-text("Login")'.</msg>
<arg>${BTN_LOGIN}</arg>
<tag>PageContent</tag>
<tag>Setter</tag>
<doc>Simulates mouse click on the element found by ``selector``.</doc>
<status status="PASS" start="2025-12-28T18:08:08.098261" elapsed="0.335327"/>
</kw>
<arg>Click</arg>
<arg>${BTN_LOGIN}</arg>
<doc>Runs the given keyword with the given arguments and ignores possible error.</doc>
<status status="PASS" start="2025-12-28T18:08:08.097264" elapsed="0.336324"/>
</kw>
<kw name="Press Keys" owner="Browser">
<arg>${LOGIN_PASSWORD}</arg>
<arg>Enter</arg>
<tag>PageContent</tag>
<tag>Setter</tag>
<doc>Types the given key combination into element found by ``selector``.</doc>
<status status="PASS" start="2025-12-28T18:08:08.434588" elapsed="0.017137"/>
</kw>
<kw name="Wait Until Keyword Succeeds" owner="BuiltIn">
<kw name="Should Be Logged In" owner="app">
<kw name="Wait For Elements State" owner="Browser">
<msg time="2025-12-28T18:08:08.664259" level="INFO">Waited for Element with selector css=input[name="username"] at state detached</msg>
<arg>${LOGIN_USERNAME}</arg>
<arg>detached</arg>
<tag>PageContent</tag>
<tag>Wait</tag>
<doc>Waits for the element found by ``selector`` to satisfy state option.</doc>
<status status="PASS" start="2025-12-28T18:08:08.452763" elapsed="0.212525"/>
</kw>
<status status="PASS" start="2025-12-28T18:08:08.452763" elapsed="0.212525"/>
</kw>
<arg>15x</arg>
<arg>1s</arg>
<arg>Should Be Logged In</arg>
<doc>Runs the specified keyword and retries if it fails.</doc>
<status status="PASS" start="2025-12-28T18:08:08.451725" elapsed="0.213563"/>
</kw>
<arg>${u}</arg>
<arg>${pw}</arg>
<status status="PASS" start="2025-12-28T18:08:07.933066" elapsed="0.732222"/>
</kw>
<kw name="Logout Via UI" owner="app">
<kw name="Click" owner="Browser">
<msg time="2025-12-28T18:08:08.665288" level="INFO">Clicks the element 'css=a[href="/login"]:has-text("Logout")'.</msg>
<arg>${LINK_LOGOUT}</arg>
<tag>PageContent</tag>
<tag>Setter</tag>
<doc>Simulates mouse click on the element found by ``selector``.</doc>
<status status="PASS" start="2025-12-28T18:08:08.665288" elapsed="0.526549"/>
</kw>
<kw name="Go To" owner="Browser">
<msg time="2025-12-28T18:08:09.234834" level="INFO">Successfully opened URL http://localhost/</msg>
<arg>${BASE_URL}</arg>
<tag>BrowserControl</tag>
<tag>Setter</tag>
<doc>Navigates to the given ``url``.</doc>
<status status="PASS" start="2025-12-28T18:08:09.192840" elapsed="0.041994"/>
</kw>
<kw name="Wait For Elements State" owner="Browser">
<msg time="2025-12-28T18:08:09.307554" level="INFO">Waited for Element with selector css=input[name="username"] at state visible</msg>
<arg>${LOGIN_USERNAME}</arg>
<arg>visible</arg>
<arg>timeout=20s</arg>
<tag>PageContent</tag>
<tag>Wait</tag>
<doc>Waits for the element found by ``selector`` to satisfy state option.</doc>
<status status="PASS" start="2025-12-28T18:08:09.235832" elapsed="0.071722"/>
</kw>
<status status="PASS" start="2025-12-28T18:08:08.665288" elapsed="0.642266"/>
</kw>
<tag>smoke</tag>
<status status="PASS" start="2025-12-28T18:07:24.865247" elapsed="44.443312"/>
</test>
<kw name="Close App" owner="app" type="TEARDOWN">
<kw name="Close Browser" owner="Browser">
<msg time="2025-12-28T18:08:09.424090" level="INFO">Closed browser</msg>
<tag>BrowserControl</tag>
<tag>Setter</tag>
<doc>Closes the current browser.</doc>
<status status="PASS" start="2025-12-28T18:08:09.317556" elapsed="0.106534"/>
</kw>
<status status="PASS" start="2025-12-28T18:08:09.317556" elapsed="0.106534"/>
</kw>
<status status="PASS" start="2025-12-28T18:06:00.799124" elapsed="128.625967"/>
</suite>
<suite id="s1-s2" name="Lists" source="D:\JAMK\Software Testing\project\test\e2e-tests\tests\lists.robot">
<kw name="Open App" owner="app" type="SETUP">
<kw name="New Browser" owner="Browser">
<msg time="2025-12-28T18:08:09.466759" level="INFO">{"browser": "chromium", "headless": true, "chromiumSandbox": false, "devtools": false, "handleSIGHUP": true, "handleSIGINT": true, "handleSIGTERM": true, "slowMo": 0.0, "timeout": 30000.0, "tracesDir": "D:\\JAMK\\Software Testing\\project\\test\\e2e-tests\\results\\browser\\traces\\7cdc4a31-ff6d-49a4-acb6-85d4a4a6b7b5"}</msg>
<msg time="2025-12-28T18:08:09.644534" level="INFO">Successfully created browser with options: {"browser":"chromium","headless":true,"chromiumSandbox":false,"devtools":false,"handleSIGHUP":true,"handleSIGINT":true,"handleSIGTERM":true,"slowMo":0,"timeout":30000,"tracesDir":"D:\\JAMK\\Software Testing\\project\\test\\e2e-tests\\results\\browser\\traces\\7cdc4a31-ff6d-49a4-acb6-85d4a4a6b7b5"}</msg>
<arg>${BROWSER}</arg>
<arg>headless=${HEADLESS}</arg>
<tag>BrowserControl</tag>
<tag>Setter</tag>
<doc>Create a new playwright Browser with specified options.</doc>
<status status="PASS" start="2025-12-28T18:08:09.466759" elapsed="0.178774"/>
</kw>
<kw name="New Context" owner="Browser">
<msg time="2025-12-28T18:08:09.646533" level="INFO">{
  "acceptDownloads": true,
  "bypassCSP": false,
  "forcedColors": "none",
  "ignoreHTTPSErrors": false,
  "javaScriptEnabled": true,
  "offline": false,
  "reducedMotion": "no-preference",
  "serviceWorkers": "allow",
  "viewport": {
    "width": 1280,
    "height": 720
  }
}</msg>
<msg time="2025-12-28T18:08:09.659533" level="INFO">Successfully created context. </msg>
<msg time="2025-12-28T18:08:09.659533" level="INFO">{'acceptDownloads': True, 'bypassCSP': False, 'forcedColors': 'none', 'ignoreHTTPSErrors': False, 'javaScriptEnabled': True, 'offline': False, 'reducedMotion': 'no-preference', 'serviceWorkers': 'allow', 'viewport': {'width': 1280, 'height': 720}}</msg>
<arg>viewport={'width': 1280, 'height': 720}</arg>
<tag>BrowserControl</tag>
<tag>Setter</tag>
<doc>Create a new BrowserContext with specified options.</doc>
<status status="PASS" start="2025-12-28T18:08:09.645533" elapsed="0.014000"/>
</kw>
<kw name="New Page" owner="Browser">
<msg time="2025-12-28T18:08:09.928376" level="INFO">Successfully initialized new page object and opened url: http://localhost/</msg>
<arg>${BASE_URL}</arg>
<tag>BrowserControl</tag>
<tag>Setter</tag>
<doc>Open a new Page.</doc>
<status status="PASS" start="2025-12-28T18:08:09.660533" elapsed="0.268359"/>
</kw>
<kw name="Set Browser Timeout" owner="Browser">
<msg time="2025-12-28T18:08:09.937459" level="INFO">Set timeout to: 20000</msg>
<arg>${DEFAULT_TIMEOUT}</arg>
<tag>Config</tag>
<tag>Setter</tag>
<doc>Sets the timeout used by most input and getter keywords.</doc>
<status status="PASS" start="2025-12-28T18:08:09.929399" elapsed="0.008060"/>
</kw>
<kw name="Wait For Elements State" owner="Browser">
<msg time="2025-12-28T18:08:10.032596" level="INFO">Waited for Element with selector css=input[name="username"] at state visible</msg>
<arg>${LOGIN_USERNAME}</arg>
<arg>visible</arg>
<tag>PageContent</tag>
<tag>Wait</tag>
<doc>Waits for the element found by ``selector`` to satisfy state option.</doc>
<status status="PASS" start="2025-12-28T18:08:09.938461" elapsed="0.094135"/>
</kw>
<status status="PASS" start="2025-12-28T18:08:09.465757" elapsed="0.566839"/>
</kw>
<test id="s1-s2-t1" name="Create And Delete Todo Lists" line="8">
<kw name="Ensure Logged Out" owner="app" type="SETUP">
<kw name="Go To" owner="Browser">
<msg time="2025-12-28T18:08:10.097488" level="INFO">Successfully opened URL http://localhost/</msg>
<arg>${BASE_URL}</arg>
<tag>BrowserControl</tag>
<tag>Setter</tag>
<doc>Navigates to the given ``url``.</doc>
<status status="PASS" start="2025-12-28T18:08:10.041596" elapsed="0.055892"/>
</kw>
<kw name="Run Keyword And Ignore Error" owner="BuiltIn">
<kw name="Wait For Elements State" owner="Browser">
<msg time="2025-12-28T18:08:10.164487" level="INFO">Waited for Element with selector css=input[name="username"] at state visible</msg>
<arg>${LOGIN_USERNAME}</arg>
<arg>visible</arg>
<arg>timeout=2s</arg>
<tag>PageContent</tag>
<tag>Wait</tag>
<doc>Waits for the element found by ``selector`` to satisfy state option.</doc>
<status status="PASS" start="2025-12-28T18:08:10.098492" elapsed="0.065995"/>
</kw>
<msg time="2025-12-28T18:08:10.164487" level="INFO">${status} = PASS</msg>
<msg time="2025-12-28T18:08:10.164487" level="INFO">${msg} = None</msg>
<var>${status}</var>
<var>${msg}</var>
<arg>Wait For Elements State</arg>
<arg>${LOGIN_USERNAME}</arg>
<arg>visible</arg>
<arg>timeout=2s</arg>
<doc>Runs the given keyword with the given arguments and ignores possible error.</doc>
<status status="PASS" start="2025-12-28T18:08:10.098492" elapsed="0.065995"/>
</kw>
<if>
<branch type="IF" condition="'${status}' == 'PASS'">
<return>
<status status="PASS" start="2025-12-28T18:08:10.165491" elapsed="0.000000"/>
</return>
<status status="PASS" start="2025-12-28T18:08:10.165491" elapsed="0.000000"/>
</branch>
<status status="PASS" start="2025-12-28T18:08:10.165491" elapsed="0.000000"/>
</if>
<kw name="Run Keyword And Ignore Error" owner="BuiltIn">
<arg>Click</arg>
<arg>${BTN_LOGOUT}</arg>
<doc>Runs the given keyword with the given arguments and ignores possible error.</doc>
<status status="NOT RUN" start="2025-12-28T18:08:10.165491" elapsed="0.000000"/>
</kw>
<kw name="Run Keyword And Ignore Error" owner="BuiltIn">
<arg>Click</arg>
<arg>${LINK_LOGOUT}</arg>
<doc>Runs the given keyword with the given arguments and ignores possible error.</doc>
<status status="NOT RUN" start="2025-12-28T18:08:10.166491" elapsed="0.000000"/>
</kw>
<kw name="Go To" owner="Browser">
<arg>${BASE_URL}</arg>
<tag>BrowserControl</tag>
<tag>Setter</tag>
<doc>Navigates to the given ``url``.</doc>
<status status="NOT RUN" start="2025-12-28T18:08:10.166491" elapsed="0.000000"/>
</kw>
<kw name="Wait For Elements State" owner="Browser">
<arg>${LOGIN_USERNAME}</arg>
<arg>visible</arg>
<arg>timeout=20s</arg>
<tag>PageContent</tag>
<tag>Wait</tag>
<doc>Waits for the element found by ``selector`` to satisfy state option.</doc>
<status status="NOT RUN" start="2025-12-28T18:08:10.166491" elapsed="0.000000"/>
</kw>
<status status="PASS" start="2025-12-28T18:08:10.040598" elapsed="0.125893"/>
</kw>
<kw name="Unique" owner="app">
<kw name="Get Time" owner="BuiltIn">
<msg time="2025-12-28T18:08:10.167491" level="INFO">${ts} = 1766938090</msg>
<var>${ts}</var>
<arg>epoch</arg>
<doc>Returns the given time in the requested format.</doc>
<status status="PASS" start="2025-12-28T18:08:10.167491" elapsed="0.000000"/>
</kw>
<return>
<value>${prefix}-${ts}</value>
<status status="PASS" start="2025-12-28T18:08:10.168488" elapsed="0.000000"/>
</return>
<msg time="2025-12-28T18:08:10.168488" level="INFO">${u} = user-1766938090</msg>
<var>${u}</var>
<arg>user</arg>
<status status="PASS" start="2025-12-28T18:08:10.167491" elapsed="0.000997"/>
</kw>
<kw name="Set Variable" owner="BuiltIn">
<msg time="2025-12-28T18:08:10.168488" level="INFO">${pw} = TestPass123!</msg>
<var>${pw}</var>
<arg>TestPass123!</arg>
<doc>Returns the given values which can then be assigned to a variables.</doc>
<status status="PASS" start="2025-12-28T18:08:10.168488" elapsed="0.000000"/>
</kw>
<kw name="Register User" owner="app">
<kw name="Go To Register" owner="app">
<kw name="Run Keyword And Ignore Error" owner="BuiltIn">
<kw name="Click" owner="Browser">
<msg time="2025-12-28T18:08:10.171525" level="INFO">Clicks the element 'css=button:has-text("To Registration")'.</msg>
<arg>${BTN_TO_REGISTRATION}</arg>
<tag>PageContent</tag>
<tag>Setter</tag>
<doc>Simulates mouse click on the element found by ``selector``.</doc>
<status status="PASS" start="2025-12-28T18:08:10.170526" elapsed="0.351081"/>
</kw>
<arg>Click</arg>
<arg>${BTN_TO_REGISTRATION}</arg>
<doc>Runs the given keyword with the given arguments and ignores possible error.</doc>
<status status="PASS" start="2025-12-28T18:08:10.170526" elapsed="0.352101"/>
</kw>
<kw name="Run Keyword And Ignore Error" owner="BuiltIn">
<kw name="Click" owner="Browser">
<msg time="2025-12-28T18:08:10.524634" level="INFO">Clicks the element 'css=a[href="/register"]'.</msg>
<msg time="2025-12-28T18:08:30.650096" level="INFO" html="true">&lt;/td&gt;&lt;/tr&gt;&lt;tr&gt;&lt;td colspan="3"&gt;&lt;a href="browser/screenshot/fail-screenshot-8.png" target="_blank"&gt;&lt;img src="browser/screenshot/fail-screenshot-8.png" width="800px"/&gt;&lt;/a&gt;</msg>
<msg time="2025-12-28T18:08:30.650096" level="INFO">See also file:///D:/JAMK/Software%20Testing/project/test/e2e-tests/results/playwright-log.txt for additional details.</msg>
<msg time="2025-12-28T18:08:30.651100" level="FAIL">TimeoutError: locator.click: Timeout 20000ms exceeded.
Call log:
  [2m- waiting for locator('a[href="/register"]')[22m
[2m  -   locator resolved to &lt;a href="/register"&gt;here&lt;/a&gt;[22m
[2m  - attempting click action[22m
[2m  -   waiting for element to be visible, enabled and stable[22m
[2m  - element was detached from the DOM, retrying[22m

Tip: Use "Set Browser Timeout" for increasing the timeout or double check your locator as the targeted element(s) couldn't be found.</msg>
<arg>${LINK_REGISTER}</arg>
<tag>PageContent</tag>
<tag>Setter</tag>
<doc>Simulates mouse click on the element found by ``selector``.</doc>
<status status="FAIL" start="2025-12-28T18:08:10.523634" elapsed="20.127466">TimeoutError: locator.click: Timeout 20000ms exceeded.
Call log:
  [2m- waiting for locator('a[href="/register"]')[22m
[2m  -   locator resolved to &lt;a href="/register"&gt;here&lt;/a&gt;[22m
[2m  - attempting click action[22m
[2m  -   waiting for element to be visible, enabled and stable[22m
[2m  - element was detached from the DOM, retrying[22m

Tip: Use "Set Browser Timeout" for increasing the timeout or double check your locator as the targeted element(s) couldn't be found.</status>
</kw>
<arg>Click</arg>
<arg>${LINK_REGISTER}</arg>
<doc>Runs the given keyword with the given arguments and ignores possible error.</doc>
<status status="PASS" start="2025-12-28T18:08:10.522627" elapsed="20.128473"/>
</kw>
<kw name="Wait For Elements State" owner="Browser">
<msg time="2025-12-28T18:08:30.658086" level="INFO">Waited for Element with selector css=input[name="username"] at state visible</msg>
<arg>${REG_USERNAME}</arg>
<arg>visible</arg>
<tag>PageContent</tag>
<tag>Wait</tag>
<doc>Waits for the element found by ``selector`` to satisfy state option.</doc>
<status status="PASS" start="2025-12-28T18:08:30.652096" elapsed="0.005990"/>
</kw>
<status status="PASS" start="2025-12-28T18:08:10.170526" elapsed="20.487560"/>
</kw>
<kw name="Fill Text" owner="Browser">
<msg time="2025-12-28T18:08:30.658086" level="INFO">Fills the text 'user-1766938090' in the given field.</msg>
<arg>${REG_USERNAME}</arg>
<arg>${username}</arg>
<tag>PageContent</tag>
<tag>Setter</tag>
<doc>Clears and fills the given ``txt`` into the text field found by ``selector``.</doc>
<status status="PASS" start="2025-12-28T18:08:30.658086" elapsed="0.012973"/>
</kw>
<kw name="Fill Text" owner="Browser">
<msg time="2025-12-28T18:08:30.672057" level="INFO">Fills the text 'TestPass123!' in the given field.</msg>
<arg>${REG_PASSWORD}</arg>
<arg>${password}</arg>
<tag>PageContent</tag>
<tag>Setter</tag>
<doc>Clears and fills the given ``txt`` into the text field found by ``selector``.</doc>
<status status="PASS" start="2025-12-28T18:08:30.671059" elapsed="0.017628"/>
</kw>
<kw name="Run Keyword And Ignore Error" owner="BuiltIn">
<kw name="Fill Text" owner="Browser">
<msg time="2025-12-28T18:08:30.690720" level="INFO">Fills the text 'TestPass123!' in the given field.</msg>
<msg time="2025-12-28T18:08:50.799079" level="INFO" html="true">&lt;/td&gt;&lt;/tr&gt;&lt;tr&gt;&lt;td colspan="3"&gt;&lt;a href="browser/screenshot/fail-screenshot-9.png" target="_blank"&gt;&lt;img src="browser/screenshot/fail-screenshot-9.png" width="800px"/&gt;&lt;/a&gt;</msg>
<msg time="2025-12-28T18:08:50.799079" level="INFO">See also file:///D:/JAMK/Software%20Testing/project/test/e2e-tests/results/playwright-log.txt for additional details.</msg>
<msg time="2025-12-28T18:08:50.799079" level="FAIL">TimeoutError: locator.fill: Timeout 20000ms exceeded.
Call log:
  [2m- waiting for locator('input[name="passwordConfirmation"]')[22m

Tip: Use "Set Browser Timeout" for increasing the timeout or double check your locator as the targeted element(s) couldn't be found.</msg>
<arg>${REG_PASSWORD2}</arg>
<arg>${password}</arg>
<tag>PageContent</tag>
<tag>Setter</tag>
<doc>Clears and fills the given ``txt`` into the text field found by ``selector``.</doc>
<status status="FAIL" start="2025-12-28T18:08:30.689722" elapsed="20.110355">TimeoutError: locator.fill: Timeout 20000ms exceeded.
Call log:
  [2m- waiting for locator('input[name="passwordConfirmation"]')[22m

Tip: Use "Set Browser Timeout" for increasing the timeout or double check your locator as the targeted element(s) couldn't be found.</status>
</kw>
<arg>Fill Text</arg>
<arg>${REG_PASSWORD2}</arg>
<arg>${password}</arg>
<doc>Runs the given keyword with the given arguments and ignores possible error.</doc>
<status status="PASS" start="2025-12-28T18:08:30.689722" elapsed="20.110355"/>
</kw>
<kw name="Press Keys" owner="Browser">
<arg>${REG_PASSWORD}</arg>
<arg>Enter</arg>
<tag>PageContent</tag>
<tag>Setter</tag>
<doc>Types the given key combination into element found by ``selector``.</doc>
<status status="PASS" start="2025-12-28T18:08:50.800077" elapsed="0.017974"/>
</kw>
<kw name="Go To Login" owner="app">
<kw name="Go To" owner="Browser">
<msg time="2025-12-28T18:08:50.871398" level="INFO">Successfully opened URL http://localhost/</msg>
<arg>${BASE_URL}</arg>
<tag>BrowserControl</tag>
<tag>Setter</tag>
<doc>Navigates to the given ``url``.</doc>
<status status="PASS" start="2025-12-28T18:08:50.819051" elapsed="0.052347"/>
</kw>
<kw name="Wait For Elements State" owner="Browser">
<msg time="2025-12-28T18:08:50.931840" level="INFO">Waited for Element with selector css=button:has-text("Login") at state visible</msg>
<arg>${BTN_LOGIN}</arg>
<arg>visible</arg>
<arg>timeout=20s</arg>
<tag>PageContent</tag>
<tag>Wait</tag>
<doc>Waits for the element found by ``selector`` to satisfy state option.</doc>
<status status="PASS" start="2025-12-28T18:08:50.871398" elapsed="0.061444"/>
</kw>
<kw name="Wait For Elements State" owner="Browser">
<msg time="2025-12-28T18:08:50.940810" level="INFO">Waited for Element with selector css=input[name="username"] at state visible</msg>
<arg>${LOGIN_USERNAME}</arg>
<arg>visible</arg>
<arg>timeout=20s</arg>
<tag>PageContent</tag>
<tag>Wait</tag>
<doc>Waits for the element found by ``selector`` to satisfy state option.</doc>
<status status="PASS" start="2025-12-28T18:08:50.932842" elapsed="0.008976"/>
</kw>
<status status="PASS" start="2025-12-28T18:08:50.819051" elapsed="0.122767"/>
</kw>
<arg>${u}</arg>
<arg>${pw}</arg>
<status status="PASS" start="2025-12-28T18:08:10.169488" elapsed="40.772330"/>
</kw>
<kw name="Login" owner="app">
<kw name="Go To Login" owner="app">
<kw name="Go To" owner="Browser">
<msg time="2025-12-28T18:08:50.990844" level="INFO">Successfully opened URL http://localhost/</msg>
<arg>${BASE_URL}</arg>
<tag>BrowserControl</tag>
<tag>Setter</tag>
<doc>Navigates to the given ``url``.</doc>
<status status="PASS" start="2025-12-28T18:08:50.942858" elapsed="0.047986"/>
</kw>
<kw name="Wait For Elements State" owner="Browser">
<msg time="2025-12-28T18:08:51.057215" level="INFO">Waited for Element with selector css=button:has-text("Login") at state visible</msg>
<arg>${BTN_LOGIN}</arg>
<arg>visible</arg>
<arg>timeout=20s</arg>
<tag>PageContent</tag>
<tag>Wait</tag>
<doc>Waits for the element found by ``selector`` to satisfy state option.</doc>
<status status="PASS" start="2025-12-28T18:08:50.991845" elapsed="0.065370"/>
</kw>
<kw name="Wait For Elements State" owner="Browser">
<msg time="2025-12-28T18:08:51.064212" level="INFO">Waited for Element with selector css=input[name="username"] at state visible</msg>
<arg>${LOGIN_USERNAME}</arg>
<arg>visible</arg>
<arg>timeout=20s</arg>
<tag>PageContent</tag>
<tag>Wait</tag>
<doc>Waits for the element found by ``selector`` to satisfy state option.</doc>
<status status="PASS" start="2025-12-28T18:08:51.057215" elapsed="0.006997"/>
</kw>
<status status="PASS" start="2025-12-28T18:08:50.942858" elapsed="0.122355"/>
</kw>
<kw name="Fill Text" owner="Browser">
<msg time="2025-12-28T18:08:51.065213" level="INFO">Fills the text 'user-1766938090' in the given field.</msg>
<arg>${LOGIN_USERNAME}</arg>
<arg>${username}</arg>
<tag>PageContent</tag>
<tag>Setter</tag>
<doc>Clears and fills the given ``txt`` into the text field found by ``selector``.</doc>
<status status="PASS" start="2025-12-28T18:08:51.065213" elapsed="0.014515"/>
</kw>
<kw name="Fill Text" owner="Browser">
<msg time="2025-12-28T18:08:51.081435" level="INFO">Fills the text 'TestPass123!' in the given field.</msg>
<arg>${LOGIN_PASSWORD}</arg>
<arg>${password}</arg>
<tag>PageContent</tag>
<tag>Setter</tag>
<doc>Clears and fills the given ``txt`` into the text field found by ``selector``.</doc>
<status status="PASS" start="2025-12-28T18:08:51.080324" elapsed="0.026173"/>
</kw>
<kw name="Run Keyword And Ignore Error" owner="BuiltIn">
<kw name="Click" owner="Browser">
<msg time="2025-12-28T18:08:51.108832" level="INFO">Clicks the element 'css=button:has-text("Login")'.</msg>
<arg>${BTN_LOGIN}</arg>
<tag>PageContent</tag>
<tag>Setter</tag>
<doc>Simulates mouse click on the element found by ``selector``.</doc>
<status status="PASS" start="2025-12-28T18:08:51.107502" elapsed="0.314919"/>
</kw>
<arg>Click</arg>
<arg>${BTN_LOGIN}</arg>
<doc>Runs the given keyword with the given arguments and ignores possible error.</doc>
<status status="PASS" start="2025-12-28T18:08:51.106497" elapsed="0.315924"/>
</kw>
<kw name="Press Keys" owner="Browser">
<arg>${LOGIN_PASSWORD}</arg>
<arg>Enter</arg>
<tag>PageContent</tag>
<tag>Setter</tag>
<doc>Types the given key combination into element found by ``selector``.</doc>
<status status="PASS" start="2025-12-28T18:08:51.422421" elapsed="0.017518"/>
</kw>
<kw name="Wait Until Keyword Succeeds" owner="BuiltIn">
<kw name="Should Be Logged In" owner="app">
<kw name="Wait For Elements State" owner="Browser">
<msg time="2025-12-28T18:08:51.657181" level="INFO">Waited for Element with selector css=input[name="username"] at state detached</msg>
<arg>${LOGIN_USERNAME}</arg>
<arg>detached</arg>
<tag>PageContent</tag>
<tag>Wait</tag>
<doc>Waits for the element found by ``selector`` to satisfy state option.</doc>
<status status="PASS" start="2025-12-28T18:08:51.440941" elapsed="0.216240"/>
</kw>
<status status="PASS" start="2025-12-28T18:08:51.440941" elapsed="0.216240"/>
</kw>
<arg>15x</arg>
<arg>1s</arg>
<arg>Should Be Logged In</arg>
<doc>Runs the specified keyword and retries if it fails.</doc>
<status status="PASS" start="2025-12-28T18:08:51.440941" elapsed="0.216240"/>
</kw>
<arg>${u}</arg>
<arg>${pw}</arg>
<status status="PASS" start="2025-12-28T18:08:50.941818" elapsed="0.715363"/>
</kw>
<kw name="Unique" owner="app">
<kw name="Get Time" owner="BuiltIn">
<msg time="2025-12-28T18:08:51.658149" level="INFO">${ts} = 1766938131</msg>
<var>${ts}</var>
<arg>epoch</arg>
<doc>Returns the given time in the requested format.</doc>
<status status="PASS" start="2025-12-28T18:08:51.658149" elapsed="0.000000"/>
</kw>
<return>
<value>${prefix}-${ts}</value>
<status status="PASS" start="2025-12-28T18:08:51.658149" elapsed="0.000000"/>
</return>
<msg time="2025-12-28T18:08:51.659183" level="INFO">${list} = List-1766938131</msg>
<var>${list}</var>
<arg>List</arg>
<status status="PASS" start="2025-12-28T18:08:51.658149" elapsed="0.001034"/>
</kw>
<kw name="Create List" owner="app">
<kw name="Wait Until Keyword Succeeds" owner="BuiltIn">
<kw name="Open New List Form" owner="app">
<kw name="Run Keyword And Ignore Error" owner="BuiltIn">
<kw name="Wait For Elements State" owner="Browser">
<msg time="2025-12-28T18:08:52.276022" level="INFO" html="true">&lt;/td&gt;&lt;/tr&gt;&lt;tr&gt;&lt;td colspan="3"&gt;&lt;a href="browser/screenshot/fail-screenshot-10.png" target="_blank"&gt;&lt;img src="browser/screenshot/fail-screenshot-10.png" width="800px"/&gt;&lt;/a&gt;</msg>
<msg time="2025-12-28T18:08:52.276022" level="INFO">See also file:///D:/JAMK/Software%20Testing/project/test/e2e-tests/results/playwright-log.txt for additional details.</msg>
<msg time="2025-12-28T18:08:52.276022" level="FAIL">TimeoutError: locator.waitFor: Timeout 500ms exceeded.
Call log:
  [2m- waiting for locator('input#name') to be visible[22m

Tip: Use "Set Browser Timeout" for increasing the timeout or double check your locator as the targeted element(s) couldn't be found.</msg>
<arg>${FIELD_LIST_NAME}</arg>
<arg>visible</arg>
<arg>timeout=500ms</arg>
<tag>PageContent</tag>
<tag>Wait</tag>
<doc>Waits for the element found by ``selector`` to satisfy state option.</doc>
<status status="FAIL" start="2025-12-28T18:08:51.659725" elapsed="0.617297">TimeoutError: locator.waitFor: Timeout 500ms exceeded.
Call log:
  [2m- waiting for locator('input#name') to be visible[22m

Tip: Use "Set Browser Timeout" for increasing the timeout or double check your locator as the targeted element(s) couldn't be found.</status>
</kw>
<msg time="2025-12-28T18:08:52.277022" level="INFO">${status} = FAIL</msg>
<msg time="2025-12-28T18:08:52.278021" level="INFO">${msg} = TimeoutError: locator.waitFor: Timeout 500ms exceeded.
Call log:
  [2m- waiting for locator('input#name') to be visible[22m

Tip: Use "Set Browser Timeout" for increasing the timeout or double check...</msg>
<var>${status}</var>
<var>${msg}</var>
<arg>Wait For Elements State</arg>
<arg>${FIELD_LIST_NAME}</arg>
<arg>visible</arg>
<arg>timeout=500ms</arg>
<doc>Runs the given keyword with the given arguments and ignores possible error.</doc>
<status status="PASS" start="2025-12-28T18:08:51.659725" elapsed="0.618296"/>
</kw>
<if>
<branch type="IF" condition="'${status}' == 'PASS'">
<return>
<status status="NOT RUN" start="2025-12-28T18:08:52.278021" elapsed="0.000000"/>
</return>
<status status="NOT RUN" start="2025-12-28T18:08:52.278021" elapsed="0.000000"/>
</branch>
<status status="PASS" start="2025-12-28T18:08:52.278021" elapsed="0.000000"/>
</if>
<kw name="Click" owner="Browser">
<msg time="2025-12-28T18:08:52.278021" level="INFO">Clicks the element 'css=button:has-text("New todo list")'.</msg>
<arg>${BTN_NEW_TODO_LIST}</arg>
<tag>PageContent</tag>
<tag>Setter</tag>
<doc>Simulates mouse click on the element found by ``selector``.</doc>
<status status="PASS" start="2025-12-28T18:08:52.278021" elapsed="0.054963"/>
</kw>
<kw name="Wait For Elements State" owner="Browser">
<msg time="2025-12-28T18:08:52.340986" level="INFO">Waited for Element with selector css=input#name at state visible</msg>
<arg>${FIELD_LIST_NAME}</arg>
<arg>visible</arg>
<arg>timeout=2s</arg>
<tag>PageContent</tag>
<tag>Wait</tag>
<doc>Waits for the element found by ``selector`` to satisfy state option.</doc>
<status status="PASS" start="2025-12-28T18:08:52.334019" elapsed="0.006967"/>
</kw>
<status status="PASS" start="2025-12-28T18:08:51.659725" elapsed="0.681261"/>
</kw>
<arg>5x</arg>
<arg>500ms</arg>
<arg>Open New List Form</arg>
<doc>Runs the specified keyword and retries if it fails.</doc>
<status status="PASS" start="2025-12-28T18:08:51.659725" elapsed="0.681261"/>
</kw>
<kw name="Fill Text" owner="Browser">
<msg time="2025-12-28T18:08:52.342023" level="INFO">Fills the text 'List-1766938131' in the given field.</msg>
<arg>${FIELD_LIST_NAME}</arg>
<arg>${name}</arg>
<tag>PageContent</tag>
<tag>Setter</tag>
<doc>Clears and fills the given ``txt`` into the text field found by ``selector``.</doc>
<status status="PASS" start="2025-12-28T18:08:52.342023" elapsed="0.013963"/>
</kw>
<kw name="Fill Text" owner="Browser">
<msg time="2025-12-28T18:08:52.357017" level="INFO">Fills the text 'My test list' in the given field.</msg>
<arg>${FIELD_LIST_DESC}</arg>
<arg>${desc}</arg>
<tag>PageContent</tag>
<tag>Setter</tag>
<doc>Clears and fills the given ``txt`` into the text field found by ``selector``.</doc>
<status status="PASS" start="2025-12-28T18:08:52.355986" elapsed="0.015031"/>
</kw>
<kw name="Wait Until Keyword Succeeds" owner="BuiltIn">
<kw name="Click Create List Button" owner="app">
<kw name="Wait For Elements State" owner="Browser">
<msg time="2025-12-28T18:08:52.379039" level="INFO">Waited for Element with selector css=:has(#name) button:has-text("Create") at state visible</msg>
<arg>${BTN_CREATE_LIST}</arg>
<arg>visible</arg>
<tag>PageContent</tag>
<tag>Wait</tag>
<doc>Waits for the element found by ``selector`` to satisfy state option.</doc>
<status status="PASS" start="2025-12-28T18:08:52.371017" elapsed="0.009002"/>
</kw>
<kw name="Click" owner="Browser">
<msg time="2025-12-28T18:08:52.380019" level="INFO">Clicks the element 'css=:has(#name) button:has-text("Create")'.</msg>
<arg>${BTN_CREATE_LIST}</arg>
<tag>PageContent</tag>
<tag>Setter</tag>
<doc>Simulates mouse click on the element found by ``selector``.</doc>
<status status="PASS" start="2025-12-28T18:08:52.380019" elapsed="0.100720"/>
</kw>
<status status="PASS" start="2025-12-28T18:08:52.371017" elapsed="0.110728"/>
</kw>
<arg>10x</arg>
<arg>500ms</arg>
<arg>Click Create List Button</arg>
<doc>Runs the specified keyword and retries if it fails.</doc>
<status status="PASS" start="2025-12-28T18:08:52.371017" elapsed="0.110728"/>
</kw>
<kw name="Wait For Elements State" owner="Browser">
<msg time="2025-12-28T18:08:52.516737" level="INFO">Waited for Element with selector css=a:has-text("List-1766938131") at state visible</msg>
<arg>css=a:has-text("${name}")</arg>
<arg>visible</arg>
<tag>PageContent</tag>
<tag>Wait</tag>
<doc>Waits for the element found by ``selector`` to satisfy state option.</doc>
<status status="PASS" start="2025-12-28T18:08:52.481745" elapsed="0.035986"/>
</kw>
<arg>${list}</arg>
<arg>My test list</arg>
<status status="PASS" start="2025-12-28T18:08:51.659725" elapsed="0.858006"/>
</kw>
<tag>smoke</tag>
<status status="PASS" start="2025-12-28T18:08:10.032596" elapsed="42.485135"/>
</test>
<test id="s1-s2-t2" name="Modify A Todo List Name And Description" line="18">
<kw name="Ensure Logged Out" owner="app" type="SETUP">
<kw name="Go To" owner="Browser">
<msg time="2025-12-28T18:08:52.576700" level="INFO">Successfully opened URL http://localhost/</msg>
<arg>${BASE_URL}</arg>
<tag>BrowserControl</tag>
<tag>Setter</tag>
<doc>Navigates to the given ``url``.</doc>
<status status="PASS" start="2025-12-28T18:08:52.530700" elapsed="0.047034"/>
</kw>
<kw name="Run Keyword And Ignore Error" owner="BuiltIn">
<kw name="Wait For Elements State" owner="Browser">
<msg time="2025-12-28T18:08:54.730808" level="INFO" html="true">&lt;/td&gt;&lt;/tr&gt;&lt;tr&gt;&lt;td colspan="3"&gt;&lt;a href="browser/screenshot/fail-screenshot-11.png" target="_blank"&gt;&lt;img src="browser/screenshot/fail-screenshot-11.png" width="800px"/&gt;&lt;/a&gt;</msg>
<msg time="2025-12-28T18:08:54.730808" level="INFO">See also file:///D:/JAMK/Software%20Testing/project/test/e2e-tests/results/playwright-log.txt for additional details.</msg>
<msg time="2025-12-28T18:08:54.731842" level="FAIL">TimeoutError: locator.waitFor: Timeout 2000ms exceeded.
Call log:
  [2m- waiting for locator('input[name="username"]') to be visible[22m

Tip: Use "Set Browser Timeout" for increasing the timeout or double check your locator as the targeted element(s) couldn't be found.</msg>
<arg>${LOGIN_USERNAME}</arg>
<arg>visible</arg>
<arg>timeout=2s</arg>
<tag>PageContent</tag>
<tag>Wait</tag>
<doc>Waits for the element found by ``selector`` to satisfy state option.</doc>
<status status="FAIL" start="2025-12-28T18:08:52.577734" elapsed="2.155137">TimeoutError: locator.waitFor: Timeout 2000ms exceeded.
Call log:
  [2m- waiting for locator('input[name="username"]') to be visible[22m

[...]
</kw>
<kw name="Register User" owner="app">
<kw name="Go To Register" owner="app">
<kw name="Run Keyword And Ignore Error" owner="BuiltIn">
<kw name="Click" owner="Browser">
<msg time="2025-12-28T18:08:54.905715" level="INFO">Clicks the element 'css=button:has-text("To Registration")'.</msg>
<arg>${BTN_TO_REGISTRATION}</arg>
<tag>PageContent</tag>
<tag>Setter</tag>
<doc>Simulates mouse click on the element found by ``selector``.</doc>
<status status="PASS" start="2025-12-28T18:08:54.905715" elapsed="0.277778"/>
</kw>
<arg>Click</arg>
<arg>${BTN_TO_REGISTRATION}</arg>
<doc>Runs the given keyword with the given arguments and ignores possible error.</doc>
<status status="PASS" start="2025-12-28T18:08:54.905715" elapsed="0.277778"/>
</kw>
<kw name="Run Keyword And Ignore Error" owner="BuiltIn">
<kw name="Click" owner="Browser">
<msg time="2025-12-28T18:08:55.185493" level="INFO">Clicks the element 'css=a[href="/register"]'.</msg>
<msg time="2025-12-28T18:09:15.377630" level="INFO" html="true">&lt;/td&gt;&lt;/tr&gt;&lt;tr&gt;&lt;td colspan="3"&gt;&lt;a href="browser/screenshot/fail-screenshot-12.png" target="_blank"&gt;&lt;img src="browser/screenshot/fail-screenshot-12.png" width="800px"/&gt;&lt;/a&gt;</msg>
<msg time="2025-12-28T18:09:15.377630" level="INFO">See also file:///D:/JAMK/Software%20Testing/project/test/e2e-tests/results/playwright-log.txt for additional details.</msg>
<msg time="2025-12-28T18:09:15.377630" level="FAIL">TimeoutError: locator.click: Timeout 20000ms exceeded.
Call log:
  [2m- waiting for locator('a[href="/register"]')[22m
[2m  -   locator resolved to &lt;a href="/register"&gt;here&lt;/a&gt;[22m
[2m  - attempting click action[22m
[2m  -   waiting for element to be visible, enabled and stable[22m
[2m  - element was detached from the DOM, retrying[22m

Tip: Use "Set Browser Timeout" for increasing the timeout or double check your locator as the targeted element(s) couldn't be found.</msg>
<arg>${LINK_REGISTER}</arg>
<tag>PageContent</tag>
<tag>Setter</tag>
<doc>Simulates mouse click on the element found by ``selector``.</doc>
<status status="FAIL" start="2025-12-28T18:08:55.184494" elapsed="20.194134">TimeoutError: locator.click: Timeout 20000ms exceeded.
Call log:
  [2m- waiting for locator('a[href="/register"]')[22m
[2m  -   locator resolved to &lt;a href="/register"&gt;here&lt;/a&gt;[22m
[2m  - attempting click action[22m
[2m  -   waiting for element to be visible, enabled and stable[22m
[2m  - element was detached from the DOM, retrying[22m

Tip: Use "Set Browser Timeout" for increasing the timeout or double check your locator as the targeted element(s) couldn't be found.</status>
</kw>
<arg>Click</arg>
<arg>${LINK_REGISTER}</arg>
<doc>Runs the given keyword with the given arguments and ignores possible error.</doc>
<status status="PASS" start="2025-12-28T18:08:55.184494" elapsed="20.194134"/>
</kw>
<kw name="Wait For Elements State" owner="Browser">
<msg time="2025-12-28T18:09:15.385630" level="INFO">Waited for Element with selector css=input[name="username"] at state visible</msg>
<arg>${REG_USERNAME}</arg>
<arg>visible</arg>
<tag>PageContent</tag>
<tag>Wait</tag>
<doc>Waits for the element found by ``selector`` to satisfy state option.</doc>
<status status="PASS" start="2025-12-28T18:09:15.378628" elapsed="0.008002"/>
</kw>
<status status="PASS" start="2025-12-28T18:08:54.904717" elapsed="20.481913"/>
</kw>
<kw name="Fill Text" owner="Browser">
<msg time="2025-12-28T18:09:15.387630" level="INFO">Fills the text 'user-1766938134' in the given field.</msg>
<arg>${REG_USERNAME}</arg>
<arg>${username}</arg>
<tag>PageContent</tag>
<tag>Setter</tag>
<doc>Clears and fills the given ``txt`` into the text field found by ``selector``.</doc>
<status status="PASS" start="2025-12-28T18:09:15.386630" elapsed="0.021000"/>
</kw>
<kw name="Fill Text" owner="Browser">
<msg time="2025-12-28T18:09:15.409629" level="INFO">Fills the text 'TestPass123!' in the given field.</msg>
<arg>${REG_PASSWORD}</arg>
<arg>${password}</arg>
<tag>PageContent</tag>
<tag>Setter</tag>
<doc>Clears and fills the given ``txt`` into the text field found by ``selector``.</doc>
<status status="PASS" start="2025-12-28T18:09:15.408631" elapsed="0.013999"/>
</kw>
<kw name="Run Keyword And Ignore Error" owner="BuiltIn">
<kw name="Fill Text" owner="Browser">
<msg time="2025-12-28T18:09:15.423662" level="INFO">Fills the text 'TestPass123!' in the given field.</msg>
<msg time="2025-12-28T18:09:35.558229" level="INFO" html="true">&lt;/td&gt;&lt;/tr&gt;&lt;tr&gt;&lt;td colspan="3"&gt;&lt;a href="browser/screenshot/fail-screenshot-13.png" target="_blank"&gt;&lt;img src="browser/screenshot/fail-screenshot-13.png" width="800px"/&gt;&lt;/a&gt;</msg>
<msg time="2025-12-28T18:09:35.558229" level="INFO">See also file:///D:/JAMK/Software%20Testing/project/test/e2e-tests/results/playwright-log.txt for additional details.</msg>
<msg time="2025-12-28T18:09:35.558229" level="FAIL">TimeoutError: locator.fill: Timeout 20000ms exceeded.
Call log:
  [2m- waiting for locator('input[name="passwordConfirmation"]')[22m

Tip: Use "Set Browser Timeout" for increasing the timeout or double check your locator as the targeted element(s) couldn't be found.</msg>
<arg>${REG_PASSWORD2}</arg>
<arg>${password}</arg>
<tag>PageContent</tag>
<tag>Setter</tag>
<doc>Clears and fills the given ``txt`` into the text field found by ``selector``.</doc>
<status status="FAIL" start="2025-12-28T18:09:15.422630" elapsed="20.136602">TimeoutError: locator.fill: Timeout 20000ms exceeded.
Call log:
  [2m- waiting for locator('input[name="passwordConfirmation"]')[22m

Tip: Use "Set Browser Timeout" for increasing the timeout or double check your locator as the targeted element(s) couldn't be found.</status>
</kw>
<arg>Fill Text</arg>
<arg>${REG_PASSWORD2}</arg>
<arg>${password}</arg>
<doc>Runs the given keyword with the given arguments and ignores possible error.</doc>
<status status="PASS" start="2025-12-28T18:09:15.422630" elapsed="20.136602"/>
</kw>
<kw name="Press Keys" owner="Browser">
<arg>${REG_PASSWORD}</arg>
<arg>Enter</arg>
<tag>PageContent</tag>
<tag>Setter</tag>
<doc>Types the given key combination into element found by ``selector``.</doc>
<status status="PASS" start="2025-12-28T18:09:35.559232" elapsed="0.018969"/>
</kw>
<kw name="Go To Login" owner="app">
<kw name="Go To" owner="Browser">
<msg time="2025-12-28T18:09:35.639719" level="INFO">Successfully opened URL http://localhost/</msg>
<arg>${BASE_URL}</arg>
<tag>BrowserControl</tag>
<tag>Setter</tag>
<doc>Navigates to the given ``url``.</doc>
<status status="PASS" start="2025-12-28T18:09:35.579210" elapsed="0.061519"/>
</kw>
<kw name="Wait For Elements State" owner="Browser">
<msg time="2025-12-28T18:09:35.712004" level="INFO">Waited for Element with selector css=button:has-text("Login") at state visible</msg>
<arg>${BTN_LOGIN}</arg>
<arg>visible</arg>
<arg>timeout=20s</arg>
<tag>PageContent</tag>
<tag>Wait</tag>
<doc>Waits for the element found by ``selector`` to satisfy state option.</doc>
<status status="PASS" start="2025-12-28T18:09:35.640729" elapsed="0.071275"/>
</kw>
<kw name="Wait For Elements State" owner="Browser">
<msg time="2025-12-28T18:09:35.720521" level="INFO">Waited for Element with selector css=input[name="username"] at state visible</msg>
<arg>${LOGIN_USERNAME}</arg>
<arg>visible</arg>
<arg>timeout=20s</arg>
<tag>PageContent</tag>
<tag>Wait</tag>
<doc>Waits for the element found by ``selector`` to satisfy state option.</doc>
<status status="PASS" start="2025-12-28T18:09:35.712004" elapsed="0.008517"/>
</kw>
<status status="PASS" start="2025-12-28T18:09:35.579210" elapsed="0.141311"/>
</kw>
<arg>${u}</arg>
<arg>${pw}</arg>
<status status="PASS" start="2025-12-28T18:08:54.904717" elapsed="40.816803"/>
</kw>
<kw name="Login" owner="app">
<kw name="Go To Login" owner="app">
<kw name="Go To" owner="Browser">
<msg time="2025-12-28T18:09:35.771062" level="INFO">Successfully opened URL http://localhost/</msg>
<arg>${BASE_URL}</arg>
<tag>BrowserControl</tag>
<tag>Setter</tag>
<doc>Navigates to the given ``url``.</doc>
<status status="PASS" start="2025-12-28T18:09:35.722521" elapsed="0.048541"/>
</kw>
<kw name="Wait For Elements State" owner="Browser">
<msg time="2025-12-28T18:09:35.849217" level="INFO">Waited for Element with selector css=button:has-text("Login") at state visible</msg>
<arg>${BTN_LOGIN}</arg>
<arg>visible</arg>
<arg>timeout=20s</arg>
<tag>PageContent</tag>
<tag>Wait</tag>
<doc>Waits for the element found by ``selector`` to satisfy state option.</doc>
<status status="PASS" start="2025-12-28T18:09:35.772076" elapsed="0.077141"/>
</kw>
<kw name="Wait For Elements State" owner="Browser">
<msg time="2025-12-28T18:09:35.857736" level="INFO">Waited for Element with selector css=input[name="username"] at state visible</msg>
<arg>${LOGIN_USERNAME}</arg>
<arg>visible</arg>
<arg>timeout=20s</arg>
<tag>PageContent</tag>
<tag>Wait</tag>
<doc>Waits for the element found by ``selector`` to satisfy state option.</doc>
<status status="PASS" start="2025-12-28T18:09:35.849217" elapsed="0.008519"/>
</kw>
<status status="PASS" start="2025-12-28T18:09:35.722521" elapsed="0.136216"/>
</kw>
<kw name="Fill Text" owner="Browser">
<msg time="2025-12-28T18:09:35.858737" level="INFO">Fills the text 'user-1766938134' in the given field.</msg>
<arg>${LOGIN_USERNAME}</arg>
<arg>${username}</arg>
<tag>PageContent</tag>
<tag>Setter</tag>
<doc>Clears and fills the given ``txt`` into the text field found by ``selector``.</doc>
<status status="PASS" start="2025-12-28T18:09:35.858737" elapsed="0.015565"/>
</kw>
<kw name="Fill Text" owner="Browser">
<msg time="2025-12-28T18:09:35.875301" level="INFO">Fills the text 'TestPass123!' in the given field.</msg>
<arg>${LOGIN_PASSWORD}</arg>
<arg>${password}</arg>
<tag>PageContent</tag>
<tag>Setter</tag>
<doc>Clears and fills the given ``txt`` into the text field found by ``selector``.</doc>
<status status="PASS" start="2025-12-28T18:09:35.874302" elapsed="0.015694"/>
</kw>
<kw name="Run Keyword And Ignore Error" owner="BuiltIn">
<kw name="Click" owner="Browser">
<msg time="2025-12-28T18:09:35.891013" level="INFO">Clicks the element 'css=button:has-text("Login")'.</msg>
<arg>${BTN_LOGIN}</arg>
<tag>PageContent</tag>
<tag>Setter</tag>
<doc>Simulates mouse click on the element found by ``selector``.</doc>
<status status="PASS" start="2025-12-28T18:09:35.889996" elapsed="0.208855"/>
</kw>
<arg>Click</arg>
<arg>${BTN_LOGIN}</arg>
<doc>Runs the given keyword with the given arguments and ignores possible error.</doc>
<status status="PASS" start="2025-12-28T18:09:35.889996" elapsed="0.208855"/>
</kw>
<kw name="Press Keys" owner="Browser">
<arg>${LOGIN_PASSWORD}</arg>
<arg>Enter</arg>
<tag>PageContent</tag>
<tag>Setter</tag>
<doc>Types the given key combination into element found by ``selector``.</doc>
<status status="PASS" start="2025-12-28T18:09:36.098851" elapsed="0.018042"/>
</kw>
<kw name="Wait Until Keyword Succeeds" owner="BuiltIn">
<kw name="Should Be Logged In" owner="app">
<kw name="Wait For Elements State" owner="Browser">
<msg time="2025-12-28T18:09:36.442879" level="INFO">Waited for Element with selector css=input[name="username"] at state detached</msg>
<arg>${LOGIN_USERNAME}</arg>
<arg>detached</arg>
<tag>PageContent</tag>
<tag>Wait</tag>
<doc>Waits for the element found by ``selector`` to satisfy state option.</doc>
<status status="PASS" start="2025-12-28T18:09:36.118893" elapsed="0.323986"/>
</kw>
<status status="PASS" start="2025-12-28T18:09:36.117900" elapsed="0.324979"/>
</kw>
<arg>15x</arg>
<arg>1s</arg>
<arg>Should Be Logged In</arg>
<doc>Runs the specified keyword and retries if it fails.</doc>
<status status="PASS" start="2025-12-28T18:09:36.117900" elapsed="0.324979"/>
</kw>
<arg>${u}</arg>
<arg>${pw}</arg>
<status status="PASS" start="2025-12-28T18:09:35.721520" elapsed="0.722361"/>
</kw>
<kw name="Unique" owner="app">
<kw name="Get Time" owner="BuiltIn">
<msg time="2025-12-28T18:09:36.444881" level="INFO">${ts} = 1766938176</msg>
<var>${ts}</var>
<arg>epoch</arg>
<doc>Returns the given time in the requested format.</doc>
<status status="PASS" start="2025-12-28T18:09:36.444881" elapsed="0.000000"/>
</kw>
<return>
<value>${prefix}-${ts}</value>
<status status="PASS" start="2025-12-28T18:09:36.444881" elapsed="0.000000"/>
</return>
<msg time="2025-12-28T18:09:36.444881" level="INFO">${list} = List-1766938176</msg>
<var>${list}</var>
<arg>List</arg>
<status status="PASS" start="2025-12-28T18:09:36.443881" elapsed="0.001000"/>
</kw>
<kw name="Create List" owner="app">
<kw name="Wait Until Keyword Succeeds" owner="BuiltIn">
<kw name="Open New List Form" owner="app">
<kw name="Run Keyword And Ignore Error" owner="BuiltIn">
<kw name="Wait For Elements State" owner="Browser">
<msg time="2025-12-28T18:09:37.066818" level="INFO" html="true">&lt;/td&gt;&lt;/tr&gt;&lt;tr&gt;&lt;td colspan="3"&gt;&lt;a href="browser/screenshot/fail-screenshot-14.png" target="_blank"&gt;&lt;img src="browser/screenshot/fail-screenshot-14.png" width="800px"/&gt;&lt;/a&gt;</msg>
<msg time="2025-12-28T18:09:37.066818" level="INFO">See also file:///D:/JAMK/Software%20Testing/project/test/e2e-tests/results/playwright-log.txt for additional details.</msg>
<msg time="2025-12-28T18:09:37.066818" level="FAIL">TimeoutError: locator.waitFor: Timeout 500ms exceeded.
Call log:
  [2m- waiting for locator('input#name') to be visible[22m

Tip: Use "Set Browser Timeout" for increasing the timeout or double check your locator as the targeted element(s) couldn't be found.</msg>
<arg>${FIELD_LIST_NAME}</arg>
<arg>visible</arg>
<arg>timeout=500ms</arg>
<tag>PageContent</tag>
<tag>Wait</tag>
<doc>Waits for the element found by ``selector`` to satisfy state option.</doc>
<status status="FAIL" start="2025-12-28T18:09:36.446882" elapsed="0.621904">TimeoutError: locator.waitFor: Timeout 500ms exceeded.
Call log:
  [2m- waiting for locator('input#name') to be visible[22m

Tip: Use "Set Browser Timeout" for increasing the timeout or double check your locator as the targeted element(s) couldn't be found.</status>
</kw>
<msg time="2025-12-28T18:09:37.069817" level="INFO">${status} = FAIL</msg>
<msg time="2025-12-28T18:09:37.069817" level="INFO">${msg} = TimeoutError: locator.waitFor: Timeout 500ms exceeded.
Call log:
  [2m- waiting for locator('input#name') to be visible[22m

Tip: Use "Set Browser Timeout" for increasing the timeout or double check...</msg>
<var>${status}</var>
<var>${msg}</var>
<arg>Wait For Elements State</arg>
<arg>${FIELD_LIST_NAME}</arg>
<arg>visible</arg>
<arg>timeout=500ms</arg>
<doc>Runs the given keyword with the given arguments and ignores possible error.</doc>
<status status="PASS" start="2025-12-28T18:09:36.446882" elapsed="0.622935"/>
</kw>
<if>
<branch type="IF" condition="'${status}' == 'PASS'">
<return>
<status status="NOT RUN" start="2025-12-28T18:09:37.069817" elapsed="0.000000"/>
</return>
<status status="NOT RUN" start="2025-12-28T18:09:37.069817" elapsed="0.000000"/>
</branch>
<status status="PASS" start="2025-12-28T18:09:37.069817" elapsed="0.000000"/>
</if>
<kw name="Click" owner="Browser">
<msg time="2025-12-28T18:09:37.070819" level="INFO">Clicks the element 'css=button:has-text("New todo list")'.</msg>
<arg>${BTN_NEW_TODO_LIST}</arg>
<tag>PageContent</tag>
<tag>Setter</tag>
<doc>Simulates mouse click on the element found by ``selector``.</doc>
<status status="PASS" start="2025-12-28T18:09:37.069817" elapsed="0.050659"/>
</kw>
<kw name="Wait For Elements State" owner="Browser">
<msg time="2025-12-28T18:09:37.129440" level="INFO">Waited for Element with selector css=input#name at state visible</msg>
<arg>${FIELD_LIST_NAME}</arg>
<arg>visible</arg>
<arg>timeout=2s</arg>
<tag>PageContent</tag>
<tag>Wait</tag>
<doc>Waits for the element found by ``selector`` to satisfy state option.</doc>
<status status="PASS" start="2025-12-28T18:09:37.121477" elapsed="0.007963"/>
</kw>
<status status="PASS" start="2025-12-28T18:09:36.446882" elapsed="0.682558"/>
</kw>
<arg>5x</arg>
<arg>500ms</arg>
<arg>Open New List Form</arg>
<doc>Runs the specified keyword and retries if it fails.</doc>
<status status="PASS" start="2025-12-28T18:09:36.445881" elapsed="0.683559"/>
</kw>
<kw name="Fill Text" owner="Browser">
<msg time="2025-12-28T18:09:37.130440" level="INFO">Fills the text 'List-1766938176' in the given field.</msg>
<arg>${FIELD_LIST_NAME}</arg>
<arg>${name}</arg>
<tag>PageContent</tag>
<tag>Setter</tag>
<doc>Clears and fills the given ``txt`` into the text field found by ``selector``.</doc>
<status status="PASS" start="2025-12-28T18:09:37.130440" elapsed="0.015004"/>
</kw>
<kw name="Fill Text" owner="Browser">
<msg time="2025-12-28T18:09:37.146443" level="INFO">Fills the text 'Desc' in the given field.</msg>
<arg>${FIELD_LIST_DESC}</arg>
<arg>${desc}</arg>
<tag>PageContent</tag>
<tag>Setter</tag>
<doc>Clears and fills the given ``txt`` into the text field found by ``selector``.</doc>
<status status="PASS" start="2025-12-28T18:09:37.145444" elapsed="0.022209"/>
</kw>
<kw name="Wait Until Keyword Succeeds" owner="BuiltIn">
<kw name="Click Create List Button" owner="app">
<kw name="Wait For Elements State" owner="Browser">
<msg time="2025-12-28T18:09:37.181456" level="INFO">Waited for Element with selector css=:has(#name) button:has-text("Create") at state visible</msg>
<arg>${BTN_CREATE_LIST}</arg>
<arg>visible</arg>
<tag>PageContent</tag>
<tag>Wait</tag>
<doc>Waits for the element found by ``selector`` to satisfy state option.</doc>
<status status="PASS" start="2025-12-28T18:09:37.169658" elapsed="0.011798"/>
</kw>
<kw name="Click" owner="Browser">
<msg time="2025-12-28T18:09:37.182412" level="INFO">Clicks the element 'css=:has(#name) button:has-text("Create")'.</msg>
<arg>${BTN_CREATE_LIST}</arg>
<tag>PageContent</tag>
<tag>Setter</tag>
<doc>Simulates mouse click on the element found by ``selector``.</doc>
<status status="PASS" start="2025-12-28T18:09:37.181456" elapsed="0.035369"/>
</kw>
<status status="PASS" start="2025-12-28T18:09:37.168658" elapsed="0.048167"/>
</kw>
<arg>10x</arg>
<arg>500ms</arg>
<arg>Click Create List Button</arg>
<doc>Runs the specified keyword and retries if it fails.</doc>
<status status="PASS" start="2025-12-28T18:09:37.168658" elapsed="0.048167"/>
</kw>
<kw name="Wait For Elements State" owner="Browser">
<msg time="2025-12-28T18:09:37.262570" level="INFO">Waited for Element with selector css=a:has-text("List-1766938176") at state visible</msg>
<arg>css=a:has-text("${name}")</arg>
<arg>visible</arg>
<tag>PageContent</tag>
<tag>Wait</tag>
<doc>Waits for the element found by ``selector`` to satisfy state option.</doc>
<status status="PASS" start="2025-12-28T18:09:37.216825" elapsed="0.045745"/>
</kw>
<arg>${list}</arg>
<arg>Desc</arg>
<status status="PASS" start="2025-12-28T18:09:36.445881" elapsed="0.817248"/>
</kw>
<tag>smoke</tag>
<status status="PASS" start="2025-12-28T18:08:52.525740" elapsed="44.737938"/>
</test>
<kw name="Close App" owner="app" type="TEARDOWN">
<kw name="Close Browser" owner="Browser">
<msg time="2025-12-28T18:09:37.411442" level="INFO">Closed browser</msg>
<tag>BrowserControl</tag>
<tag>Setter</tag>
<doc>Closes the current browser.</doc>
<status status="PASS" start="2025-12-28T18:09:37.274506" elapsed="0.137898"/>
</kw>
<status status="PASS" start="2025-12-28T18:09:37.274506" elapsed="0.137898"/>
</kw>
<status status="PASS" start="2025-12-28T18:08:09.453748" elapsed="87.958656"/>
</suite>
<status status="PASS" start="2025-12-28T18:06:00.777123" elapsed="216.668278"/>
</suite>
<statistics>
<total>
<stat pass="5" fail="0" skip="0">All Tests</stat>
</total>
<tag>
<stat pass="4" fail="0" skip="0">smoke</stat>
</tag>
<suite>
<stat pass="5" fail="0" skip="0" id="s1" name="Auth &amp; Lists">Auth &amp; Lists</stat>
<stat pass="3" fail="0" skip="0" id="s1-s1" name="Auth">Auth &amp; Lists.Auth</stat>
<stat pass="2" fail="0" skip="0" id="s1-s2" name="Lists">Auth &amp; Lists.Lists</stat>
</suite>
</statistics>
<errors>
</errors>
</robot>
